This file contains any messages produced by compilers while
running configure, to aid debugging if configure makes a mistake.

It was created by configure, which was
generated by GNU Autoconf 2.53.  Invocation command line was

  $ ./configure CFLAGS=-g3 -O0

## --------- ##
## Platform. ##
## --------- ##

hostname = localhost.localdomain
uname -m = x86_64
uname -r = 2.6.32-431.1.ky3.1.x86_64
uname -s = Linux
uname -v = #1 SMP Mon Dec 30 18:09:37 CST 2013

/usr/bin/uname -p = unknown
/bin/uname -X     = unknown

/bin/arch              = x86_64
/usr/bin/arch -k       = unknown
/usr/convex/getsysinfo = unknown
hostinfo               = unknown
/bin/machine           = unknown
/usr/bin/oslevel       = unknown
/bin/universe          = unknown

PATH: /usr/lib64/qt-3.3/bin
PATH: /usr/local/sbin
PATH: /usr/sbin
PATH: /sbin
PATH: /usr/local/bin
PATH: /usr/bin
PATH: /bin
PATH: /root/bin


## ----------- ##
## Core tests. ##
## ----------- ##

configure:1241: checking for gcc
configure:1257: found /usr/bin/gcc
configure:1267: result: gcc
configure:1511: checking for C compiler version
configure:1514: gcc --version </dev/null >&5
gcc (GCC) 4.4.7 20120313 (Red Hat 4.4.7-4)
Copyright (C) 2010 Free Software Foundation, Inc.
This is free software; see the source for copying conditions.  There is NO
warranty; not even for MERCHANTABILITY or FITNESS FOR A PARTICULAR PURPOSE.

configure:1517: $? = 0
configure:1519: gcc -v </dev/null >&5
Using built-in specs.
Target: x86_64-kylin-linux
Configured with: ../configure --prefix=/usr --mandir=/usr/share/man --infodir=/usr/share/info --with-bugurl=http://bugzilla.redhat.com/bugzilla --enable-bootstrap --enable-shared --enable-threads=posix --enable-checking=release --with-system-zlib --enable-__cxa_atexit --disable-libunwind-exceptions --enable-gnu-unique-object --enable-languages=c,c++,objc,obj-c++,java,fortran,ada --enable-java-awt=gtk --disable-dssi --with-java-home=/usr/lib/jvm/java-1.5.0-gcj-1.5.0.0/jre --enable-libgcj-multifile --enable-java-maintainer-mode --with-ecj-jar=/usr/share/java/eclipse-ecj.jar --disable-libjava-multilib --with-ppl --with-cloog --with-tune=generic --with-arch_32=i686 --build=x86_64-kylin-linux
Thread model: posix
gcc version 4.4.7 20120313 (Red Hat 4.4.7-4) (GCC) 
configure:1522: $? = 0
configure:1524: gcc -V </dev/null >&5
gcc: '-V' option must have argument
configure:1527: $? = 1
configure:1553: checking for C compiler default output
configure:1556: gcc -g3 -O0   conftest.c  >&5
configure:1559: $? = 0
configure:1592: result: a.out
configure:1597: checking whether the C compiler works
configure:1603: ./a.out
configure:1606: $? = 0
configure:1621: result: yes
configure:1628: checking whether we are cross compiling
configure:1630: result: no
configure:1633: checking for suffix of executables
configure:1635: gcc -o conftest -g3 -O0   conftest.c  >&5
configure:1638: $? = 0
configure:1660: result: 
configure:1666: checking for suffix of object files
configure:1690: gcc -c -g3 -O0  conftest.c >&5
configure:1693: $? = 0
configure:1712: result: o
configure:1716: checking whether we are using the GNU C compiler
configure:1743: gcc -c -g3 -O0  conftest.c >&5
configure:1746: $? = 0
configure:1749: test -s conftest.o
configure:1752: $? = 0
configure:1764: result: yes
configure:1770: checking whether gcc accepts -g
configure:1794: gcc -c -g  conftest.c >&5
configure:1797: $? = 0
configure:1800: test -s conftest.o
configure:1803: $? = 0
configure:1813: result: yes
configure:1840: gcc -c -g3 -O0  conftest.c >&5
conftest.c:2: error: expected '=', ',', ';', 'asm' or '__attribute__' before 'me'
configure:1843: $? = 1
configure: failed program was:
#ifndef __cplusplus
  choke me
#endif
configure:1954: checking for library containing strerror
configure:1987: gcc -o conftest -g3 -O0   conftest.c  >&5
configure:1990: $? = 0
configure:1993: test -s conftest
configure:1996: $? = 0
configure:2055: result: none required
configure:2067: checking how to run the C preprocessor
configure:2093: gcc -E  conftest.c
configure:2099: $? = 0
configure:2126: gcc -E  conftest.c
configure:2122:28: error: ac_nonexistent.h: No such file or directory
configure:2132: $? = 1
configure: failed program was:
#line 2121 "configure"
#include "confdefs.h"
#include <ac_nonexistent.h>
configure:2169: result: gcc -E
configure:2184: gcc -E  conftest.c
configure:2190: $? = 0
configure:2217: gcc -E  conftest.c
configure:2213:28: error: ac_nonexistent.h: No such file or directory
configure:2223: $? = 1
configure: failed program was:
#line 2212 "configure"
#include "confdefs.h"
#include <ac_nonexistent.h>
configure:2264: checking for AIX
configure:2283: result: no
configure:2289: checking for ANSI C header files
configure:2303: gcc -E  conftest.c
configure:2309: $? = 0
configure:2396: gcc -o conftest -g3 -O0   conftest.c  >&5
configure: In function 'main':
configure:2387: warning: incompatible implicit declaration of built-in function 'exit'
configure:2399: $? = 0
configure:2401: ./conftest
configure:2404: $? = 0
configure:2418: result: yes
configure:2442: checking for sys/types.h
configure:2455: gcc -c -g3 -O0  conftest.c >&5
configure:2458: $? = 0
configure:2461: test -s conftest.o
configure:2464: $? = 0
configure:2474: result: yes
configure:2442: checking for sys/stat.h
configure:2455: gcc -c -g3 -O0  conftest.c >&5
configure:2458: $? = 0
configure:2461: test -s conftest.o
configure:2464: $? = 0
configure:2474: result: yes
configure:2442: checking for stdlib.h
configure:2455: gcc -c -g3 -O0  conftest.c >&5
configure:2458: $? = 0
configure:2461: test -s conftest.o
configure:2464: $? = 0
configure:2474: result: yes
configure:2442: checking for string.h
configure:2455: gcc -c -g3 -O0  conftest.c >&5
configure:2458: $? = 0
configure:2461: test -s conftest.o
configure:2464: $? = 0
configure:2474: result: yes
configure:2442: checking for memory.h
configure:2455: gcc -c -g3 -O0  conftest.c >&5
configure:2458: $? = 0
configure:2461: test -s conftest.o
configure:2464: $? = 0
configure:2474: result: yes
configure:2442: checking for strings.h
configure:2455: gcc -c -g3 -O0  conftest.c >&5
configure:2458: $? = 0
configure:2461: test -s conftest.o
configure:2464: $? = 0
configure:2474: result: yes
configure:2442: checking for inttypes.h
configure:2455: gcc -c -g3 -O0  conftest.c >&5
configure:2458: $? = 0
configure:2461: test -s conftest.o
configure:2464: $? = 0
configure:2474: result: yes
configure:2442: checking for stdint.h
configure:2455: gcc -c -g3 -O0  conftest.c >&5
configure:2458: $? = 0
configure:2461: test -s conftest.o
configure:2464: $? = 0
configure:2474: result: yes
configure:2442: checking for unistd.h
configure:2455: gcc -c -g3 -O0  conftest.c >&5
configure:2458: $? = 0
configure:2461: test -s conftest.o
configure:2464: $? = 0
configure:2474: result: yes
configure:2496: checking minix/config.h usability
configure:2505: gcc -c -g3 -O0  conftest.c >&5
configure:2533:26: error: minix/config.h: No such file or directory
configure:2508: $? = 1
configure: failed program was:
#line 2498 "configure"
#include "confdefs.h"
#include <stdio.h>
#if HAVE_SYS_TYPES_H
# include <sys/types.h>
#endif
#if HAVE_SYS_STAT_H
# include <sys/stat.h>
#endif
#if STDC_HEADERS
# include <stdlib.h>
# include <stddef.h>
#else
# if HAVE_STDLIB_H
#  include <stdlib.h>
# endif
#endif
#if HAVE_STRING_H
# if !STDC_HEADERS && HAVE_MEMORY_H
#  include <memory.h>
# endif
# include <string.h>
#endif
#if HAVE_STRINGS_H
# include <strings.h>
#endif
#if HAVE_INTTYPES_H
# include <inttypes.h>
#else
# if HAVE_STDINT_H
#  include <stdint.h>
# endif
#endif
#if HAVE_UNISTD_H
# include <unistd.h>
#endif
#include <minix/config.h>
configure:2523: result: no
configure:2527: checking minix/config.h presence
configure:2534: gcc -E  conftest.c
configure:2530:26: error: minix/config.h: No such file or directory
configure:2540: $? = 1
configure: failed program was:
#line 2529 "configure"
#include "confdefs.h"
#include <minix/config.h>
configure:2558: result: no
configure:2576: checking for minix/config.h
configure:2583: result: no
configure:2658: checking for gcc
configure:2684: result: gcc
configure:2928: checking for C compiler version
configure:2931: gcc --version </dev/null >&5
gcc (GCC) 4.4.7 20120313 (Red Hat 4.4.7-4)
Copyright (C) 2010 Free Software Foundation, Inc.
This is free software; see the source for copying conditions.  There is NO
warranty; not even for MERCHANTABILITY or FITNESS FOR A PARTICULAR PURPOSE.

configure:2934: $? = 0
configure:2936: gcc -v </dev/null >&5
Using built-in specs.
Target: x86_64-kylin-linux
Configured with: ../configure --prefix=/usr --mandir=/usr/share/man --infodir=/usr/share/info --with-bugurl=http://bugzilla.redhat.com/bugzilla --enable-bootstrap --enable-shared --enable-threads=posix --enable-checking=release --with-system-zlib --enable-__cxa_atexit --disable-libunwind-exceptions --enable-gnu-unique-object --enable-languages=c,c++,objc,obj-c++,java,fortran,ada --enable-java-awt=gtk --disable-dssi --with-java-home=/usr/lib/jvm/java-1.5.0-gcj-1.5.0.0/jre --enable-libgcj-multifile --enable-java-maintainer-mode --with-ecj-jar=/usr/share/java/eclipse-ecj.jar --disable-libjava-multilib --with-ppl --with-cloog --with-tune=generic --with-arch_32=i686 --build=x86_64-kylin-linux
Thread model: posix
gcc version 4.4.7 20120313 (Red Hat 4.4.7-4) (GCC) 
configure:2939: $? = 0
configure:2941: gcc -V </dev/null >&5
gcc: '-V' option must have argument
configure:2944: $? = 1
configure:2947: checking whether we are using the GNU C compiler
configure:2995: result: yes
configure:3001: checking whether gcc accepts -g
configure:3044: result: yes
configure:3071: gcc -c -g3 -O0  conftest.c >&5
conftest.c:2: error: expected '=', ',', ';', 'asm' or '__attribute__' before 'me'
configure:3074: $? = 1
configure: failed program was:
#ifndef __cplusplus
  choke me
#endif
configure:3196: checking for gcc option to accept ANSI C
configure:3259: gcc  -c -g3 -O0 -D_XPG4_2 -D_XOPEN_SOURCE -D__EXTENSIONS__ -D_BSD_SOURCE -D_ISO9X_SOURCE -D_OSF_SOURCE -D_XOPEN_SOURCE_EXTENDED  conftest.c >&5
configure:3262: $? = 0
configure:3265: test -s conftest.o
configure:3268: $? = 0
configure:3285: result: none needed
configure:3293: checking for an ANSI C-conforming const
configure:3363: gcc -c -g3 -O0 -D_XPG4_2 -D_XOPEN_SOURCE -D__EXTENSIONS__ -D_BSD_SOURCE -D_ISO9X_SOURCE -D_OSF_SOURCE -D_XOPEN_SOURCE_EXTENDED  conftest.c >&5
configure:3366: $? = 0
configure:3369: test -s conftest.o
configure:3372: $? = 0
configure:3382: result: yes
configure:3392: checking for inline
configure:3409: gcc -c -g3 -O0 -D_XPG4_2 -D_XOPEN_SOURCE -D__EXTENSIONS__ -D_BSD_SOURCE -D_ISO9X_SOURCE -D_OSF_SOURCE -D_XOPEN_SOURCE_EXTENDED  conftest.c >&5
configure:3412: $? = 0
configure:3415: test -s conftest.o
configure:3418: $? = 0
configure:3429: result: inline
configure:3452: checking for special C compiler options needed for large files
configure:3532: result: no
configure:3538: checking for _FILE_OFFSET_BITS value needed for large files
configure:3572: gcc -c -g3 -O0 -D_XPG4_2 -D_XOPEN_SOURCE -D__EXTENSIONS__ -D_BSD_SOURCE -D_ISO9X_SOURCE -D_OSF_SOURCE -D_XOPEN_SOURCE_EXTENDED  conftest.c >&5
configure:3575: $? = 0
configure:3578: test -s conftest.o
configure:3581: $? = 0
configure:3637: result: no
configure:3647: checking for _LARGE_FILES value needed for large files
configure:3681: gcc -c -g3 -O0 -D_XPG4_2 -D_XOPEN_SOURCE -D__EXTENSIONS__ -D_BSD_SOURCE -D_ISO9X_SOURCE -D_OSF_SOURCE -D_XOPEN_SOURCE_EXTENDED  conftest.c >&5
configure:3684: $? = 0
configure:3687: test -s conftest.o
configure:3690: $? = 0
configure:3746: result: no
configure:3759: checking if gcc accepts -W
configure:3782: gcc -c -g3 -O0 -D_XPG4_2 -D_XOPEN_SOURCE -D__EXTENSIONS__ -D_BSD_SOURCE -D_ISO9X_SOURCE -D_OSF_SOURCE -D_XOPEN_SOURCE_EXTENDED -W  conftest.c >&5
configure:3785: $? = 0
configure:3788: test -s conftest.o
configure:3791: $? = 0
configure:3793: result: yes
configure:3803: checking if gcc accepts -Wall
configure:3826: gcc -c -g3 -O0 -D_XPG4_2 -D_XOPEN_SOURCE -D__EXTENSIONS__ -D_BSD_SOURCE -D_ISO9X_SOURCE -D_OSF_SOURCE -D_XOPEN_SOURCE_EXTENDED -W -Wall  conftest.c >&5
configure:3829: $? = 0
configure:3832: test -s conftest.o
configure:3835: $? = 0
configure:3837: result: yes
configure:3847: checking if gcc accepts -Wpointer-arith
configure:3870: gcc -c -g3 -O0 -D_XPG4_2 -D_XOPEN_SOURCE -D__EXTENSIONS__ -D_BSD_SOURCE -D_ISO9X_SOURCE -D_OSF_SOURCE -D_XOPEN_SOURCE_EXTENDED -W -Wall -Wpointer-arith  conftest.c >&5
configure:3873: $? = 0
configure:3876: test -s conftest.o
configure:3879: $? = 0
configure:3881: result: yes
configure:3891: checking if gcc accepts -Wbad-function-cast
configure:3914: gcc -c -g3 -O0 -D_XPG4_2 -D_XOPEN_SOURCE -D__EXTENSIONS__ -D_BSD_SOURCE -D_ISO9X_SOURCE -D_OSF_SOURCE -D_XOPEN_SOURCE_EXTENDED -W -Wall -Wpointer-arith -Wbad-function-cast  conftest.c >&5
configure:3917: $? = 0
configure:3920: test -s conftest.o
configure:3923: $? = 0
configure:3925: result: yes
configure:3935: checking if gcc accepts -Wcast-equal
configure:3958: gcc -c -g3 -O0 -D_XPG4_2 -D_XOPEN_SOURCE -D__EXTENSIONS__ -D_BSD_SOURCE -D_ISO9X_SOURCE -D_OSF_SOURCE -D_XOPEN_SOURCE_EXTENDED -W -Wall -Wpointer-arith -Wbad-function-cast -Wcast-equal  conftest.c >&5
cc1: error: unrecognized command line option "-Wcast-equal"
configure:3961: $? = 1
configure: failed program was:
#line 3939 "configure"
#include "confdefs.h"
#include <stdio.h>
#ifdef F77_DUMMY_MAIN
#  ifdef __cplusplus
     extern "C"
#  endif
   int F77_DUMMY_MAIN() { return 1; }
#endif
int
main ()
{
printf("Hello, World!\n");
  ;
  return 0;
}
configure:3974: result: no
configure:3979: checking if gcc accepts -Wstrict-prototypes
configure:4002: gcc -c -g3 -O0 -D_XPG4_2 -D_XOPEN_SOURCE -D__EXTENSIONS__ -D_BSD_SOURCE -D_ISO9X_SOURCE -D_OSF_SOURCE -D_XOPEN_SOURCE_EXTENDED -W -Wall -Wpointer-arith -Wbad-function-cast -Wstrict-prototypes  conftest.c >&5
configure:3993: warning: function declaration isn't a prototype
configure:4005: $? = 0
configure:4008: test -s conftest.o
configure:4011: $? = 0
configure:4013: result: yes
configure:4023: checking if gcc accepts -Wmissing-prototypes
configure:4046: gcc -c -g3 -O0 -D_XPG4_2 -D_XOPEN_SOURCE -D__EXTENSIONS__ -D_BSD_SOURCE -D_ISO9X_SOURCE -D_OSF_SOURCE -D_XOPEN_SOURCE_EXTENDED -W -Wall -Wpointer-arith -Wbad-function-cast -Wstrict-prototypes -Wmissing-prototypes  conftest.c >&5
configure:4037: warning: function declaration isn't a prototype
configure:4049: $? = 0
configure:4052: test -s conftest.o
configure:4055: $? = 0
configure:4057: result: yes
configure:4067: checking if gcc accepts -Wmissing-declarations
configure:4090: gcc -c -g3 -O0 -D_XPG4_2 -D_XOPEN_SOURCE -D__EXTENSIONS__ -D_BSD_SOURCE -D_ISO9X_SOURCE -D_OSF_SOURCE -D_XOPEN_SOURCE_EXTENDED -W -Wall -Wpointer-arith -Wbad-function-cast -Wstrict-prototypes -Wmissing-prototypes -Wmissing-declarations  conftest.c >&5
configure:4081: warning: function declaration isn't a prototype
configure:4093: $? = 0
configure:4096: test -s conftest.o
configure:4099: $? = 0
configure:4101: result: yes
configure:4111: checking if gcc accepts -Wnested-externs
configure:4134: gcc -c -g3 -O0 -D_XPG4_2 -D_XOPEN_SOURCE -D__EXTENSIONS__ -D_BSD_SOURCE -D_ISO9X_SOURCE -D_OSF_SOURCE -D_XOPEN_SOURCE_EXTENDED -W -Wall -Wpointer-arith -Wbad-function-cast -Wstrict-prototypes -Wmissing-prototypes -Wmissing-declarations -Wnested-externs  conftest.c >&5
configure:4125: warning: function declaration isn't a prototype
configure:4137: $? = 0
configure:4140: test -s conftest.o
configure:4143: $? = 0
configure:4145: result: yes
configure:4155: checking if gcc accepts -Winline
configure:4178: gcc -c -g3 -O0 -D_XPG4_2 -D_XOPEN_SOURCE -D__EXTENSIONS__ -D_BSD_SOURCE -D_ISO9X_SOURCE -D_OSF_SOURCE -D_XOPEN_SOURCE_EXTENDED -W -Wall -Wpointer-arith -Wbad-function-cast -Wstrict-prototypes -Wmissing-prototypes -Wmissing-declarations -Wnested-externs -Winline  conftest.c >&5
configure:4169: warning: function declaration isn't a prototype
configure:4181: $? = 0
configure:4184: test -s conftest.o
configure:4187: $? = 0
configure:4189: result: yes
configure:4199: checking if gcc accepts -Wwrite-strings
configure:4222: gcc -c -g3 -O0 -D_XPG4_2 -D_XOPEN_SOURCE -D__EXTENSIONS__ -D_BSD_SOURCE -D_ISO9X_SOURCE -D_OSF_SOURCE -D_XOPEN_SOURCE_EXTENDED -W -Wall -Wpointer-arith -Wbad-function-cast -Wstrict-prototypes -Wmissing-prototypes -Wmissing-declarations -Wnested-externs -Winline -Wwrite-strings  conftest.c >&5
configure:4213: warning: function declaration isn't a prototype
configure:4225: $? = 0
configure:4228: test -s conftest.o
configure:4231: $? = 0
configure:4233: result: yes
configure:4243: checking if gcc accepts -Wundef
configure:4266: gcc -c -g3 -O0 -D_XPG4_2 -D_XOPEN_SOURCE -D__EXTENSIONS__ -D_BSD_SOURCE -D_ISO9X_SOURCE -D_OSF_SOURCE -D_XOPEN_SOURCE_EXTENDED -W -Wall -Wpointer-arith -Wbad-function-cast -Wstrict-prototypes -Wmissing-prototypes -Wmissing-declarations -Wnested-externs -Winline -Wwrite-strings -Wundef  conftest.c >&5
configure:4257: warning: function declaration isn't a prototype
configure:4269: $? = 0
configure:4272: test -s conftest.o
configure:4275: $? = 0
configure:4277: result: yes
configure:4287: checking if gcc accepts -Wshadow
configure:4310: gcc -c -g3 -O0 -D_XPG4_2 -D_XOPEN_SOURCE -D__EXTENSIONS__ -D_BSD_SOURCE -D_ISO9X_SOURCE -D_OSF_SOURCE -D_XOPEN_SOURCE_EXTENDED -W -Wall -Wpointer-arith -Wbad-function-cast -Wstrict-prototypes -Wmissing-prototypes -Wmissing-declarations -Wnested-externs -Winline -Wwrite-strings -Wundef -Wshadow  conftest.c >&5
configure:4301: warning: function declaration isn't a prototype
configure:4313: $? = 0
configure:4316: test -s conftest.o
configure:4319: $? = 0
configure:4321: result: yes
configure:4331: checking if gcc accepts -Wsign-compare
configure:4354: gcc -c -g3 -O0 -D_XPG4_2 -D_XOPEN_SOURCE -D__EXTENSIONS__ -D_BSD_SOURCE -D_ISO9X_SOURCE -D_OSF_SOURCE -D_XOPEN_SOURCE_EXTENDED -W -Wall -Wpointer-arith -Wbad-function-cast -Wstrict-prototypes -Wmissing-prototypes -Wmissing-declarations -Wnested-externs -Winline -Wwrite-strings -Wundef -Wshadow -Wsign-compare  conftest.c >&5
configure:4345: warning: function declaration isn't a prototype
configure:4357: $? = 0
configure:4360: test -s conftest.o
configure:4363: $? = 0
configure:4365: result: yes
configure:4375: checking if gcc accepts -pipe
configure:4398: gcc -c -g3 -O0 -D_XPG4_2 -D_XOPEN_SOURCE -D__EXTENSIONS__ -D_BSD_SOURCE -D_ISO9X_SOURCE -D_OSF_SOURCE -D_XOPEN_SOURCE_EXTENDED -W -Wall -Wpointer-arith -Wbad-function-cast -Wstrict-prototypes -Wmissing-prototypes -Wmissing-declarations -Wnested-externs -Winline -Wwrite-strings -Wundef -Wshadow -Wsign-compare -pipe  conftest.c >&5
configure:4389: warning: function declaration isn't a prototype
configure:4401: $? = 0
configure:4404: test -s conftest.o
configure:4407: $? = 0
configure:4409: result: yes
configure:4420: checking for ANSI C header files
configure:4549: result: yes
configure:4564: checking for inttypes.h
configure:4569: result: yes
configure:4678: checking for stdint.h
configure:4683: result: yes
configure:4792: checking for inttypes.h
configure:4797: result: yes
configure:4897: checking if inttypes.h is sane
configure:4922: gcc -o conftest -g3 -O0 -D_XPG4_2 -D_XOPEN_SOURCE -D__EXTENSIONS__ -D_BSD_SOURCE -D_ISO9X_SOURCE -D_OSF_SOURCE -D_XOPEN_SOURCE_EXTENDED -W -Wall -Wpointer-arith -Wbad-function-cast -Wstrict-prototypes -Wmissing-prototypes -Wmissing-declarations -Wnested-externs -Winline -Wwrite-strings -Wundef -Wshadow -Wsign-compare -pipe   conftest.c  >&5
configure:4912: warning: function declaration isn't a prototype
configure:4925: $? = 0
configure:4928: test -s conftest
configure:4931: $? = 0
configure:4933: result: yes
configure:4966: checking fcntl.h usability
configure:4975: gcc -c -g3 -O0 -D_XPG4_2 -D_XOPEN_SOURCE -D__EXTENSIONS__ -D_BSD_SOURCE -D_ISO9X_SOURCE -D_OSF_SOURCE -D_XOPEN_SOURCE_EXTENDED -W -Wall -Wpointer-arith -Wbad-function-cast -Wstrict-prototypes -Wmissing-prototypes -Wmissing-declarations -Wnested-externs -Winline -Wwrite-strings -Wundef -Wshadow -Wsign-compare -pipe  conftest.c >&5
configure:4978: $? = 0
configure:4981: test -s conftest.o
configure:4984: $? = 0
configure:4993: result: yes
configure:4997: checking fcntl.h presence
configure:5004: gcc -E  conftest.c
configure:5010: $? = 0
configure:5028: result: yes
configure:5046: checking for fcntl.h
configure:5053: result: yes
configure:5080: checking grp.h usability
configure:5089: gcc -c -g3 -O0 -D_XPG4_2 -D_XOPEN_SOURCE -D__EXTENSIONS__ -D_BSD_SOURCE -D_ISO9X_SOURCE -D_OSF_SOURCE -D_XOPEN_SOURCE_EXTENDED -W -Wall -Wpointer-arith -Wbad-function-cast -Wstrict-prototypes -Wmissing-prototypes -Wmissing-declarations -Wnested-externs -Winline -Wwrite-strings -Wundef -Wshadow -Wsign-compare -pipe  conftest.c >&5
configure:5092: $? = 0
configure:5095: test -s conftest.o
configure:5098: $? = 0
configure:5107: result: yes
configure:5111: checking grp.h presence
configure:5118: gcc -E  conftest.c
configure:5124: $? = 0
configure:5142: result: yes
configure:5160: checking for grp.h
configure:5167: result: yes
configure:5194: checking libgen.h usability
configure:5203: gcc -c -g3 -O0 -D_XPG4_2 -D_XOPEN_SOURCE -D__EXTENSIONS__ -D_BSD_SOURCE -D_ISO9X_SOURCE -D_OSF_SOURCE -D_XOPEN_SOURCE_EXTENDED -W -Wall -Wpointer-arith -Wbad-function-cast -Wstrict-prototypes -Wmissing-prototypes -Wmissing-declarations -Wnested-externs -Winline -Wwrite-strings -Wundef -Wshadow -Wsign-compare -pipe  conftest.c >&5
configure:5206: $? = 0
configure:5209: test -s conftest.o
configure:5212: $? = 0
configure:5221: result: yes
configure:5225: checking libgen.h presence
configure:5232: gcc -E  conftest.c
configure:5238: $? = 0
configure:5256: result: yes
configure:5274: checking for libgen.h
configure:5281: result: yes
configure:5299: checking for memory.h
configure:5304: result: yes
configure:5422: checking setjmp.h usability
configure:5431: gcc -c -g3 -O0 -D_XPG4_2 -D_XOPEN_SOURCE -D__EXTENSIONS__ -D_BSD_SOURCE -D_ISO9X_SOURCE -D_OSF_SOURCE -D_XOPEN_SOURCE_EXTENDED -W -Wall -Wpointer-arith -Wbad-function-cast -Wstrict-prototypes -Wmissing-prototypes -Wmissing-declarations -Wnested-externs -Winline -Wwrite-strings -Wundef -Wshadow -Wsign-compare -pipe  conftest.c >&5
configure:5434: $? = 0
configure:5437: test -s conftest.o
configure:5440: $? = 0
configure:5449: result: yes
configure:5453: checking setjmp.h presence
configure:5460: gcc -E  conftest.c
configure:5466: $? = 0
configure:5484: result: yes
configure:5502: checking for setjmp.h
configure:5509: result: yes
configure:5536: checking stddef.h usability
configure:5545: gcc -c -g3 -O0 -D_XPG4_2 -D_XOPEN_SOURCE -D__EXTENSIONS__ -D_BSD_SOURCE -D_ISO9X_SOURCE -D_OSF_SOURCE -D_XOPEN_SOURCE_EXTENDED -W -Wall -Wpointer-arith -Wbad-function-cast -Wstrict-prototypes -Wmissing-prototypes -Wmissing-declarations -Wnested-externs -Winline -Wwrite-strings -Wundef -Wshadow -Wsign-compare -pipe  conftest.c >&5
configure:5548: $? = 0
configure:5551: test -s conftest.o
configure:5554: $? = 0
configure:5563: result: yes
configure:5567: checking stddef.h presence
configure:5574: gcc -E  conftest.c
configure:5580: $? = 0
configure:5598: result: yes
configure:5616: checking for stddef.h
configure:5623: result: yes
configure:5641: checking for stdlib.h
configure:5646: result: yes
configure:5755: checking for string.h
configure:5760: result: yes
configure:5869: checking for strings.h
configure:5874: result: yes
configure:5992: checking sysexits.h usability
configure:6001: gcc -c -g3 -O0 -D_XPG4_2 -D_XOPEN_SOURCE -D__EXTENSIONS__ -D_BSD_SOURCE -D_ISO9X_SOURCE -D_OSF_SOURCE -D_XOPEN_SOURCE_EXTENDED -W -Wall -Wpointer-arith -Wbad-function-cast -Wstrict-prototypes -Wmissing-prototypes -Wmissing-declarations -Wnested-externs -Winline -Wwrite-strings -Wundef -Wshadow -Wsign-compare -pipe  conftest.c >&5
configure:6004: $? = 0
configure:6007: test -s conftest.o
configure:6010: $? = 0
configure:6019: result: yes
configure:6023: checking sysexits.h presence
configure:6030: gcc -E  conftest.c
configure:6036: $? = 0
configure:6054: result: yes
configure:6072: checking for sysexits.h
configure:6079: result: yes
configure:6106: checking time.h usability
configure:6115: gcc -c -g3 -O0 -D_XPG4_2 -D_XOPEN_SOURCE -D__EXTENSIONS__ -D_BSD_SOURCE -D_ISO9X_SOURCE -D_OSF_SOURCE -D_XOPEN_SOURCE_EXTENDED -W -Wall -Wpointer-arith -Wbad-function-cast -Wstrict-prototypes -Wmissing-prototypes -Wmissing-declarations -Wnested-externs -Winline -Wwrite-strings -Wundef -Wshadow -Wsign-compare -pipe  conftest.c >&5
configure:6118: $? = 0
configure:6121: test -s conftest.o
configure:6124: $? = 0
configure:6133: result: yes
configure:6137: checking time.h presence
configure:6144: gcc -E  conftest.c
configure:6150: $? = 0
configure:6168: result: yes
configure:6186: checking for time.h
configure:6193: result: yes
configure:6211: checking for unistd.h
configure:6216: result: yes
configure:6334: checking sys/filio.h usability
configure:6343: gcc -c -g3 -O0 -D_XPG4_2 -D_XOPEN_SOURCE -D__EXTENSIONS__ -D_BSD_SOURCE -D_ISO9X_SOURCE -D_OSF_SOURCE -D_XOPEN_SOURCE_EXTENDED -W -Wall -Wpointer-arith -Wbad-function-cast -Wstrict-prototypes -Wmissing-prototypes -Wmissing-declarations -Wnested-externs -Winline -Wwrite-strings -Wundef -Wshadow -Wsign-compare -pipe  conftest.c >&5
configure:6371:23: error: sys/filio.h: No such file or directory
configure:6346: $? = 1
configure: failed program was:
#line 6336 "configure"
#include "confdefs.h"
#include <stdio.h>
#if HAVE_SYS_TYPES_H
# include <sys/types.h>
#endif
#if HAVE_SYS_STAT_H
# include <sys/stat.h>
#endif
#if STDC_HEADERS
# include <stdlib.h>
# include <stddef.h>
#else
# if HAVE_STDLIB_H
#  include <stdlib.h>
# endif
#endif
#if HAVE_STRING_H
# if !STDC_HEADERS && HAVE_MEMORY_H
#  include <memory.h>
# endif
# include <string.h>
#endif
#if HAVE_STRINGS_H
# include <strings.h>
#endif
#if HAVE_INTTYPES_H
# include <inttypes.h>
#else
# if HAVE_STDINT_H
#  include <stdint.h>
# endif
#endif
#if HAVE_UNISTD_H
# include <unistd.h>
#endif
#include <sys/filio.h>
configure:6361: result: no
configure:6365: checking sys/filio.h presence
configure:6372: gcc -E  conftest.c
configure:6368:23: error: sys/filio.h: No such file or directory
configure:6378: $? = 1
configure: failed program was:
#line 6367 "configure"
#include "confdefs.h"
#include <sys/filio.h>
configure:6396: result: no
configure:6414: checking for sys/filio.h
configure:6421: result: no
configure:6439: checking for sys/stat.h
configure:6444: result: yes
configure:6562: checking sys/time.h usability
configure:6571: gcc -c -g3 -O0 -D_XPG4_2 -D_XOPEN_SOURCE -D__EXTENSIONS__ -D_BSD_SOURCE -D_ISO9X_SOURCE -D_OSF_SOURCE -D_XOPEN_SOURCE_EXTENDED -W -Wall -Wpointer-arith -Wbad-function-cast -Wstrict-prototypes -Wmissing-prototypes -Wmissing-declarations -Wnested-externs -Winline -Wwrite-strings -Wundef -Wshadow -Wsign-compare -pipe  conftest.c >&5
configure:6574: $? = 0
configure:6577: test -s conftest.o
configure:6580: $? = 0
configure:6589: result: yes
configure:6593: checking sys/time.h presence
configure:6600: gcc -E  conftest.c
configure:6606: $? = 0
configure:6624: result: yes
configure:6642: checking for sys/time.h
configure:6649: result: yes
configure:6667: checking for sys/types.h
configure:6672: result: yes
configure:6790: checking arpa/inet.h usability
configure:6799: gcc -c -g3 -O0 -D_XPG4_2 -D_XOPEN_SOURCE -D__EXTENSIONS__ -D_BSD_SOURCE -D_ISO9X_SOURCE -D_OSF_SOURCE -D_XOPEN_SOURCE_EXTENDED -W -Wall -Wpointer-arith -Wbad-function-cast -Wstrict-prototypes -Wmissing-prototypes -Wmissing-declarations -Wnested-externs -Winline -Wwrite-strings -Wundef -Wshadow -Wsign-compare -pipe  conftest.c >&5
configure:6802: $? = 0
configure:6805: test -s conftest.o
configure:6808: $? = 0
configure:6817: result: yes
configure:6821: checking arpa/inet.h presence
configure:6828: gcc -E  conftest.c
configure:6834: $? = 0
configure:6852: result: yes
configure:6870: checking for arpa/inet.h
configure:6877: result: yes
configure:6890: checking whether time.h and sys/time.h may both be included
configure:6918: gcc -c -g3 -O0 -D_XPG4_2 -D_XOPEN_SOURCE -D__EXTENSIONS__ -D_BSD_SOURCE -D_ISO9X_SOURCE -D_OSF_SOURCE -D_XOPEN_SOURCE_EXTENDED -W -Wall -Wpointer-arith -Wbad-function-cast -Wstrict-prototypes -Wmissing-prototypes -Wmissing-declarations -Wnested-externs -Winline -Wwrite-strings -Wundef -Wshadow -Wsign-compare -pipe  conftest.c >&5
configure:6908: warning: function declaration isn't a prototype
configure:6921: $? = 0
configure:6924: test -s conftest.o
configure:6927: $? = 0
configure:6937: result: yes
configure:6961: checking machine/param.h usability
configure:6970: gcc -c -g3 -O0 -D_XPG4_2 -D_XOPEN_SOURCE -D__EXTENSIONS__ -D_BSD_SOURCE -D_ISO9X_SOURCE -D_OSF_SOURCE -D_XOPEN_SOURCE_EXTENDED -W -Wall -Wpointer-arith -Wbad-function-cast -Wstrict-prototypes -Wmissing-prototypes -Wmissing-declarations -Wnested-externs -Winline -Wwrite-strings -Wundef -Wshadow -Wsign-compare -pipe  conftest.c >&5
configure:6998:27: error: machine/param.h: No such file or directory
configure:6973: $? = 1
configure: failed program was:
#line 6963 "configure"
#include "confdefs.h"
#include <stdio.h>
#if HAVE_SYS_TYPES_H
# include <sys/types.h>
#endif
#if HAVE_SYS_STAT_H
# include <sys/stat.h>
#endif
#if STDC_HEADERS
# include <stdlib.h>
# include <stddef.h>
#else
# if HAVE_STDLIB_H
#  include <stdlib.h>
# endif
#endif
#if HAVE_STRING_H
# if !STDC_HEADERS && HAVE_MEMORY_H
#  include <memory.h>
# endif
# include <string.h>
#endif
#if HAVE_STRINGS_H
# include <strings.h>
#endif
#if HAVE_INTTYPES_H
# include <inttypes.h>
#else
# if HAVE_STDINT_H
#  include <stdint.h>
# endif
#endif
#if HAVE_UNISTD_H
# include <unistd.h>
#endif
#include <machine/param.h>
configure:6988: result: no
configure:6992: checking machine/param.h presence
configure:6999: gcc -E  conftest.c
configure:6995:27: error: machine/param.h: No such file or directory
configure:7005: $? = 1
configure: failed program was:
#line 6994 "configure"
#include "confdefs.h"
#include <machine/param.h>
configure:7023: result: no
configure:7041: checking for machine/param.h
configure:7048: result: no
configure:7062: checking for intmax_t
configure:7089: gcc -c -g3 -O0 -D_XPG4_2 -D_XOPEN_SOURCE -D__EXTENSIONS__ -D_BSD_SOURCE -D_ISO9X_SOURCE -D_OSF_SOURCE -D_XOPEN_SOURCE_EXTENDED -W -Wall -Wpointer-arith -Wbad-function-cast -Wstrict-prototypes -Wmissing-prototypes -Wmissing-declarations -Wnested-externs -Winline -Wwrite-strings -Wundef -Wshadow -Wsign-compare -pipe  conftest.c >&5
configure:7110: warning: function declaration isn't a prototype
configure:7092: $? = 0
configure:7095: test -s conftest.o
configure:7098: $? = 0
configure:7108: result: yes
configure:7119: checking for long long
configure:7146: gcc -c -g3 -O0 -D_XPG4_2 -D_XOPEN_SOURCE -D__EXTENSIONS__ -D_BSD_SOURCE -D_ISO9X_SOURCE -D_OSF_SOURCE -D_XOPEN_SOURCE_EXTENDED -W -Wall -Wpointer-arith -Wbad-function-cast -Wstrict-prototypes -Wmissing-prototypes -Wmissing-declarations -Wnested-externs -Winline -Wwrite-strings -Wundef -Wshadow -Wsign-compare -pipe  conftest.c >&5
configure:7167: warning: function declaration isn't a prototype
configure:7149: $? = 0
configure:7152: test -s conftest.o
configure:7155: $? = 0
configure:7165: result: yes
configure:7176: checking for uint16_t
configure:7203: gcc -c -g3 -O0 -D_XPG4_2 -D_XOPEN_SOURCE -D__EXTENSIONS__ -D_BSD_SOURCE -D_ISO9X_SOURCE -D_OSF_SOURCE -D_XOPEN_SOURCE_EXTENDED -W -Wall -Wpointer-arith -Wbad-function-cast -Wstrict-prototypes -Wmissing-prototypes -Wmissing-declarations -Wnested-externs -Winline -Wwrite-strings -Wundef -Wshadow -Wsign-compare -pipe  conftest.c >&5
configure:7224: warning: function declaration isn't a prototype
configure:7206: $? = 0
configure:7209: test -s conftest.o
configure:7212: $? = 0
configure:7222: result: yes
configure:7233: checking for uint32_t
configure:7260: gcc -c -g3 -O0 -D_XPG4_2 -D_XOPEN_SOURCE -D__EXTENSIONS__ -D_BSD_SOURCE -D_ISO9X_SOURCE -D_OSF_SOURCE -D_XOPEN_SOURCE_EXTENDED -W -Wall -Wpointer-arith -Wbad-function-cast -Wstrict-prototypes -Wmissing-prototypes -Wmissing-declarations -Wnested-externs -Winline -Wwrite-strings -Wundef -Wshadow -Wsign-compare -pipe  conftest.c >&5
configure:7281: warning: function declaration isn't a prototype
configure:7263: $? = 0
configure:7266: test -s conftest.o
configure:7269: $? = 0
configure:7279: result: yes
configure:7290: checking for u_short
configure:7317: gcc -c -g3 -O0 -D_XPG4_2 -D_XOPEN_SOURCE -D__EXTENSIONS__ -D_BSD_SOURCE -D_ISO9X_SOURCE -D_OSF_SOURCE -D_XOPEN_SOURCE_EXTENDED -W -Wall -Wpointer-arith -Wbad-function-cast -Wstrict-prototypes -Wmissing-prototypes -Wmissing-declarations -Wnested-externs -Winline -Wwrite-strings -Wundef -Wshadow -Wsign-compare -pipe  conftest.c >&5
configure:7338: warning: function declaration isn't a prototype
configure:7320: $? = 0
configure:7323: test -s conftest.o
configure:7326: $? = 0
configure:7336: result: yes
configure:7347: checking for u_long
configure:7374: gcc -c -g3 -O0 -D_XPG4_2 -D_XOPEN_SOURCE -D__EXTENSIONS__ -D_BSD_SOURCE -D_ISO9X_SOURCE -D_OSF_SOURCE -D_XOPEN_SOURCE_EXTENDED -W -Wall -Wpointer-arith -Wbad-function-cast -Wstrict-prototypes -Wmissing-prototypes -Wmissing-declarations -Wnested-externs -Winline -Wwrite-strings -Wundef -Wshadow -Wsign-compare -pipe  conftest.c >&5
configure:7395: warning: function declaration isn't a prototype
configure:7377: $? = 0
configure:7380: test -s conftest.o
configure:7383: $? = 0
configure:7393: result: yes
configure:7404: checking for off_t
configure:7431: gcc -c -g3 -O0 -D_XPG4_2 -D_XOPEN_SOURCE -D__EXTENSIONS__ -D_BSD_SOURCE -D_ISO9X_SOURCE -D_OSF_SOURCE -D_XOPEN_SOURCE_EXTENDED -W -Wall -Wpointer-arith -Wbad-function-cast -Wstrict-prototypes -Wmissing-prototypes -Wmissing-declarations -Wnested-externs -Winline -Wwrite-strings -Wundef -Wshadow -Wsign-compare -pipe  conftest.c >&5
configure:7452: warning: function declaration isn't a prototype
configure:7434: $? = 0
configure:7437: test -s conftest.o
configure:7440: $? = 0
configure:7450: result: yes
configure:7462: checking for pid_t
configure:7489: gcc -c -g3 -O0 -D_XPG4_2 -D_XOPEN_SOURCE -D__EXTENSIONS__ -D_BSD_SOURCE -D_ISO9X_SOURCE -D_OSF_SOURCE -D_XOPEN_SOURCE_EXTENDED -W -Wall -Wpointer-arith -Wbad-function-cast -Wstrict-prototypes -Wmissing-prototypes -Wmissing-declarations -Wnested-externs -Winline -Wwrite-strings -Wundef -Wshadow -Wsign-compare -pipe  conftest.c >&5
configure:7510: warning: function declaration isn't a prototype
configure:7492: $? = 0
configure:7495: test -s conftest.o
configure:7498: $? = 0
configure:7508: result: yes
configure:7520: checking for mode_t
configure:7547: gcc -c -g3 -O0 -D_XPG4_2 -D_XOPEN_SOURCE -D__EXTENSIONS__ -D_BSD_SOURCE -D_ISO9X_SOURCE -D_OSF_SOURCE -D_XOPEN_SOURCE_EXTENDED -W -Wall -Wpointer-arith -Wbad-function-cast -Wstrict-prototypes -Wmissing-prototypes -Wmissing-declarations -Wnested-externs -Winline -Wwrite-strings -Wundef -Wshadow -Wsign-compare -pipe  conftest.c >&5
configure:7568: warning: function declaration isn't a prototype
configure:7550: $? = 0
configure:7553: test -s conftest.o
configure:7556: $? = 0
configure:7566: result: yes
configure:7578: checking for size_t
configure:7605: gcc -c -g3 -O0 -D_XPG4_2 -D_XOPEN_SOURCE -D__EXTENSIONS__ -D_BSD_SOURCE -D_ISO9X_SOURCE -D_OSF_SOURCE -D_XOPEN_SOURCE_EXTENDED -W -Wall -Wpointer-arith -Wbad-function-cast -Wstrict-prototypes -Wmissing-prototypes -Wmissing-declarations -Wnested-externs -Winline -Wwrite-strings -Wundef -Wshadow -Wsign-compare -pipe  conftest.c >&5
configure:7626: warning: function declaration isn't a prototype
configure:7608: $? = 0
configure:7611: test -s conftest.o
configure:7614: $? = 0
configure:7624: result: yes
configure:7637: checking for library containing socket
configure:7670: gcc -o conftest -g3 -O0 -D_XPG4_2 -D_XOPEN_SOURCE -D__EXTENSIONS__ -D_BSD_SOURCE -D_ISO9X_SOURCE -D_OSF_SOURCE -D_XOPEN_SOURCE_EXTENDED -W -Wall -Wpointer-arith -Wbad-function-cast -Wstrict-prototypes -Wmissing-prototypes -Wmissing-declarations -Wnested-externs -Winline -Wwrite-strings -Wundef -Wshadow -Wsign-compare -pipe   conftest.c  >&5
configure:7652: warning: function declaration isn't a prototype
configure:7661: warning: function declaration isn't a prototype
configure:7673: $? = 0
configure:7676: test -s conftest
configure:7679: $? = 0
configure:7738: result: none required
configure:7749: checking for library containing gethostbyname
configure:7782: gcc -o conftest -g3 -O0 -D_XPG4_2 -D_XOPEN_SOURCE -D__EXTENSIONS__ -D_BSD_SOURCE -D_ISO9X_SOURCE -D_OSF_SOURCE -D_XOPEN_SOURCE_EXTENDED -W -Wall -Wpointer-arith -Wbad-function-cast -Wstrict-prototypes -Wmissing-prototypes -Wmissing-declarations -Wnested-externs -Winline -Wwrite-strings -Wundef -Wshadow -Wsign-compare -pipe   conftest.c  >&5
configure:7764: warning: function declaration isn't a prototype
configure:7773: warning: function declaration isn't a prototype
configure:7785: $? = 0
configure:7788: test -s conftest
configure:7791: $? = 0
configure:7850: result: none required
configure:7861: checking for library containing inet_aton
configure:7894: gcc -o conftest -g3 -O0 -D_XPG4_2 -D_XOPEN_SOURCE -D__EXTENSIONS__ -D_BSD_SOURCE -D_ISO9X_SOURCE -D_OSF_SOURCE -D_XOPEN_SOURCE_EXTENDED -W -Wall -Wpointer-arith -Wbad-function-cast -Wstrict-prototypes -Wmissing-prototypes -Wmissing-declarations -Wnested-externs -Winline -Wwrite-strings -Wundef -Wshadow -Wsign-compare -pipe   conftest.c  >&5
configure:7876: warning: function declaration isn't a prototype
configure:7885: warning: function declaration isn't a prototype
configure:7897: $? = 0
configure:7900: test -s conftest
configure:7903: $? = 0
configure:7962: result: none required
configure:7973: checking for library containing herror
configure:8006: gcc -o conftest -g3 -O0 -D_XPG4_2 -D_XOPEN_SOURCE -D__EXTENSIONS__ -D_BSD_SOURCE -D_ISO9X_SOURCE -D_OSF_SOURCE -D_XOPEN_SOURCE_EXTENDED -W -Wall -Wpointer-arith -Wbad-function-cast -Wstrict-prototypes -Wmissing-prototypes -Wmissing-declarations -Wnested-externs -Winline -Wwrite-strings -Wundef -Wshadow -Wsign-compare -pipe   conftest.c  >&5
configure:7988: warning: function declaration isn't a prototype
configure:7997: warning: function declaration isn't a prototype
configure:8009: $? = 0
configure:8012: test -s conftest
configure:8015: $? = 0
configure:8074: result: none required
configure:8090: checking for dup2
configure:8133: gcc -o conftest -g3 -O0 -D_XPG4_2 -D_XOPEN_SOURCE -D__EXTENSIONS__ -D_BSD_SOURCE -D_ISO9X_SOURCE -D_OSF_SOURCE -D_XOPEN_SOURCE_EXTENDED -W -Wall -Wpointer-arith -Wbad-function-cast -Wstrict-prototypes -Wmissing-prototypes -Wmissing-declarations -Wnested-externs -Winline -Wwrite-strings -Wundef -Wshadow -Wsign-compare -pipe   conftest.c  >&5
configure:8105: warning: function declaration isn't a prototype
configure:8106: warning: function declaration isn't a prototype
configure:8116: warning: function declaration isn't a prototype
configure:8136: $? = 0
configure:8139: test -s conftest
configure:8142: $? = 0
configure:8152: result: yes
configure:8166: checking for fcntl
configure:8209: gcc -o conftest -g3 -O0 -D_XPG4_2 -D_XOPEN_SOURCE -D__EXTENSIONS__ -D_BSD_SOURCE -D_ISO9X_SOURCE -D_OSF_SOURCE -D_XOPEN_SOURCE_EXTENDED -W -Wall -Wpointer-arith -Wbad-function-cast -Wstrict-prototypes -Wmissing-prototypes -Wmissing-declarations -Wnested-externs -Winline -Wwrite-strings -Wundef -Wshadow -Wsign-compare -pipe   conftest.c  >&5
configure:8181: warning: function declaration isn't a prototype
configure:8182: warning: function declaration isn't a prototype
configure:8192: warning: function declaration isn't a prototype
configure:8212: $? = 0
configure:8215: test -s conftest
configure:8218: $? = 0
configure:8228: result: yes
configure:8242: checking for setsid
configure:8285: gcc -o conftest -g3 -O0 -D_XPG4_2 -D_XOPEN_SOURCE -D__EXTENSIONS__ -D_BSD_SOURCE -D_ISO9X_SOURCE -D_OSF_SOURCE -D_XOPEN_SOURCE_EXTENDED -W -Wall -Wpointer-arith -Wbad-function-cast -Wstrict-prototypes -Wmissing-prototypes -Wmissing-declarations -Wnested-externs -Winline -Wwrite-strings -Wundef -Wshadow -Wsign-compare -pipe   conftest.c  >&5
configure:8257: warning: function declaration isn't a prototype
configure:8258: warning: function declaration isn't a prototype
configure:8268: warning: function declaration isn't a prototype
configure:8288: $? = 0
configure:8291: test -s conftest
configure:8294: $? = 0
configure:8304: result: yes
configure:8318: checking for recvmsg
configure:8361: gcc -o conftest -g3 -O0 -D_XPG4_2 -D_XOPEN_SOURCE -D__EXTENSIONS__ -D_BSD_SOURCE -D_ISO9X_SOURCE -D_OSF_SOURCE -D_XOPEN_SOURCE_EXTENDED -W -Wall -Wpointer-arith -Wbad-function-cast -Wstrict-prototypes -Wmissing-prototypes -Wmissing-declarations -Wnested-externs -Winline -Wwrite-strings -Wundef -Wshadow -Wsign-compare -pipe   conftest.c  >&5
configure:8333: warning: function declaration isn't a prototype
configure:8334: warning: function declaration isn't a prototype
configure:8344: warning: function declaration isn't a prototype
configure:8364: $? = 0
configure:8367: test -s conftest
configure:8370: $? = 0
configure:8380: result: yes
configure:8394: checking for ftruncate
configure:8437: gcc -o conftest -g3 -O0 -D_XPG4_2 -D_XOPEN_SOURCE -D__EXTENSIONS__ -D_BSD_SOURCE -D_ISO9X_SOURCE -D_OSF_SOURCE -D_XOPEN_SOURCE_EXTENDED -W -Wall -Wpointer-arith -Wbad-function-cast -Wstrict-prototypes -Wmissing-prototypes -Wmissing-declarations -Wnested-externs -Winline -Wwrite-strings -Wundef -Wshadow -Wsign-compare -pipe   conftest.c  >&5
configure:8409: warning: function declaration isn't a prototype
configure:8410: warning: function declaration isn't a prototype
configure:8420: warning: function declaration isn't a prototype
configure:8440: $? = 0
configure:8443: test -s conftest
configure:8446: $? = 0
configure:8456: result: yes
configure:8470: checking for setreuid
configure:8513: gcc -o conftest -g3 -O0 -D_XPG4_2 -D_XOPEN_SOURCE -D__EXTENSIONS__ -D_BSD_SOURCE -D_ISO9X_SOURCE -D_OSF_SOURCE -D_XOPEN_SOURCE_EXTENDED -W -Wall -Wpointer-arith -Wbad-function-cast -Wstrict-prototypes -Wmissing-prototypes -Wmissing-declarations -Wnested-externs -Winline -Wwrite-strings -Wundef -Wshadow -Wsign-compare -pipe   conftest.c  >&5
configure:8485: warning: function declaration isn't a prototype
configure:8486: warning: function declaration isn't a prototype
configure:8496: warning: function declaration isn't a prototype
configure:8516: $? = 0
configure:8519: test -s conftest
configure:8522: $? = 0
configure:8532: result: yes
configure:8546: checking for setregid
configure:8589: gcc -o conftest -g3 -O0 -D_XPG4_2 -D_XOPEN_SOURCE -D__EXTENSIONS__ -D_BSD_SOURCE -D_ISO9X_SOURCE -D_OSF_SOURCE -D_XOPEN_SOURCE_EXTENDED -W -Wall -Wpointer-arith -Wbad-function-cast -Wstrict-prototypes -Wmissing-prototypes -Wmissing-declarations -Wnested-externs -Winline -Wwrite-strings -Wundef -Wshadow -Wsign-compare -pipe   conftest.c  >&5
configure:8561: warning: function declaration isn't a prototype
configure:8562: warning: function declaration isn't a prototype
configure:8572: warning: function declaration isn't a prototype
configure:8592: $? = 0
configure:8595: test -s conftest
configure:8598: $? = 0
configure:8608: result: yes
configure:8622: checking for initgroups
configure:8665: gcc -o conftest -g3 -O0 -D_XPG4_2 -D_XOPEN_SOURCE -D__EXTENSIONS__ -D_BSD_SOURCE -D_ISO9X_SOURCE -D_OSF_SOURCE -D_XOPEN_SOURCE_EXTENDED -W -Wall -Wpointer-arith -Wbad-function-cast -Wstrict-prototypes -Wmissing-prototypes -Wmissing-declarations -Wnested-externs -Winline -Wwrite-strings -Wundef -Wshadow -Wsign-compare -pipe   conftest.c  >&5
configure:8637: warning: function declaration isn't a prototype
configure:8638: warning: function declaration isn't a prototype
configure:8648: warning: function declaration isn't a prototype
configure:8668: $? = 0
configure:8671: test -s conftest
configure:8674: $? = 0
configure:8684: result: yes
configure:8698: checking for setgroups
configure:8741: gcc -o conftest -g3 -O0 -D_XPG4_2 -D_XOPEN_SOURCE -D__EXTENSIONS__ -D_BSD_SOURCE -D_ISO9X_SOURCE -D_OSF_SOURCE -D_XOPEN_SOURCE_EXTENDED -W -Wall -Wpointer-arith -Wbad-function-cast -Wstrict-prototypes -Wmissing-prototypes -Wmissing-declarations -Wnested-externs -Winline -Wwrite-strings -Wundef -Wshadow -Wsign-compare -pipe   conftest.c  >&5
configure:8713: warning: function declaration isn't a prototype
configure:8714: warning: function declaration isn't a prototype
configure:8724: warning: function declaration isn't a prototype
configure:8744: $? = 0
configure:8747: test -s conftest
configure:8750: $? = 0
configure:8760: result: yes
configure:8775: checking for strtoumax
configure:8818: gcc -o conftest -g3 -O0 -D_XPG4_2 -D_XOPEN_SOURCE -D__EXTENSIONS__ -D_BSD_SOURCE -D_ISO9X_SOURCE -D_OSF_SOURCE -D_XOPEN_SOURCE_EXTENDED -W -Wall -Wpointer-arith -Wbad-function-cast -Wstrict-prototypes -Wmissing-prototypes -Wmissing-declarations -Wnested-externs -Winline -Wwrite-strings -Wundef -Wshadow -Wsign-compare -pipe   conftest.c  >&5
configure:8790: warning: function declaration isn't a prototype
configure:8791: warning: function declaration isn't a prototype
configure:8801: warning: function declaration isn't a prototype
configure:8821: $? = 0
configure:8824: test -s conftest
configure:8827: $? = 0
configure:8837: result: yes
configure:8851: checking for strtoull
configure:8894: gcc -o conftest -g3 -O0 -D_XPG4_2 -D_XOPEN_SOURCE -D__EXTENSIONS__ -D_BSD_SOURCE -D_ISO9X_SOURCE -D_OSF_SOURCE -D_XOPEN_SOURCE_EXTENDED -W -Wall -Wpointer-arith -Wbad-function-cast -Wstrict-prototypes -Wmissing-prototypes -Wmissing-declarations -Wnested-externs -Winline -Wwrite-strings -Wundef -Wshadow -Wsign-compare -pipe   conftest.c  >&5
configure:8866: warning: function declaration isn't a prototype
configure:8867: warning: function declaration isn't a prototype
configure:8877: warning: function declaration isn't a prototype
configure:8897: $? = 0
configure:8900: test -s conftest
configure:8903: $? = 0
configure:8913: result: yes
configure:8924: checking for struct msghdr.msg_control
configure:8955: gcc -c -g3 -O0 -D_XPG4_2 -D_XOPEN_SOURCE -D__EXTENSIONS__ -D_BSD_SOURCE -D_ISO9X_SOURCE -D_OSF_SOURCE -D_XOPEN_SOURCE_EXTENDED -W -Wall -Wpointer-arith -Wbad-function-cast -Wstrict-prototypes -Wmissing-prototypes -Wmissing-declarations -Wnested-externs -Winline -Wwrite-strings -Wundef -Wshadow -Wsign-compare -pipe  conftest.c >&5
configure:8944: warning: function declaration isn't a prototype
configure:8958: $? = 0
configure:8961: test -s conftest.o
configure:8964: $? = 0
configure:8974: result: yes
configure:8983: checking for definition of struct in_pktinfo
configure:9015: gcc -c -g3 -O0 -D_XPG4_2 -D_XOPEN_SOURCE -D__EXTENSIONS__ -D_BSD_SOURCE -D_ISO9X_SOURCE -D_OSF_SOURCE -D_XOPEN_SOURCE_EXTENDED -W -Wall -Wpointer-arith -Wbad-function-cast -Wstrict-prototypes -Wmissing-prototypes -Wmissing-declarations -Wnested-externs -Winline -Wwrite-strings -Wundef -Wshadow -Wsign-compare -pipe  conftest.c >&5
configure:9002: warning: function declaration isn't a prototype
configure: In function 'main':
configure:9006: warning: unused variable 'quux'
configure:9005: warning: unused variable 'foo'
configure:9018: $? = 0
configure:9021: test -s conftest.o
configure:9024: $? = 0
configure:9031: result: yes
configure:9044: checking if fcntl.h defines O_NONBLOCK
configure:9075: gcc -c -g3 -O0 -D_XPG4_2 -D_XOPEN_SOURCE -D__EXTENSIONS__ -D_BSD_SOURCE -D_ISO9X_SOURCE -D_OSF_SOURCE -D_XOPEN_SOURCE_EXTENDED -W -Wall -Wpointer-arith -Wbad-function-cast -Wstrict-prototypes -Wmissing-prototypes -Wmissing-declarations -Wnested-externs -Winline -Wwrite-strings -Wundef -Wshadow -Wsign-compare -pipe  conftest.c >&5
configure:9060: warning: function declaration isn't a prototype
configure: In function 'main':
configure:9063: warning: function declaration isn't a prototype
configure:9062: warning: 'main' is normally a non-static function
configure:9062: warning: declaration of 'main' shadows a global declaration
configure:9059: warning: shadowed declaration is here
configure: In function 'main':
configure:9064: warning: unused variable 'dummy'
configure:9078: $? = 0
configure:9081: test -s conftest.o
configure:9084: $? = 0
configure:9092: result: yes
configure:9104: checking if fcntl.h defines O_BINARY
configure:9135: gcc -c -g3 -O0 -D_XPG4_2 -D_XOPEN_SOURCE -D__EXTENSIONS__ -D_BSD_SOURCE -D_ISO9X_SOURCE -D_OSF_SOURCE -D_XOPEN_SOURCE_EXTENDED -W -Wall -Wpointer-arith -Wbad-function-cast -Wstrict-prototypes -Wmissing-prototypes -Wmissing-declarations -Wnested-externs -Winline -Wwrite-strings -Wundef -Wshadow -Wsign-compare -pipe  conftest.c >&5
configure:9120: warning: function declaration isn't a prototype
configure: In function 'main':
configure:9123: warning: function declaration isn't a prototype
configure:9122: warning: 'main' is normally a non-static function
configure:9122: warning: declaration of 'main' shadows a global declaration
configure:9119: warning: shadowed declaration is here
configure: In function 'main':
configure:9124: error: 'O_BINARY' undeclared (first use in this function)
configure:9124: error: (Each undeclared identifier is reported only once
configure:9124: error: for each function it appears in.)
configure:9124: warning: unused variable 'dummy'
configure:9138: $? = 1
configure: failed program was:
#line 9108 "configure"
#include "confdefs.h"

#include <fcntl.h>

#ifdef F77_DUMMY_MAIN
#  ifdef __cplusplus
     extern "C"
#  endif
   int F77_DUMMY_MAIN() { return 1; }
#endif
int
main ()
{

int main()
{
	int dummy = O_BINARY;
	return 0;
}

  ;
  return 0;
}
configure:9159: result: no
configure:9164: checking if fcntl.h defines O_TEXT
configure:9195: gcc -c -g3 -O0 -D_XPG4_2 -D_XOPEN_SOURCE -D__EXTENSIONS__ -D_BSD_SOURCE -D_ISO9X_SOURCE -D_OSF_SOURCE -D_XOPEN_SOURCE_EXTENDED -W -Wall -Wpointer-arith -Wbad-function-cast -Wstrict-prototypes -Wmissing-prototypes -Wmissing-declarations -Wnested-externs -Winline -Wwrite-strings -Wundef -Wshadow -Wsign-compare -pipe  conftest.c >&5
configure:9180: warning: function declaration isn't a prototype
configure: In function 'main':
configure:9183: warning: function declaration isn't a prototype
configure:9182: warning: 'main' is normally a non-static function
configure:9182: warning: declaration of 'main' shadows a global declaration
configure:9179: warning: shadowed declaration is here
configure: In function 'main':
configure:9184: error: 'O_TEXT' undeclared (first use in this function)
configure:9184: error: (Each undeclared identifier is reported only once
configure:9184: error: for each function it appears in.)
configure:9184: warning: unused variable 'dummy'
configure:9198: $? = 1
configure: failed program was:
#line 9168 "configure"
#include "confdefs.h"

#include <fcntl.h>

#ifdef F77_DUMMY_MAIN
#  ifdef __cplusplus
     extern "C"
#  endif
   int F77_DUMMY_MAIN() { return 1; }
#endif
int
main ()
{

int main()
{
	int dummy = O_TEXT;
	return 0;
}

  ;
  return 0;
}
configure:9219: result: no
configure:9227: checking for sigsetjmp
configure:9253: gcc -o conftest -g3 -O0 -D_XPG4_2 -D_XOPEN_SOURCE -D__EXTENSIONS__ -D_BSD_SOURCE -D_ISO9X_SOURCE -D_OSF_SOURCE -D_XOPEN_SOURCE_EXTENDED -W -Wall -Wpointer-arith -Wbad-function-cast -Wstrict-prototypes -Wmissing-prototypes -Wmissing-declarations -Wnested-externs -Winline -Wwrite-strings -Wundef -Wshadow -Wsign-compare -pipe   conftest.c  >&5
configure:9242: warning: function declaration isn't a prototype
configure:9256: $? = 0
configure:9259: test -s conftest
configure:9262: $? = 0
configure:9264: result: yes
configure:9280: checking for library containing xmalloc
configure:9313: gcc -o conftest -g3 -O0 -D_XPG4_2 -D_XOPEN_SOURCE -D__EXTENSIONS__ -D_BSD_SOURCE -D_ISO9X_SOURCE -D_OSF_SOURCE -D_XOPEN_SOURCE_EXTENDED -W -Wall -Wpointer-arith -Wbad-function-cast -Wstrict-prototypes -Wmissing-prototypes -Wmissing-declarations -Wnested-externs -Winline -Wwrite-strings -Wundef -Wshadow -Wsign-compare -pipe   conftest.c  >&5
configure:9295: warning: function declaration isn't a prototype
configure:9304: warning: function declaration isn't a prototype
/tmp/ccwgl0Ra.o: In function `main':
/root/workspace/exercise/languages/C/net/ftp/tftp/tftp-hpa-0.30/configure:9305: undefined reference to `xmalloc'
collect2: ld returned 1 exit status
configure:9316: $? = 1
configure: failed program was:
#line 9287 "configure"
#include "confdefs.h"

/* Override any gcc2 internal prototype to avoid an error.  */
#ifdef __cplusplus
extern "C"
#endif
/* We use char because int might match the return type of a gcc2
   builtin and then its argument prototype would still apply.  */
char xmalloc ();
#ifdef F77_DUMMY_MAIN
#  ifdef __cplusplus
     extern "C"
#  endif
   int F77_DUMMY_MAIN() { return 1; }
#endif
int
main ()
{
xmalloc ();
  ;
  return 0;
}
configure:9359: gcc -o conftest -g3 -O0 -D_XPG4_2 -D_XOPEN_SOURCE -D__EXTENSIONS__ -D_BSD_SOURCE -D_ISO9X_SOURCE -D_OSF_SOURCE -D_XOPEN_SOURCE_EXTENDED -W -Wall -Wpointer-arith -Wbad-function-cast -Wstrict-prototypes -Wmissing-prototypes -Wmissing-declarations -Wnested-externs -Winline -Wwrite-strings -Wundef -Wshadow -Wsign-compare -pipe   conftest.c -liberty   >&5
configure:9341: warning: function declaration isn't a prototype
configure:9350: warning: function declaration isn't a prototype
/usr/bin/ld: cannot find -liberty
collect2: ld returned 1 exit status
configure:9362: $? = 1
configure: failed program was:
#line 9333 "configure"
#include "confdefs.h"

/* Override any gcc2 internal prototype to avoid an error.  */
#ifdef __cplusplus
extern "C"
#endif
/* We use char because int might match the return type of a gcc2
   builtin and then its argument prototype would still apply.  */
char xmalloc ();
#ifdef F77_DUMMY_MAIN
#  ifdef __cplusplus
     extern "C"
#  endif
   int F77_DUMMY_MAIN() { return 1; }
#endif
int
main ()
{
xmalloc ();
  ;
  return 0;
}
configure:9381: result: no
configure:9390: checking for library containing xstrdup
configure:9423: gcc -o conftest -g3 -O0 -D_XPG4_2 -D_XOPEN_SOURCE -D__EXTENSIONS__ -D_BSD_SOURCE -D_ISO9X_SOURCE -D_OSF_SOURCE -D_XOPEN_SOURCE_EXTENDED -W -Wall -Wpointer-arith -Wbad-function-cast -Wstrict-prototypes -Wmissing-prototypes -Wmissing-declarations -Wnested-externs -Winline -Wwrite-strings -Wundef -Wshadow -Wsign-compare -pipe   conftest.c  >&5
configure:9405: warning: function declaration isn't a prototype
configure:9414: warning: function declaration isn't a prototype
/tmp/ccEiAVdc.o: In function `main':
/root/workspace/exercise/languages/C/net/ftp/tftp/tftp-hpa-0.30/configure:9415: undefined reference to `xstrdup'
collect2: ld returned 1 exit status
configure:9426: $? = 1
configure: failed program was:
#line 9397 "configure"
#include "confdefs.h"

/* Override any gcc2 internal prototype to avoid an error.  */
#ifdef __cplusplus
extern "C"
#endif
/* We use char because int might match the return type of a gcc2
   builtin and then its argument prototype would still apply.  */
char xstrdup ();
#ifdef F77_DUMMY_MAIN
#  ifdef __cplusplus
     extern "C"
#  endif
   int F77_DUMMY_MAIN() { return 1; }
#endif
int
main ()
{
xstrdup ();
  ;
  return 0;
}
configure:9469: gcc -o conftest -g3 -O0 -D_XPG4_2 -D_XOPEN_SOURCE -D__EXTENSIONS__ -D_BSD_SOURCE -D_ISO9X_SOURCE -D_OSF_SOURCE -D_XOPEN_SOURCE_EXTENDED -W -Wall -Wpointer-arith -Wbad-function-cast -Wstrict-prototypes -Wmissing-prototypes -Wmissing-declarations -Wnested-externs -Winline -Wwrite-strings -Wundef -Wshadow -Wsign-compare -pipe   conftest.c -liberty   >&5
configure:9451: warning: function declaration isn't a prototype
configure:9460: warning: function declaration isn't a prototype
/usr/bin/ld: cannot find -liberty
collect2: ld returned 1 exit status
configure:9472: $? = 1
configure: failed program was:
#line 9443 "configure"
#include "confdefs.h"

/* Override any gcc2 internal prototype to avoid an error.  */
#ifdef __cplusplus
extern "C"
#endif
/* We use char because int might match the return type of a gcc2
   builtin and then its argument prototype would still apply.  */
char xstrdup ();
#ifdef F77_DUMMY_MAIN
#  ifdef __cplusplus
     extern "C"
#  endif
   int F77_DUMMY_MAIN() { return 1; }
#endif
int
main ()
{
xstrdup ();
  ;
  return 0;
}
configure:9491: result: no
configure:9500: checking for library containing bsd_signal
configure:9533: gcc -o conftest -g3 -O0 -D_XPG4_2 -D_XOPEN_SOURCE -D__EXTENSIONS__ -D_BSD_SOURCE -D_ISO9X_SOURCE -D_OSF_SOURCE -D_XOPEN_SOURCE_EXTENDED -W -Wall -Wpointer-arith -Wbad-function-cast -Wstrict-prototypes -Wmissing-prototypes -Wmissing-declarations -Wnested-externs -Winline -Wwrite-strings -Wundef -Wshadow -Wsign-compare -pipe   conftest.c  >&5
configure:9515: warning: function declaration isn't a prototype
configure:9524: warning: function declaration isn't a prototype
configure:9536: $? = 0
configure:9539: test -s conftest
configure:9542: $? = 0
configure:9601: result: none required
configure:9617: checking if netinet/in.h defines IPPORT_TFTP
configure:9648: gcc -c -g3 -O0 -D_XPG4_2 -D_XOPEN_SOURCE -D__EXTENSIONS__ -D_BSD_SOURCE -D_ISO9X_SOURCE -D_OSF_SOURCE -D_XOPEN_SOURCE_EXTENDED -W -Wall -Wpointer-arith -Wbad-function-cast -Wstrict-prototypes -Wmissing-prototypes -Wmissing-declarations -Wnested-externs -Winline -Wwrite-strings -Wundef -Wshadow -Wsign-compare -pipe  conftest.c >&5
configure:9633: warning: function declaration isn't a prototype
configure: In function 'main':
configure:9636: warning: function declaration isn't a prototype
configure:9635: warning: 'main' is normally a non-static function
configure:9635: warning: declaration of 'main' shadows a global declaration
configure:9632: warning: shadowed declaration is here
configure: In function 'main':
configure:9637: warning: unused variable 'dummy'
configure:9651: $? = 0
configure:9654: test -s conftest.o
configure:9657: $? = 0
configure:9665: result: yes
configure:9913: checking for library containing yp_get_default_domain
configure:9946: gcc -o conftest -g3 -O0 -D_XPG4_2 -D_XOPEN_SOURCE -D__EXTENSIONS__ -D_BSD_SOURCE -D_ISO9X_SOURCE -D_OSF_SOURCE -D_XOPEN_SOURCE_EXTENDED -W -Wall -Wpointer-arith -Wbad-function-cast -Wstrict-prototypes -Wmissing-prototypes -Wmissing-declarations -Wnested-externs -Winline -Wwrite-strings -Wundef -Wshadow -Wsign-compare -pipe   conftest.c ../lib/libxtra.a  >&5
gcc: ../lib/libxtra.a: No such file or directory
configure:9928: warning: function declaration isn't a prototype
configure:9937: warning: function declaration isn't a prototype
configure:9949: $? = 1
configure: failed program was:
#line 9920 "configure"
#include "confdefs.h"

/* Override any gcc2 internal prototype to avoid an error.  */
#ifdef __cplusplus
extern "C"
#endif
/* We use char because int might match the return type of a gcc2
   builtin and then its argument prototype would still apply.  */
char yp_get_default_domain ();
#ifdef F77_DUMMY_MAIN
#  ifdef __cplusplus
     extern "C"
#  endif
   int F77_DUMMY_MAIN() { return 1; }
#endif
int
main ()
{
yp_get_default_domain ();
  ;
  return 0;
}
configure:9992: gcc -o conftest -g3 -O0 -D_XPG4_2 -D_XOPEN_SOURCE -D__EXTENSIONS__ -D_BSD_SOURCE -D_ISO9X_SOURCE -D_OSF_SOURCE -D_XOPEN_SOURCE_EXTENDED -W -Wall -Wpointer-arith -Wbad-function-cast -Wstrict-prototypes -Wmissing-prototypes -Wmissing-declarations -Wnested-externs -Winline -Wwrite-strings -Wundef -Wshadow -Wsign-compare -pipe   conftest.c -lnsl  ../lib/libxtra.a  >&5
gcc: ../lib/libxtra.a: No such file or directory
configure:9974: warning: function declaration isn't a prototype
configure:9983: warning: function declaration isn't a prototype
configure:9995: $? = 1
configure: failed program was:
#line 9966 "configure"
#include "confdefs.h"

/* Override any gcc2 internal prototype to avoid an error.  */
#ifdef __cplusplus
extern "C"
#endif
/* We use char because int might match the return type of a gcc2
   builtin and then its argument prototype would still apply.  */
char yp_get_default_domain ();
#ifdef F77_DUMMY_MAIN
#  ifdef __cplusplus
     extern "C"
#  endif
   int F77_DUMMY_MAIN() { return 1; }
#endif
int
main ()
{
yp_get_default_domain ();
  ;
  return 0;
}
configure:9992: gcc -o conftest -g3 -O0 -D_XPG4_2 -D_XOPEN_SOURCE -D__EXTENSIONS__ -D_BSD_SOURCE -D_ISO9X_SOURCE -D_OSF_SOURCE -D_XOPEN_SOURCE_EXTENDED -W -Wall -Wpointer-arith -Wbad-function-cast -Wstrict-prototypes -Wmissing-prototypes -Wmissing-declarations -Wnested-externs -Winline -Wwrite-strings -Wundef -Wshadow -Wsign-compare -pipe   conftest.c -lresolv  ../lib/libxtra.a  >&5
gcc: ../lib/libxtra.a: No such file or directory
configure:9974: warning: function declaration isn't a prototype
configure:9983: warning: function declaration isn't a prototype
configure:9995: $? = 1
configure: failed program was:
#line 9966 "configure"
#include "confdefs.h"

/* Override any gcc2 internal prototype to avoid an error.  */
#ifdef __cplusplus
extern "C"
#endif
/* We use char because int might match the return type of a gcc2
   builtin and then its argument prototype would still apply.  */
char yp_get_default_domain ();
#ifdef F77_DUMMY_MAIN
#  ifdef __cplusplus
     extern "C"
#  endif
   int F77_DUMMY_MAIN() { return 1; }
#endif
int
main ()
{
yp_get_default_domain ();
  ;
  return 0;
}
configure:10014: result: no
configure:10022: checking for main in -lwrap
configure:10049: gcc -o conftest -g3 -O0 -D_XPG4_2 -D_XOPEN_SOURCE -D__EXTENSIONS__ -D_BSD_SOURCE -D_ISO9X_SOURCE -D_OSF_SOURCE -D_XOPEN_SOURCE_EXTENDED -W -Wall -Wpointer-arith -Wbad-function-cast -Wstrict-prototypes -Wmissing-prototypes -Wmissing-declarations -Wnested-externs -Winline -Wwrite-strings -Wundef -Wshadow -Wsign-compare -pipe   conftest.c -lwrap  ../lib/libxtra.a  >&5
gcc: ../lib/libxtra.a: No such file or directory
configure:10040: warning: function declaration isn't a prototype
configure:10052: $? = 1
configure: failed program was:
#line 10029 "configure"
#include "confdefs.h"


#ifdef F77_DUMMY_MAIN
#  ifdef __cplusplus
     extern "C"
#  endif
   int F77_DUMMY_MAIN() { return 1; }
#endif
int
main ()
{
main ();
  ;
  return 0;
}
configure:10069: result: no
configure:10080: checking for tcpwrappers
configure:10107: gcc -o conftest -g3 -O0 -D_XPG4_2 -D_XOPEN_SOURCE -D__EXTENSIONS__ -D_BSD_SOURCE -D_ISO9X_SOURCE -D_OSF_SOURCE -D_XOPEN_SOURCE_EXTENDED -W -Wall -Wpointer-arith -Wbad-function-cast -Wstrict-prototypes -Wmissing-prototypes -Wmissing-declarations -Wnested-externs -Winline -Wwrite-strings -Wundef -Wshadow -Wsign-compare -pipe   conftest.c ../lib/libxtra.a  >&5
gcc: ../lib/libxtra.a: No such file or directory
configure:10084:18: error: tcpd.h: No such file or directory
configure:10096: warning: function declaration isn't a prototype
configure: In function 'main':
configure:10098: warning: implicit declaration of function 'hosts_ctl'
configure:10098: warning: nested extern declaration of 'hosts_ctl'
configure:10098: error: 'STRING_UNKNOWN' undeclared (first use in this function)
configure:10098: error: (Each undeclared identifier is reported only once
configure:10098: error: for each function it appears in.)
configure:10110: $? = 1
configure: failed program was:
#line 10082 "configure"
#include "confdefs.h"

#include <tcpd.h>
int allow_severity = 0;
int deny_severity = 0;

#ifdef F77_DUMMY_MAIN
#  ifdef __cplusplus
     extern "C"
#  endif
   int F77_DUMMY_MAIN() { return 1; }
#endif
int
main ()
{

	hosts_ctl("sample_daemon", STRING_UNKNOWN, STRING_UNKNOWN, STRING_UNKNOWN);

  ;
  return 0;
}
configure:10130: result: no
configure:10389: checking regex.h usability
configure:10398: gcc -c -g3 -O0 -D_XPG4_2 -D_XOPEN_SOURCE -D__EXTENSIONS__ -D_BSD_SOURCE -D_ISO9X_SOURCE -D_OSF_SOURCE -D_XOPEN_SOURCE_EXTENDED -W -Wall -Wpointer-arith -Wbad-function-cast -Wstrict-prototypes -Wmissing-prototypes -Wmissing-declarations -Wnested-externs -Winline -Wwrite-strings -Wundef -Wshadow -Wsign-compare -pipe  conftest.c >&5
configure:10401: $? = 0
configure:10404: test -s conftest.o
configure:10407: $? = 0
configure:10416: result: yes
configure:10420: checking regex.h presence
configure:10427: gcc -E  conftest.c
configure:10433: $? = 0
configure:10451: result: yes
configure:10469: checking for regex.h
configure:10476: result: yes
configure:10482: checking for library containing regcomp
configure:10515: gcc -o conftest -g3 -O0 -D_XPG4_2 -D_XOPEN_SOURCE -D__EXTENSIONS__ -D_BSD_SOURCE -D_ISO9X_SOURCE -D_OSF_SOURCE -D_XOPEN_SOURCE_EXTENDED -W -Wall -Wpointer-arith -Wbad-function-cast -Wstrict-prototypes -Wmissing-prototypes -Wmissing-declarations -Wnested-externs -Winline -Wwrite-strings -Wundef -Wshadow -Wsign-compare -pipe   conftest.c ../lib/libxtra.a  >&5
gcc: ../lib/libxtra.a: No such file or directory
configure:10497: warning: function declaration isn't a prototype
configure:10506: warning: function declaration isn't a prototype
configure:10518: $? = 1
configure: failed program was:
#line 10489 "configure"
#include "confdefs.h"

/* Override any gcc2 internal prototype to avoid an error.  */
#ifdef __cplusplus
extern "C"
#endif
/* We use char because int might match the return type of a gcc2
   builtin and then its argument prototype would still apply.  */
char regcomp ();
#ifdef F77_DUMMY_MAIN
#  ifdef __cplusplus
     extern "C"
#  endif
   int F77_DUMMY_MAIN() { return 1; }
#endif
int
main ()
{
regcomp ();
  ;
  return 0;
}
configure:10561: gcc -o conftest -g3 -O0 -D_XPG4_2 -D_XOPEN_SOURCE -D__EXTENSIONS__ -D_BSD_SOURCE -D_ISO9X_SOURCE -D_OSF_SOURCE -D_XOPEN_SOURCE_EXTENDED -W -Wall -Wpointer-arith -Wbad-function-cast -Wstrict-prototypes -Wmissing-prototypes -Wmissing-declarations -Wnested-externs -Winline -Wwrite-strings -Wundef -Wshadow -Wsign-compare -pipe   conftest.c -lregex  ../lib/libxtra.a  >&5
gcc: ../lib/libxtra.a: No such file or directory
configure:10543: warning: function declaration isn't a prototype
configure:10552: warning: function declaration isn't a prototype
configure:10564: $? = 1
configure: failed program was:
#line 10535 "configure"
#include "confdefs.h"

/* Override any gcc2 internal prototype to avoid an error.  */
#ifdef __cplusplus
extern "C"
#endif
/* We use char because int might match the return type of a gcc2
   builtin and then its argument prototype would still apply.  */
char regcomp ();
#ifdef F77_DUMMY_MAIN
#  ifdef __cplusplus
     extern "C"
#  endif
   int F77_DUMMY_MAIN() { return 1; }
#endif
int
main ()
{
regcomp ();
  ;
  return 0;
}
configure:10561: gcc -o conftest -g3 -O0 -D_XPG4_2 -D_XOPEN_SOURCE -D__EXTENSIONS__ -D_BSD_SOURCE -D_ISO9X_SOURCE -D_OSF_SOURCE -D_XOPEN_SOURCE_EXTENDED -W -Wall -Wpointer-arith -Wbad-function-cast -Wstrict-prototypes -Wmissing-prototypes -Wmissing-declarations -Wnested-externs -Winline -Wwrite-strings -Wundef -Wshadow -Wsign-compare -pipe   conftest.c -lrx  ../lib/libxtra.a  >&5
gcc: ../lib/libxtra.a: No such file or directory
configure:10543: warning: function declaration isn't a prototype
configure:10552: warning: function declaration isn't a prototype
configure:10564: $? = 1
configure: failed program was:
#line 10535 "configure"
#include "confdefs.h"

/* Override any gcc2 internal prototype to avoid an error.  */
#ifdef __cplusplus
extern "C"
#endif
/* We use char because int might match the return type of a gcc2
   builtin and then its argument prototype would still apply.  */
char regcomp ();
#ifdef F77_DUMMY_MAIN
#  ifdef __cplusplus
     extern "C"
#  endif
   int F77_DUMMY_MAIN() { return 1; }
#endif
int
main ()
{
regcomp ();
  ;
  return 0;
}
configure:10583: result: no
configure:10972: checking readline/readline.h usability
configure:10981: gcc -c -g3 -O0 -D_XPG4_2 -D_XOPEN_SOURCE -D__EXTENSIONS__ -D_BSD_SOURCE -D_ISO9X_SOURCE -D_OSF_SOURCE -D_XOPEN_SOURCE_EXTENDED -W -Wall -Wpointer-arith -Wbad-function-cast -Wstrict-prototypes -Wmissing-prototypes -Wmissing-declarations -Wnested-externs -Winline -Wwrite-strings -Wundef -Wshadow -Wsign-compare -pipe  conftest.c >&5
configure:11009:31: error: readline/readline.h: No such file or directory
configure:10984: $? = 1
configure: failed program was:
#line 10974 "configure"
#include "confdefs.h"
#include <stdio.h>
#if HAVE_SYS_TYPES_H
# include <sys/types.h>
#endif
#if HAVE_SYS_STAT_H
# include <sys/stat.h>
#endif
#if STDC_HEADERS
# include <stdlib.h>
# include <stddef.h>
#else
# if HAVE_STDLIB_H
#  include <stdlib.h>
# endif
#endif
#if HAVE_STRING_H
# if !STDC_HEADERS && HAVE_MEMORY_H
#  include <memory.h>
# endif
# include <string.h>
#endif
#if HAVE_STRINGS_H
# include <strings.h>
#endif
#if HAVE_INTTYPES_H
# include <inttypes.h>
#else
# if HAVE_STDINT_H
#  include <stdint.h>
# endif
#endif
#if HAVE_UNISTD_H
# include <unistd.h>
#endif
#include <readline/readline.h>
configure:10999: result: no
configure:11003: checking readline/readline.h presence
configure:11010: gcc -E  conftest.c
configure:11006:31: error: readline/readline.h: No such file or directory
configure:11016: $? = 1
configure: failed program was:
#line 11005 "configure"
#include "confdefs.h"
#include <readline/readline.h>
configure:11034: result: no
configure:11052: checking for readline/readline.h
configure:11059: result: no
configure:11309: checking whether ln -s works
configure:11313: result: yes
configure:11361: checking for ranlib
configure:11377: found /usr/bin/ranlib
configure:11388: result: ranlib
configure:11437: checking for a BSD-compatible install
configure:11491: result: /usr/bin/install -c
configure:11586: creating ./config.status

## ---------------------- ##
## Running config.status. ##
## ---------------------- ##

This file was extended by config.status, which was
generated by GNU Autoconf 2.53.  Invocation command line was

  CONFIG_FILES    = 
  CONFIG_HEADERS  = 
  CONFIG_LINKS    = 
  CONFIG_COMMANDS = 
  $ ./config.status 

on localhost.localdomain

config.status:573: creating MCONFIG
config.status:677: creating acconfig.h

## ---------------- ##
## Cache variables. ##
## ---------------- ##

ac_cv_c_compiler_gnu=yes
ac_cv_c_const=yes
ac_cv_c_inline=inline
ac_cv_env_CC_set=
ac_cv_env_CC_value=
ac_cv_env_CFLAGS_set=set
ac_cv_env_CFLAGS_value='-g3 -O0'
ac_cv_env_CPPFLAGS_set=
ac_cv_env_CPPFLAGS_value=
ac_cv_env_CPP_set=
ac_cv_env_CPP_value=
ac_cv_env_LDFLAGS_set=
ac_cv_env_LDFLAGS_value=
ac_cv_env_build_alias_set=
ac_cv_env_build_alias_value=
ac_cv_env_host_alias_set=
ac_cv_env_host_alias_value=
ac_cv_env_target_alias_set=
ac_cv_env_target_alias_value=
ac_cv_exeext=
ac_cv_func_dup2=yes
ac_cv_func_fcntl=yes
ac_cv_func_ftruncate=yes
ac_cv_func_initgroups=yes
ac_cv_func_recvmsg=yes
ac_cv_func_setgroups=yes
ac_cv_func_setregid=yes
ac_cv_func_setreuid=yes
ac_cv_func_setsid=yes
ac_cv_func_strtoull=yes
ac_cv_func_strtoumax=yes
ac_cv_header_arpa_inet_h=yes
ac_cv_header_fcntl_h=yes
ac_cv_header_grp_h=yes
ac_cv_header_inttypes_h=yes
ac_cv_header_libgen_h=yes
ac_cv_header_machine_param_h=no
ac_cv_header_memory_h=yes
ac_cv_header_minix_config_h=no
ac_cv_header_readline_readline_h=no
ac_cv_header_regex_h=yes
ac_cv_header_setjmp_h=yes
ac_cv_header_stdc=yes
ac_cv_header_stddef_h=yes
ac_cv_header_stdint_h=yes
ac_cv_header_stdlib_h=yes
ac_cv_header_string_h=yes
ac_cv_header_strings_h=yes
ac_cv_header_sys_filio_h=no
ac_cv_header_sys_stat_h=yes
ac_cv_header_sys_time_h=yes
ac_cv_header_sys_types_h=yes
ac_cv_header_sysexits_h=yes
ac_cv_header_time=yes
ac_cv_header_time_h=yes
ac_cv_header_unistd_h=yes
ac_cv_lib_wrap_main=no
ac_cv_member_struct_msghdr_msg_control=yes
ac_cv_objext=o
ac_cv_path_install='/usr/bin/install -c'
ac_cv_prog_CPP='gcc -E'
ac_cv_prog_ac_ct_CC=gcc
ac_cv_prog_ac_ct_RANLIB=ranlib
ac_cv_prog_cc_g=yes
ac_cv_prog_cc_stdc=
ac_cv_search_bsd_signal='none required'
ac_cv_search_gethostbyname='none required'
ac_cv_search_herror='none required'
ac_cv_search_inet_aton='none required'
ac_cv_search_regcomp=no
ac_cv_search_socket='none required'
ac_cv_search_strerror='none required'
ac_cv_search_xmalloc=no
ac_cv_search_xstrdup=no
ac_cv_search_yp_get_default_domain=no
ac_cv_sys_file_offset_bits=no
ac_cv_sys_large_files=no
ac_cv_sys_largefile_CC=no
ac_cv_type_intmax_t=yes
ac_cv_type_long_long=yes
ac_cv_type_mode_t=yes
ac_cv_type_off_t=yes
ac_cv_type_pid_t=yes
ac_cv_type_size_t=yes
ac_cv_type_u_long=yes
ac_cv_type_u_short=yes
ac_cv_type_uint16_t=yes
ac_cv_type_uint32_t=yes

## ----------- ##
## confdefs.h. ##
## ----------- ##

#define PACKAGE_NAME ""
#define PACKAGE_TARNAME ""
#define PACKAGE_VERSION ""
#define PACKAGE_STRING ""
#define PACKAGE_BUGREPORT ""
#define STDC_HEADERS 1
#define HAVE_SYS_TYPES_H 1
#define HAVE_SYS_STAT_H 1
#define HAVE_STDLIB_H 1
#define HAVE_STRING_H 1
#define HAVE_MEMORY_H 1
#define HAVE_STRINGS_H 1
#define HAVE_INTTYPES_H 1
#define HAVE_STDINT_H 1
#define HAVE_UNISTD_H 1
#define STDC_HEADERS 1
#define HAVE_INTTYPES_H 1
#define HAVE_STDINT_H 1
#define HAVE_INTTYPES_H 1
#define INTTYPES_H_IS_SANE 1
#define HAVE_FCNTL_H 1
#define HAVE_GRP_H 1
#define HAVE_LIBGEN_H 1
#define HAVE_MEMORY_H 1
#define HAVE_SETJMP_H 1
#define HAVE_STDDEF_H 1
#define HAVE_STDLIB_H 1
#define HAVE_STRING_H 1
#define HAVE_STRINGS_H 1
#define HAVE_SYSEXITS_H 1
#define HAVE_TIME_H 1
#define HAVE_UNISTD_H 1
#define HAVE_SYS_STAT_H 1
#define HAVE_SYS_TIME_H 1
#define HAVE_SYS_TYPES_H 1
#define HAVE_ARPA_INET_H 1
#define TIME_WITH_SYS_TIME 1
#define HAVE_INTMAX_T 1
#define HAVE_LONG_LONG 1
#define HAVE_UINT16_T 1
#define HAVE_UINT32_T 1
#define HAVE_U_SHORT 1
#define HAVE_U_LONG 1
#define HAVE_DUP2 1
#define HAVE_FCNTL 1
#define HAVE_SETSID 1
#define HAVE_RECVMSG 1
#define HAVE_FTRUNCATE 1
#define HAVE_SETREUID 1
#define HAVE_SETREGID 1
#define HAVE_INITGROUPS 1
#define HAVE_SETGROUPS 1
#define HAVE_STRTOUMAX 1
#define HAVE_STRTOULL 1
#define HAVE_MSGHDR_MSG_CONTROL 1
#define HAVE_STRUCT_IN_PKTINFO 1
#define HAVE_O_NONBLOCK_DEFINITION 1
#define HAVE_SIGSETJMP 1
#define HAVE_IPPORT_TFTP_DEFINITION 1

configure: exit 0
