This file contains any messages produced by compilers while
running configure, to aid debugging if configure makes a mistake.

It was created by Mesa configure 8.0.0, which was
generated by GNU Autoconf 2.63.  Invocation command line was

  $ ./configure CFLAGS=-g3 -O0 CXXFLAGS=-g3 -O0 enable_gallium_llvm=no --prefix=/usr/local/mesa

## --------- ##
## Platform. ##
## --------- ##

hostname = localhost.localdomain
uname -m = x86_64
uname -r = 2.6.32-431.1.ky3.1.x86_64
uname -s = Linux
uname -v = #1 SMP Mon Dec 30 18:09:37 CST 2013

/usr/bin/uname -p = unknown
/bin/uname -X     = unknown

/bin/arch              = x86_64
/usr/bin/arch -k       = unknown
/usr/convex/getsysinfo = unknown
/usr/bin/hostinfo      = unknown
/bin/machine           = unknown
/usr/bin/oslevel       = unknown
/bin/universe          = unknown

PATH: /usr/lib64/qt-3.3/bin
PATH: /usr/local/sbin
PATH: /usr/sbin
PATH: /sbin
PATH: /usr/local/bin
PATH: /usr/bin
PATH: /bin
PATH: /root/bin


## ----------- ##
## Core tests. ##
## ----------- ##

configure:2325: checking build system type
configure:2343: result: x86_64-unknown-linux-gnu
configure:2365: checking host system type
configure:2380: result: x86_64-unknown-linux-gnu
configure:2418: checking for a BSD-compatible install
configure:2486: result: /usr/bin/install -c
configure:2497: checking whether build environment is sane
configure:2557: result: yes
configure:2698: checking for a thread-safe mkdir -p
configure:2737: result: /bin/mkdir -p
configure:2750: checking for gawk
configure:2766: found /usr/bin/gawk
configure:2777: result: gawk
configure:2788: checking whether make sets $(MAKE)
configure:2810: result: yes
configure:2917: checking for style of include used by make
configure:2945: result: GNU
configure:3015: checking for gcc
configure:3031: found /usr/bin/gcc
configure:3042: result: gcc
configure:3274: checking for C compiler version
configure:3282: gcc --version >&5
gcc (GCC) 4.4.7 20120313 (Red Hat 4.4.7-4)
Copyright (C) 2010 Free Software Foundation, Inc.
This is free software; see the source for copying conditions.  There is NO
warranty; not even for MERCHANTABILITY or FITNESS FOR A PARTICULAR PURPOSE.

configure:3286: $? = 0
configure:3293: gcc -v >&5
Using built-in specs.
Target: x86_64-kylin-linux
Configured with: ../configure --prefix=/usr --mandir=/usr/share/man --infodir=/usr/share/info --with-bugurl=http://bugzilla.redhat.com/bugzilla --enable-bootstrap --enable-shared --enable-threads=posix --enable-checking=release --with-system-zlib --enable-__cxa_atexit --disable-libunwind-exceptions --enable-gnu-unique-object --enable-languages=c,c++,objc,obj-c++,java,fortran,ada --enable-java-awt=gtk --disable-dssi --with-java-home=/usr/lib/jvm/java-1.5.0-gcj-1.5.0.0/jre --enable-libgcj-multifile --enable-java-maintainer-mode --with-ecj-jar=/usr/share/java/eclipse-ecj.jar --disable-libjava-multilib --with-ppl --with-cloog --with-tune=generic --with-arch_32=i686 --build=x86_64-kylin-linux
Thread model: posix
gcc version 4.4.7 20120313 (Red Hat 4.4.7-4) (GCC) 
configure:3297: $? = 0
configure:3304: gcc -V >&5
gcc: '-V' option must have argument
configure:3308: $? = 1
configure:3331: checking for C compiler default output file name
configure:3353: gcc -g3 -O0   conftest.c  >&5
configure:3357: $? = 0
configure:3395: result: a.out
configure:3414: checking whether the C compiler works
configure:3424: ./a.out
configure:3428: $? = 0
configure:3447: result: yes
configure:3454: checking whether we are cross compiling
configure:3456: result: no
configure:3459: checking for suffix of executables
configure:3466: gcc -o conftest -g3 -O0   conftest.c  >&5
configure:3470: $? = 0
configure:3496: result: 
configure:3502: checking for suffix of object files
configure:3528: gcc -c -g3 -O0  conftest.c >&5
configure:3532: $? = 0
configure:3557: result: o
configure:3561: checking whether we are using the GNU C compiler
configure:3590: gcc -c -g3 -O0  conftest.c >&5
configure:3597: $? = 0
configure:3614: result: yes
configure:3623: checking whether gcc accepts -g
configure:3653: gcc -c -g  conftest.c >&5
configure:3660: $? = 0
configure:3761: result: yes
configure:3778: checking for gcc option to accept ISO C89
configure:3852: gcc  -c -g3 -O0  conftest.c >&5
configure:3859: $? = 0
configure:3882: result: none needed
configure:3902: checking dependency style of gcc
configure:4012: result: gcc3
configure:4032: checking how to run the C preprocessor
configure:4072: gcc -E  conftest.c
configure:4079: $? = 0
configure:4110: gcc -E  conftest.c
conftest.c:10:28: error: ac_nonexistent.h: No such file or directory
configure:4117: $? = 1
configure: failed program was:
| /* confdefs.h.  */
| #define PACKAGE_NAME "Mesa"
| #define PACKAGE_TARNAME "mesa"
| #define PACKAGE_VERSION "8.0.0"
| #define PACKAGE_STRING "Mesa 8.0.0"
| #define PACKAGE_BUGREPORT "https://bugs.freedesktop.org/enter_bug.cgi?product=Mesa"
| #define PACKAGE "mesa"
| #define VERSION "8.0.0"
| /* end confdefs.h.  */
| #include <ac_nonexistent.h>
configure:4150: result: gcc -E
configure:4179: gcc -E  conftest.c
configure:4186: $? = 0
configure:4217: gcc -E  conftest.c
conftest.c:10:28: error: ac_nonexistent.h: No such file or directory
configure:4224: $? = 1
configure: failed program was:
| /* confdefs.h.  */
| #define PACKAGE_NAME "Mesa"
| #define PACKAGE_TARNAME "mesa"
| #define PACKAGE_VERSION "8.0.0"
| #define PACKAGE_STRING "Mesa 8.0.0"
| #define PACKAGE_BUGREPORT "https://bugs.freedesktop.org/enter_bug.cgi?product=Mesa"
| #define PACKAGE "mesa"
| #define VERSION "8.0.0"
| /* end confdefs.h.  */
| #include <ac_nonexistent.h>
configure:4311: checking for gcc
configure:4338: result: gcc
configure:4570: checking for C compiler version
configure:4578: gcc --version >&5
gcc (GCC) 4.4.7 20120313 (Red Hat 4.4.7-4)
Copyright (C) 2010 Free Software Foundation, Inc.
This is free software; see the source for copying conditions.  There is NO
warranty; not even for MERCHANTABILITY or FITNESS FOR A PARTICULAR PURPOSE.

configure:4582: $? = 0
configure:4589: gcc -v >&5
Using built-in specs.
Target: x86_64-kylin-linux
Configured with: ../configure --prefix=/usr --mandir=/usr/share/man --infodir=/usr/share/info --with-bugurl=http://bugzilla.redhat.com/bugzilla --enable-bootstrap --enable-shared --enable-threads=posix --enable-checking=release --with-system-zlib --enable-__cxa_atexit --disable-libunwind-exceptions --enable-gnu-unique-object --enable-languages=c,c++,objc,obj-c++,java,fortran,ada --enable-java-awt=gtk --disable-dssi --with-java-home=/usr/lib/jvm/java-1.5.0-gcj-1.5.0.0/jre --enable-libgcj-multifile --enable-java-maintainer-mode --with-ecj-jar=/usr/share/java/eclipse-ecj.jar --disable-libjava-multilib --with-ppl --with-cloog --with-tune=generic --with-arch_32=i686 --build=x86_64-kylin-linux
Thread model: posix
gcc version 4.4.7 20120313 (Red Hat 4.4.7-4) (GCC) 
configure:4593: $? = 0
configure:4600: gcc -V >&5
gcc: '-V' option must have argument
configure:4604: $? = 1
configure:4607: checking whether we are using the GNU C compiler
configure:4660: result: yes
configure:4669: checking whether gcc accepts -g
configure:4807: result: yes
configure:4824: checking for gcc option to accept ISO C89
configure:4928: result: none needed
configure:4948: checking dependency style of gcc
configure:5058: result: gcc3
configure:5131: checking for g++
configure:5147: found /usr/bin/g++
configure:5158: result: g++
configure:5185: checking for C++ compiler version
configure:5193: g++ --version >&5
g++ (GCC) 4.4.7 20120313 (Red Hat 4.4.7-4)
Copyright (C) 2010 Free Software Foundation, Inc.
This is free software; see the source for copying conditions.  There is NO
warranty; not even for MERCHANTABILITY or FITNESS FOR A PARTICULAR PURPOSE.

configure:5197: $? = 0
configure:5204: g++ -v >&5
Using built-in specs.
Target: x86_64-kylin-linux
Configured with: ../configure --prefix=/usr --mandir=/usr/share/man --infodir=/usr/share/info --with-bugurl=http://bugzilla.redhat.com/bugzilla --enable-bootstrap --enable-shared --enable-threads=posix --enable-checking=release --with-system-zlib --enable-__cxa_atexit --disable-libunwind-exceptions --enable-gnu-unique-object --enable-languages=c,c++,objc,obj-c++,java,fortran,ada --enable-java-awt=gtk --disable-dssi --with-java-home=/usr/lib/jvm/java-1.5.0-gcj-1.5.0.0/jre --enable-libgcj-multifile --enable-java-maintainer-mode --with-ecj-jar=/usr/share/java/eclipse-ecj.jar --disable-libjava-multilib --with-ppl --with-cloog --with-tune=generic --with-arch_32=i686 --build=x86_64-kylin-linux
Thread model: posix
gcc version 4.4.7 20120313 (Red Hat 4.4.7-4) (GCC) 
configure:5208: $? = 0
configure:5215: g++ -V >&5
g++: '-V' option must have argument
configure:5219: $? = 1
configure:5222: checking whether we are using the GNU C++ compiler
configure:5251: g++ -c -g3 -O0  conftest.cpp >&5
configure:5258: $? = 0
configure:5275: result: yes
configure:5284: checking whether g++ accepts -g
configure:5314: g++ -c -g  conftest.cpp >&5
configure:5321: $? = 0
configure:5422: result: yes
configure:5447: checking dependency style of g++
configure:5557: result: gcc3
configure:5576: checking for gmake
configure:5592: found /usr/bin/gmake
configure:5603: result: gmake
configure:5618: checking for python2
configure:5634: found /usr/bin/python2
configure:5645: result: python2
configure:5656: checking for a sed that does not truncate output
configure:5722: result: /bin/sed
configure:5729: checking for makedepend
configure:5747: found /usr/bin/makedepend
configure:5759: result: /usr/bin/makedepend
configure:5776: checking for flex
configure:5794: found /usr/bin/flex
configure:5806: result: /usr/bin/flex
configure:5820: checking for bison
configure:5838: found /usr/bin/bison
configure:5850: result: /usr/bin/bison
configure:5876: checking for a BSD-compatible install
configure:5944: result: /usr/bin/install -c
configure:6011: checking for gtest-config
configure:6044: result: no
configure:6067: checking if compiling with clang
configure:6096: gcc -c -g3 -O0  conftest.c >&5
conftest.c: In function 'main':
conftest.c:16: error: 'not' undeclared (first use in this function)
conftest.c:16: error: (Each undeclared identifier is reported only once
conftest.c:16: error: for each function it appears in.)
conftest.c:16: error: expected ';' before 'clang'
configure:6103: $? = 1
configure: failed program was:
| /* confdefs.h.  */
| #define PACKAGE_NAME "Mesa"
| #define PACKAGE_TARNAME "mesa"
| #define PACKAGE_VERSION "8.0.0"
| #define PACKAGE_STRING "Mesa 8.0.0"
| #define PACKAGE_BUGREPORT "https://bugs.freedesktop.org/enter_bug.cgi?product=Mesa"
| #define PACKAGE "mesa"
| #define VERSION "8.0.0"
| /* end confdefs.h.  */
| 
| int
| main ()
| {
| 
| #ifndef __clang__
|        not clang
| #endif
| 
|   ;
|   return 0;
| }
configure:6118: result: no
configure:6122: checking whether gcc version is sufficient
configure:6140: result: yes
configure:6209: checking for pkg-config
configure:6227: found /usr/bin/pkg-config
configure:6239: result: /usr/bin/pkg-config
configure:6264: checking pkg-config is at least version 0.9.0
configure:6267: result: yes
configure:6310: checking whether gcc supports -fvisibility=hidden
configure:6335: gcc -o conftest -g3 -O0 -Wall -Wmissing-prototypes -std=c99 -fvisibility=hidden   conftest.c  >&5
configure:6342: $? = 0
configure:6350: result: yes
configure:6379: checking whether g++ supports -fvisibility=hidden
configure:6411: g++ -o conftest -g3 -O0 -Wall -fvisibility=hidden   conftest.cpp  >&5
configure:6418: $? = 0
configure:6426: result: yes
configure:6691: checking whether to enable assembly
configure:6750: result: yes, x86_64
configure:6791: checking for gcc option to produce PIC
configure:6877: result: -fPIC
configure:6883: checking for dlopen
configure:6939: gcc -o conftest -g3 -O0 -Wall -Wmissing-prototypes -std=c99 -fno-strict-aliasing -fno-builtin-memcmp   conftest.c  >&5
/tmp/cc1NEUM5.o: In function `main':
/root/workspace/MesaGLUT/Mesa-8.0.1/conftest.c:44: undefined reference to `dlopen'
collect2: ld returned 1 exit status
configure:6946: $? = 1
configure: failed program was:
| /* confdefs.h.  */
| #define PACKAGE_NAME "Mesa"
| #define PACKAGE_TARNAME "mesa"
| #define PACKAGE_VERSION "8.0.0"
| #define PACKAGE_STRING "Mesa 8.0.0"
| #define PACKAGE_BUGREPORT "https://bugs.freedesktop.org/enter_bug.cgi?product=Mesa"
| #define PACKAGE "mesa"
| #define VERSION "8.0.0"
| /* end confdefs.h.  */
| /* Define dlopen to an innocuous variant, in case <limits.h> declares dlopen.
|    For example, HP-UX 11i <limits.h> declares gettimeofday.  */
| #define dlopen innocuous_dlopen
| 
| /* System header to define __stub macros and hopefully few prototypes,
|     which can conflict with char dlopen (); below.
|     Prefer <limits.h> to <assert.h> if __STDC__ is defined, since
|     <limits.h> exists even on freestanding compilers.  */
| 
| #ifdef __STDC__
| # include <limits.h>
| #else
| # include <assert.h>
| #endif
| 
| #undef dlopen
| 
| /* Override any GCC internal prototype to avoid an error.
|    Use char because int might match the return type of a GCC
|    builtin and then its argument prototype would still apply.  */
| #ifdef __cplusplus
| extern "C"
| #endif
| char dlopen ();
| /* The GNU C library defines this for functions which it implements
|     to always fail with ENOSYS.  Some functions are actually named
|     something starting with __ and the normal name is an alias.  */
| #if defined __stub_dlopen || defined __stub___dlopen
| choke me
| #endif
| 
| int
| main ()
| {
| return dlopen ();
|   ;
|   return 0;
| }
configure:6966: result: no
configure:6971: checking for dlopen in -ldl
configure:7006: gcc -o conftest -g3 -O0 -Wall -Wmissing-prototypes -std=c99 -fno-strict-aliasing -fno-builtin-memcmp   conftest.c -ldl   >&5
configure:7013: $? = 0
configure:7034: result: yes
configure:7044: checking for posix_memalign
configure:7100: gcc -o conftest -g3 -O0 -Wall -Wmissing-prototypes -std=c99 -fno-strict-aliasing -fno-builtin-memcmp   conftest.c  >&5
configure:7107: $? = 0
configure:7127: result: yes
configure:8110: checking for LIBDRM
configure:8117: $PKG_CONFIG --exists --print-errors "libdrm >= $LIBDRM_REQUIRED"
configure:8120: $? = 0
configure:8133: $PKG_CONFIG --exists --print-errors "libdrm >= $LIBDRM_REQUIRED"
configure:8136: $? = 0
configure:8171: result: yes
configure:8191: checking pkg-config files for X11 are available
configure:8194: $PKG_CONFIG --exists --print-errors "x11"
configure:8197: $? = 0
configure:8208: result: yes
configure:8216: checking for X11
configure:8223: $PKG_CONFIG --exists --print-errors "x11"
configure:8226: $? = 0
configure:8239: $PKG_CONFIG --exists --print-errors "x11"
configure:8242: $? = 0
configure:8319: result: yes
configure:9870: checking for GLPROTO
configure:9877: $PKG_CONFIG --exists --print-errors "glproto >= $GLPROTO_REQUIRED"
configure:9880: $? = 0
configure:9893: $PKG_CONFIG --exists --print-errors "glproto >= $GLPROTO_REQUIRED"
configure:9896: $? = 0
configure:9973: result: yes
configure:9986: checking for DRI2PROTO
configure:9993: $PKG_CONFIG --exists --print-errors "dri2proto >= $DRI2PROTO_REQUIRED"
configure:9996: $? = 0
configure:10009: $PKG_CONFIG --exists --print-errors "dri2proto >= $DRI2PROTO_REQUIRED"
configure:10012: $? = 0
configure:10089: result: yes
configure:10103: checking for XF86VIDMODE
configure:10110: $PKG_CONFIG --exists --print-errors "xxf86vm"
configure:10113: $? = 0
configure:10126: $PKG_CONFIG --exists --print-errors "xxf86vm"
configure:10129: $? = 0
configure:10164: result: yes
configure:10174: checking for DRIGL
configure:10181: $PKG_CONFIG --exists --print-errors "$dri_modules"
configure:10184: $? = 0
configure:10197: $PKG_CONFIG --exists --print-errors "$dri_modules"
configure:10200: $? = 0
configure:10277: result: yes
configure:10417: checking for xcb_glx_create_context_attribs_arb_checked in -lxcb-glx
configure:10452: gcc -o conftest -g3 -O0 -Wall -Wmissing-prototypes -std=c99 -fno-strict-aliasing -fno-builtin-memcmp      -lXext -lXdamage -lXfixes -lX11-xcb -lX11 -lxcb-glx -lxcb -lXxf86vm   conftest.c -lxcb-glx   >&5
configure:10459: $? = 0
configure:10480: result: yes
configure:10736: checking expat.h usability
configure:10753: gcc -c -g3 -O0 -Wall -Wmissing-prototypes -std=c99 -fno-strict-aliasing -fno-builtin-memcmp  conftest.c >&5
configure:10760: $? = 0
configure:10774: result: yes
configure:10778: checking expat.h presence
configure:10793: gcc -E  conftest.c
configure:10800: $? = 0
configure:10814: result: yes
configure:10847: checking for expat.h
configure:10854: result: yes
configure:10868: checking for XML_ParserCreate in -lexpat
configure:10903: gcc -o conftest -g3 -O0 -Wall -Wmissing-prototypes -std=c99 -fno-strict-aliasing -fno-builtin-memcmp   conftest.c -lexpat   >&5
configure:10910: $? = 0
configure:10931: result: yes
configure:10968: checking for INTEL
configure:10975: $PKG_CONFIG --exists --print-errors "libdrm_intel >= $LIBDRM_INTEL_REQUIRED"
configure:10978: $? = 0
configure:10991: $PKG_CONFIG --exists --print-errors "libdrm_intel >= $LIBDRM_INTEL_REQUIRED"
configure:10994: $? = 0
configure:11071: result: yes
configure:11082: checking for NOUVEAU
configure:11089: $PKG_CONFIG --exists --print-errors "libdrm_nouveau >= $LIBDRM_NOUVEAU_REQUIRED"
configure:11092: $? = 0
configure:11105: $PKG_CONFIG --exists --print-errors "libdrm_nouveau >= $LIBDRM_NOUVEAU_REQUIRED"
configure:11108: $? = 0
configure:11185: result: yes
configure:11196: checking for RADEON
configure:11203: $PKG_CONFIG --exists --print-errors "libdrm_radeon >= $LIBDRM_RADEON_REQUIRED"
configure:11206: $? = 0
configure:11219: $PKG_CONFIG --exists --print-errors "libdrm_radeon >= $LIBDRM_RADEON_REQUIRED"
configure:11222: $? = 0
configure:11299: result: yes
configure:11463: checking for mincore
configure:11519: gcc -o conftest -g3 -O0 -Wall -Wmissing-prototypes -std=c99 -fno-strict-aliasing -fno-builtin-memcmp   conftest.c -lexpat  >&5
configure:11526: $? = 0
configure:11546: result: yes
configure:11561: checking for LIBUDEV
configure:11568: $PKG_CONFIG --exists --print-errors "libudev > 150"
Requested 'libudev > 150' but version of libudev is 147
configure:11571: $? = 1
configure:11584: $PKG_CONFIG --exists --print-errors "libudev > 150"
Requested 'libudev > 150' but version of libudev is 147
configure:11587: $? = 1
Requested 'libudev > 150' but version of libudev is 147
configure:11614: result: no
configure:11633: checking for XCB_DRI2
configure:11640: $PKG_CONFIG --exists --print-errors "x11-xcb xcb-dri2 xcb-xfixes"
configure:11643: $? = 0
configure:11656: $PKG_CONFIG --exists --print-errors "x11-xcb xcb-dri2 xcb-xfixes"
configure:11659: $? = 0
configure:11694: result: yes
configure:11704: checking for xcb_dri2_connect_alignment_pad in -lxcb-dri2
configure:11739: gcc -o conftest -g3 -O0 -Wall -Wmissing-prototypes -std=c99 -fno-strict-aliasing -fno-builtin-memcmp   conftest.c -lxcb-dri2  -lexpat  >&5
configure:11746: $? = 0
configure:11767: result: yes
configure:13719: creating ./config.status

## ---------------------- ##
## Running config.status. ##
## ---------------------- ##

This file was extended by Mesa config.status 8.0.0, which was
generated by GNU Autoconf 2.63.  Invocation command line was

  CONFIG_FILES    = 
  CONFIG_HEADERS  = 
  CONFIG_LINKS    = 
  CONFIG_COMMANDS = 
  $ ./config.status 

on localhost.localdomain

config.status:879: creating configs/autoconf
config.status:879: creating tests/Makefile
config.status:879: creating tests/glx/Makefile
config.status:1090: executing depfiles commands
config.status:1090: executing configs commands

## ---------------- ##
## Cache variables. ##
## ---------------- ##

ac_cv_build=x86_64-unknown-linux-gnu
ac_cv_c_compiler_gnu=yes
ac_cv_cxx_compiler_gnu=yes
ac_cv_env_ARCH_FLAGS_set=
ac_cv_env_ARCH_FLAGS_value=
ac_cv_env_CCC_set=
ac_cv_env_CCC_value=
ac_cv_env_CC_set=
ac_cv_env_CC_value=
ac_cv_env_CFLAGS_set=set
ac_cv_env_CFLAGS_value='-g3 -O0'
ac_cv_env_CPPFLAGS_set=
ac_cv_env_CPPFLAGS_value=
ac_cv_env_CPP_set=
ac_cv_env_CPP_value=
ac_cv_env_CXXFLAGS_set=set
ac_cv_env_CXXFLAGS_value='-g3 -O0'
ac_cv_env_CXX_set=
ac_cv_env_CXX_value=
ac_cv_env_DRI2PROTO_CFLAGS_set=
ac_cv_env_DRI2PROTO_CFLAGS_value=
ac_cv_env_DRI2PROTO_LIBS_set=
ac_cv_env_DRI2PROTO_LIBS_value=
ac_cv_env_DRIGL_CFLAGS_set=
ac_cv_env_DRIGL_CFLAGS_value=
ac_cv_env_DRIGL_LIBS_set=
ac_cv_env_DRIGL_LIBS_value=
ac_cv_env_EXTRA_LIB_PATH_set=
ac_cv_env_EXTRA_LIB_PATH_value=
ac_cv_env_GLPROTO_CFLAGS_set=
ac_cv_env_GLPROTO_CFLAGS_value=
ac_cv_env_GLPROTO_LIBS_set=
ac_cv_env_GLPROTO_LIBS_value=
ac_cv_env_INTEL_CFLAGS_set=
ac_cv_env_INTEL_CFLAGS_value=
ac_cv_env_INTEL_LIBS_set=
ac_cv_env_INTEL_LIBS_value=
ac_cv_env_LDFLAGS_set=
ac_cv_env_LDFLAGS_value=
ac_cv_env_LIBDRM_CFLAGS_set=
ac_cv_env_LIBDRM_CFLAGS_value=
ac_cv_env_LIBDRM_LIBS_set=
ac_cv_env_LIBDRM_LIBS_value=
ac_cv_env_LIBDRM_XORG_CFLAGS_set=
ac_cv_env_LIBDRM_XORG_CFLAGS_value=
ac_cv_env_LIBDRM_XORG_LIBS_set=
ac_cv_env_LIBDRM_XORG_LIBS_value=
ac_cv_env_LIBKMS_XORG_CFLAGS_set=
ac_cv_env_LIBKMS_XORG_CFLAGS_value=
ac_cv_env_LIBKMS_XORG_LIBS_set=
ac_cv_env_LIBKMS_XORG_LIBS_value=
ac_cv_env_LIBS_set=
ac_cv_env_LIBS_value=
ac_cv_env_LIBUDEV_CFLAGS_set=
ac_cv_env_LIBUDEV_CFLAGS_value=
ac_cv_env_LIBUDEV_LIBS_set=
ac_cv_env_LIBUDEV_LIBS_value=
ac_cv_env_LIBVA_CFLAGS_set=
ac_cv_env_LIBVA_CFLAGS_value=
ac_cv_env_LIBVA_LIBS_set=
ac_cv_env_LIBVA_LIBS_value=
ac_cv_env_MKLIB_OPTIONS_set=
ac_cv_env_MKLIB_OPTIONS_value=
ac_cv_env_NOUVEAU_CFLAGS_set=
ac_cv_env_NOUVEAU_CFLAGS_value=
ac_cv_env_NOUVEAU_LIBS_set=
ac_cv_env_NOUVEAU_LIBS_value=
ac_cv_env_OPT_FLAGS_set=
ac_cv_env_OPT_FLAGS_value=
ac_cv_env_PIC_FLAGS_set=
ac_cv_env_PIC_FLAGS_value=
ac_cv_env_PKG_CONFIG_set=
ac_cv_env_PKG_CONFIG_value=
ac_cv_env_RADEON_CFLAGS_set=
ac_cv_env_RADEON_CFLAGS_value=
ac_cv_env_RADEON_LIBS_set=
ac_cv_env_RADEON_LIBS_value=
ac_cv_env_VDPAU_CFLAGS_set=
ac_cv_env_VDPAU_CFLAGS_value=
ac_cv_env_VDPAU_LIBS_set=
ac_cv_env_VDPAU_LIBS_value=
ac_cv_env_WAYLAND_CFLAGS_set=
ac_cv_env_WAYLAND_CFLAGS_value=
ac_cv_env_WAYLAND_LIBS_set=
ac_cv_env_WAYLAND_LIBS_value=
ac_cv_env_X11_CFLAGS_set=
ac_cv_env_X11_CFLAGS_value=
ac_cv_env_X11_INCLUDES_set=
ac_cv_env_X11_INCLUDES_value=
ac_cv_env_X11_LIBS_set=
ac_cv_env_X11_LIBS_value=
ac_cv_env_XCB_CFLAGS_set=
ac_cv_env_XCB_CFLAGS_value=
ac_cv_env_XCB_DRI2_CFLAGS_set=
ac_cv_env_XCB_DRI2_CFLAGS_value=
ac_cv_env_XCB_DRI2_LIBS_set=
ac_cv_env_XCB_DRI2_LIBS_value=
ac_cv_env_XCB_LIBS_set=
ac_cv_env_XCB_LIBS_value=
ac_cv_env_XEXT_CFLAGS_set=
ac_cv_env_XEXT_CFLAGS_value=
ac_cv_env_XEXT_LIBS_set=
ac_cv_env_XEXT_LIBS_value=
ac_cv_env_XF86VIDMODE_CFLAGS_set=
ac_cv_env_XF86VIDMODE_CFLAGS_value=
ac_cv_env_XF86VIDMODE_LIBS_set=
ac_cv_env_XF86VIDMODE_LIBS_value=
ac_cv_env_XLIBGL_CFLAGS_set=
ac_cv_env_XLIBGL_CFLAGS_value=
ac_cv_env_XLIBGL_LIBS_set=
ac_cv_env_XLIBGL_LIBS_value=
ac_cv_env_XMKMF_set=
ac_cv_env_XMKMF_value=
ac_cv_env_XORG_CFLAGS_set=
ac_cv_env_XORG_CFLAGS_value=
ac_cv_env_XORG_LIBS_set=
ac_cv_env_XORG_LIBS_value=
ac_cv_env_XVMC_CFLAGS_set=
ac_cv_env_XVMC_CFLAGS_value=
ac_cv_env_XVMC_LIBS_set=
ac_cv_env_XVMC_LIBS_value=
ac_cv_env_build_alias_set=
ac_cv_env_build_alias_value=
ac_cv_env_host_alias_set=
ac_cv_env_host_alias_value=
ac_cv_env_target_alias_set=
ac_cv_env_target_alias_value=
ac_cv_func_dlopen=no
ac_cv_func_mincore=yes
ac_cv_func_posix_memalign=yes
ac_cv_header_expat_h=yes
ac_cv_host=x86_64-unknown-linux-gnu
ac_cv_lib_dl_dlopen=yes
ac_cv_lib_expat_XML_ParserCreate=yes
ac_cv_lib_xcb_dri2_xcb_dri2_connect_alignment_pad=yes
ac_cv_lib_xcb_glx_xcb_glx_create_context_attribs_arb_checked=yes
ac_cv_objext=o
ac_cv_path_BISON=/usr/bin/bison
ac_cv_path_FLEX=/usr/bin/flex
ac_cv_path_MKDEP=/usr/bin/makedepend
ac_cv_path_SED=/bin/sed
ac_cv_path_ac_pt_PKG_CONFIG=/usr/bin/pkg-config
ac_cv_path_install='/usr/bin/install -c'
ac_cv_path_mkdir=/bin/mkdir
ac_cv_prog_AWK=gawk
ac_cv_prog_CPP='gcc -E'
ac_cv_prog_MAKE=gmake
ac_cv_prog_PYTHON2=python2
ac_cv_prog_ac_ct_CC=gcc
ac_cv_prog_ac_ct_CXX=g++
ac_cv_prog_cc_c89=
ac_cv_prog_cc_g=yes
ac_cv_prog_cxx_g=yes
ac_cv_prog_make_make_set=yes
am_cv_CC_dependencies_compiler_type=gcc3
am_cv_CXX_dependencies_compiler_type=gcc3
pkg_cv_DRI2PROTO_CFLAGS=' '
pkg_cv_DRI2PROTO_LIBS=' '
pkg_cv_DRIGL_CFLAGS=' '
pkg_cv_DRIGL_LIBS='-lXext -lXdamage -lXfixes -lX11-xcb -lX11 -lxcb-glx -lxcb -lXxf86vm  '
pkg_cv_GLPROTO_CFLAGS=' '
pkg_cv_GLPROTO_LIBS=' '
pkg_cv_INTEL_CFLAGS='-I/usr/include/libdrm  '
pkg_cv_INTEL_LIBS='-ldrm_intel -ldrm  '
pkg_cv_LIBDRM_CFLAGS='-I/usr/include/libdrm  '
pkg_cv_LIBDRM_LIBS='-ldrm  '
pkg_cv_NOUVEAU_CFLAGS='-I/usr/include/libdrm -I/usr/include/nouveau  '
pkg_cv_NOUVEAU_LIBS='-ldrm_nouveau  '
pkg_cv_RADEON_CFLAGS='-I/usr/include/libdrm  '
pkg_cv_RADEON_LIBS='-ldrm_radeon  '
pkg_cv_X11_CFLAGS=' '
pkg_cv_X11_LIBS='-lX11  '
pkg_cv_XCB_DRI2_CFLAGS=' '
pkg_cv_XCB_DRI2_LIBS='-lX11-xcb -lX11 -lxcb-dri2 -lxcb-xfixes -lxcb-render -lxcb-shape -lxcb  '
pkg_cv_XF86VIDMODE_CFLAGS=' '
pkg_cv_XF86VIDMODE_LIBS='-lXxf86vm  '

## ----------------- ##
## Output variables. ##
## ----------------- ##

ACLOCAL='${SHELL} /root/workspace/MesaGLUT/Mesa-8.0.1/bin/missing --run aclocal-1.11'
AMDEPBACKSLASH='\'
AMDEP_FALSE='#'
AMDEP_TRUE=''
AMTAR='${SHELL} /root/workspace/MesaGLUT/Mesa-8.0.1/bin/missing --run tar'
API_DEFINES=' -DFEATURE_GL=1'
ARCH_FLAGS=''
ASM_FLAGS='-DUSE_X86_64_ASM'
AUTOCONF='${SHELL} /root/workspace/MesaGLUT/Mesa-8.0.1/bin/missing --run autoconf'
AUTOHEADER='${SHELL} /root/workspace/MesaGLUT/Mesa-8.0.1/bin/missing --run autoheader'
AUTOMAKE='${SHELL} /root/workspace/MesaGLUT/Mesa-8.0.1/bin/missing --run automake-1.11'
AWK='gawk'
BISON='/usr/bin/bison'
CC='gcc'
CCDEPMODE='depmode=gcc3'
CFLAGS='-g3 -O0 -Wall -Wmissing-prototypes -std=c99 -fno-strict-aliasing -fno-builtin-memcmp -g3 -O0'
CPP='gcc -E'
CPPFLAGS=''
CXX='g++'
CXXDEPMODE='depmode=gcc3'
CXXFLAGS='-g3 -O0 -Wall -fno-strict-aliasing -fno-builtin-memcmp -g3 -O0'
CYGPATH_W='echo'
DEFINES=' -D_GNU_SOURCE -DPTHREADS -DHAVE_POSIX_MEMALIGN -DUSE_XCB -DGLX_INDIRECT_RENDERING -DGLX_DIRECT_RENDERING -DUSE_EXTERNAL_DXTN_LIB=1 -DIN_DRI_DRIVER -DHAVE_ALIAS -DHAVE_MINCORE -DHAVE_XCB_DRI2'
DEFS='-DPACKAGE_NAME=\"Mesa\" -DPACKAGE_TARNAME=\"mesa\" -DPACKAGE_VERSION=\"8.0.0\" -DPACKAGE_STRING=\"Mesa\ 8.0.0\" -DPACKAGE_BUGREPORT=\"https://bugs.freedesktop.org/enter_bug.cgi\?product=Mesa\" -DPACKAGE=\"mesa\" -DVERSION=\"8.0.0\" -DHAVE_LIBEXPAT=1 -DHAVE_LIBXCB_DRI2=1'
DEPDIR='.deps'
DLOPEN_LIBS='-ldl'
DRI2PROTO_CFLAGS=' '
DRI2PROTO_LIBS=' '
DRICORE_GLSL_LIBS=''
DRICORE_LIBS=''
DRICORE_LIB_DEPS=''
DRIGL_CFLAGS=' '
DRIGL_LIBS='-lXext -lXdamage -lXfixes -lX11-xcb -lX11 -lxcb-glx -lxcb -lXxf86vm  '
DRIVER_DIRS=' dri'
DRI_CFLAGS='$(CFLAGS)'
DRI_CXXFLAGS='$(CXXFLAGS)'
DRI_DIRS='i915 i965 nouveau r200 radeon swrast'
DRI_DRIVER_INSTALL_DIR='${libdir}/dri'
DRI_DRIVER_SEARCH_DIR='${DRI_DRIVER_INSTALL_DIR}'
DRI_LIB_DEPS='$(TOP)/src/mesa/libmesa.a  -ldrm   -lexpat -lm -lpthread -ldl'
DRI_PC_REQ_PRIV='libdrm >= 2.4.24'
ECHO_C=''
ECHO_N='-n'
ECHO_T=''
EGL_CLIENT_APIS=' $(GL_LIB)'
EGL_DRIVERS_DIRS='glx dri2'
EGL_DRIVER_INSTALL_DIR='${libdir}/egl'
EGL_LIB_DEPS='-ldl  -lpthread'
EGL_LIB_GLOB='lib$(EGL_LIB).*so*'
EGL_LIB_NAME='lib$(EGL_LIB).so'
EGL_PLATFORMS='x11'
EGREP=''
EXEEXT=''
EXPAT_INCLUDES=''
EXTRA_LIB_PATH=''
FLEX='/usr/bin/flex'
GALLIUM_DIRS='auxiliary drivers state_trackers'
GALLIUM_DRIVERS_DIRS='galahad identity noop r300 r600 rbug softpipe svga trace '
GALLIUM_STATE_TRACKERS_DIRS='dri '
GALLIUM_TARGET_DIRS='dri-r300 dri-r600 dri-swrast dri-vmwgfx '
GALLIUM_WINSYS_DIRS='radeon/drm svga/drm sw sw/dri '
GBM_BACKEND_DIRS=''
GBM_LIB_DEPS=''
GBM_LIB_GLOB='lib$(GBM_LIB).*so*'
GBM_LIB_NAME='lib$(GBM_LIB).so'
GBM_PC_CFLAGS=''
GBM_PC_LIB_PRIV='-ldl'
GBM_PC_REQ_PRIV='libudev'
GLAPI_ASM_SOURCES='$(X86-64_API)'
GLAPI_LIB_DEPS='-lpthread '
GLAPI_LIB_GLOB='lib$(GLAPI_LIB).*so*'
GLAPI_LIB_NAME='lib$(GLAPI_LIB).so'
GLESv1_CM_LIB_DEPS='-ldrm   -lm -lpthread -ldl'
GLESv1_CM_LIB_GLOB='lib$(GLESv1_CM_LIB).*so*'
GLESv1_CM_LIB_NAME='lib$(GLESv1_CM_LIB).so'
GLESv1_CM_PC_LIB_PRIV='-lm -lpthread -ldl'
GLESv2_LIB_DEPS='-ldrm   -lm -lpthread -ldl'
GLESv2_LIB_GLOB='lib$(GLESv2_LIB).*so*'
GLESv2_LIB_NAME='lib$(GLESv2_LIB).so'
GLESv2_PC_LIB_PRIV='-lm -lpthread -ldl'
GLPROTO_CFLAGS=' '
GLPROTO_LIBS=' '
GLU_DIRS='sgi'
GLU_LIB='GLU'
GLU_LIB_DEPS='-lm '
GLU_LIB_GLOB='lib$(GLU_LIB).*so*'
GLU_LIB_NAME='lib$(GLU_LIB).so'
GLU_MESA_DEPS='-l$(GL_LIB)'
GLU_PC_CFLAGS=''
GLU_PC_LIB_PRIV='-lm '
GLU_PC_REQ='gl'
GLU_PC_REQ_PRIV=''
GLX_TLS='no'
GL_LIB='GL'
GL_LIB_DEPS='-lXext -lXdamage -lXfixes -lX11-xcb -lX11 -lxcb-glx -lxcb -lXxf86vm   -ldrm   -lm -lpthread -ldl'
GL_LIB_GLOB='lib$(GL_LIB).*so*'
GL_LIB_NAME='lib$(GL_LIB).so'
GL_PC_CFLAGS=''
GL_PC_LIB_PRIV='-lm -lpthread -ldl'
GL_PC_REQ_PRIV='glproto >= 1.4.14 libdrm >= 2.4.24 dri2proto >= 2.6 x11 xext xdamage xfixes x11-xcb xcb-glx xxf86vm'
GREP=''
GTESTCONFIG=''
GTEST_CFLAGS=''
GTEST_LIBS=''
HAVE_GTEST_FALSE=''
HAVE_GTEST_TRUE='#'
HAVE_XCB_GLX_CREATE_CONTEXT_FALSE='#'
HAVE_XCB_GLX_CREATE_CONTEXT_TRUE=''
HAVE_XF86VIDMODE='yes'
INSTALL_DATA='${INSTALL} -m 644'
INSTALL_PROGRAM='${INSTALL}'
INSTALL_SCRIPT='${INSTALL}'
INSTALL_STRIP_PROGRAM='$(install_sh) -c -s'
INTEL_CFLAGS='-I/usr/include/libdrm  '
INTEL_LIBS='-ldrm_intel -ldrm  '
LDFLAGS=''
LIBDRM_CFLAGS='-I/usr/include/libdrm  '
LIBDRM_LIBS='-ldrm  '
LIBDRM_XORG_CFLAGS=''
LIBDRM_XORG_LIBS=''
LIBKMS_XORG_CFLAGS=''
LIBKMS_XORG_LIBS=''
LIBOBJS=''
LIBS='-lxcb-dri2 -lexpat '
LIBUDEV_CFLAGS=''
LIBUDEV_LIBS=''
LIBVA_CFLAGS=''
LIBVA_LIBS=''
LIB_DIR='lib'
LLVM_CFLAGS=''
LLVM_CONFIG=''
LLVM_LDFLAGS=''
LLVM_LIBS=''
LLVM_VERSION=''
LTLIBOBJS=''
MAKE='gmake'
MAKEINFO='${SHELL} /root/workspace/MesaGLUT/Mesa-8.0.1/bin/missing --run makeinfo'
MESA_ASM_SOURCES='$(X86-64_SOURCES)'
MESA_LLVM='0'
MESA_MODULES='$(TOP)/src/mesa/libmesa.a'
MKDEP='/usr/bin/makedepend'
MKDEP_OPTIONS='-fdepend -I/usr/lib/gcc/x86_64-kylin-linux/4.4.7/include'
MKDIR_P='/bin/mkdir -p'
MKLIB_OPTIONS=''
NM=''
NOUVEAU_CFLAGS='-I/usr/include/libdrm -I/usr/include/nouveau  '
NOUVEAU_LIBS='-ldrm_nouveau  '
OBJEXT='o'
OPT_FLAGS=''
OSMESA_LIB='OSMesa'
OSMESA_LIB_DEPS=''
OSMESA_LIB_GLOB='lib$(OSMESA_LIB).*so*'
OSMESA_LIB_NAME='lib$(OSMESA_LIB).so'
OSMESA_MESA_DEPS=''
OSMESA_PC_LIB_PRIV=''
OSMESA_PC_REQ=''
PACKAGE='mesa'
PACKAGE_BUGREPORT='https://bugs.freedesktop.org/enter_bug.cgi?product=Mesa'
PACKAGE_NAME='Mesa'
PACKAGE_STRING='Mesa 8.0.0'
PACKAGE_TARNAME='mesa'
PACKAGE_VERSION='8.0.0'
PATH_SEPARATOR=':'
PIC_FLAGS='-fPIC'
PKG_CONFIG='/usr/bin/pkg-config'
POSIX_SHELL=''
PROGRAM_DIRS=''
PYTHON2='python2'
RADEON_CFLAGS='-I/usr/include/libdrm  '
RADEON_LIBS='-ldrm_radeon  '
SED='/bin/sed'
SET_MAKE=''
SHARED_GLAPI='0'
SHELL='/bin/sh'
SRC_DIRS=' mapi/glapi glsl mesa  glx egl glu gallium gallium/winsys gallium/targets'
STRIP=''
VA_LIB_INSTALL_DIR='${libdir}/va'
VDPAU_CFLAGS=''
VDPAU_LIBS=''
VDPAU_LIB_INSTALL_DIR='${libdir}/vdpau'
VERSION='8.0.0'
VG_LIB_DEPS=''
VG_LIB_GLOB='lib$(VG_LIB).*so*'
VG_LIB_NAME='lib$(VG_LIB).so'
VISIBILITY_CFLAGS='-fvisibility=hidden'
VISIBILITY_CXXFLAGS='-fvisibility=hidden'
WAYLAND_CFLAGS=''
WAYLAND_EGL_LIB_DEPS=''
WAYLAND_EGL_LIB_GLOB='lib$(WAYLAND_EGL_LIB).*so*'
WAYLAND_EGL_LIB_NAME='lib$(WAYLAND_EGL_LIB).so'
WAYLAND_EGL_PC_CFLAGS=''
WAYLAND_EGL_PC_LIB_PRIV=''
WAYLAND_EGL_PC_REQ_PRIV='wayland-client libdrm'
WAYLAND_LIBS=''
X11_CFLAGS=' '
X11_INCLUDES='   -DHAVE_XCB_GLX_CREATE_CONTEXT'
X11_LIBS='-lX11  '
XCB_CFLAGS=''
XCB_DRI2_CFLAGS=' '
XCB_DRI2_LIBS='-lX11-xcb -lX11 -lxcb-dri2 -lxcb-xfixes -lxcb-render -lxcb-shape -lxcb  '
XCB_LIBS=''
XEXT_CFLAGS=''
XEXT_LIBS=''
XF86VIDMODE_CFLAGS=' '
XF86VIDMODE_LIBS='-lXxf86vm  '
XLIBGL_CFLAGS=''
XLIBGL_LIBS=''
XMKMF=''
XORG_CFLAGS=''
XORG_DRIVER_INSTALL_DIR='${exec_prefix}/lib/xorg/modules/drivers'
XORG_LIBS=''
XVMC_CFLAGS=''
XVMC_LIBS=''
X_CFLAGS=''
X_EXTRA_LIBS=''
X_LIBS=''
X_PRE_LIBS=''
ac_ct_CC='gcc'
ac_ct_CXX='g++'
am__EXEEXT_FALSE=''
am__EXEEXT_TRUE='#'
am__fastdepCC_FALSE='#'
am__fastdepCC_TRUE=''
am__fastdepCXX_FALSE='#'
am__fastdepCXX_TRUE=''
am__include='include'
am__isrc=''
am__leading_dot='.'
am__quote=''
am__tar='${AMTAR} chof - "$$tardir"'
am__untar='${AMTAR} xf -'
bindir='${exec_prefix}/bin'
build='x86_64-unknown-linux-gnu'
build_alias=''
build_cpu='x86_64'
build_os='linux-gnu'
build_vendor='unknown'
datadir='${datarootdir}'
datarootdir='${prefix}/share'
docdir='${datarootdir}/doc/${PACKAGE_TARNAME}'
dvidir='${docdir}'
exec_prefix='${prefix}'
host='x86_64-unknown-linux-gnu'
host_alias=''
host_cpu='x86_64'
host_os='linux-gnu'
host_vendor='unknown'
htmldir='${docdir}'
includedir='${prefix}/include'
infodir='${datarootdir}/info'
install_sh='${SHELL} /root/workspace/MesaGLUT/Mesa-8.0.1/bin/install-sh'
libdir='${exec_prefix}/lib'
libexecdir='${exec_prefix}/libexec'
localedir='${datarootdir}/locale'
localstatedir='${prefix}/var'
mandir='${datarootdir}/man'
mkdir_p='/bin/mkdir -p'
oldincludedir='/usr/include'
pdfdir='${docdir}'
prefix='/usr/local/mesa'
program_transform_name='s,x,x,'
psdir='${docdir}'
sbindir='${exec_prefix}/sbin'
sharedstatedir='${prefix}/com'
sysconfdir='${prefix}/etc'
target_alias=''

## ----------- ##
## confdefs.h. ##
## ----------- ##

#define PACKAGE_NAME "Mesa"
#define PACKAGE_TARNAME "mesa"
#define PACKAGE_VERSION "8.0.0"
#define PACKAGE_STRING "Mesa 8.0.0"
#define PACKAGE_BUGREPORT "https://bugs.freedesktop.org/enter_bug.cgi?product=Mesa"
#define PACKAGE "mesa"
#define VERSION "8.0.0"
#define HAVE_LIBEXPAT 1
#define HAVE_LIBXCB_DRI2 1

configure: exit 0
