The system is: Linux - 2.6.36 - x86_64
Compiling the C compiler identification source file "CMakeCCompilerId.c" succeeded.
Compiler: /usr/bin/cc 
Build flags: 
Id flags: 

The output was:
0


Compilation of the C compiler identification source "CMakeCCompilerId.c" produced "a.out"

The C compiler identification is GNU, found in "/root/workspace/exercise/languages/C/net/demo/build/CMakeFiles/3.0.0/CompilerIdC/a.out"

Compiling the CXX compiler identification source file "CMakeCXXCompilerId.cpp" succeeded.
Compiler: /usr/bin/c++ 
Build flags: 
Id flags: 

The output was:
0


Compilation of the CXX compiler identification source "CMakeCXXCompilerId.cpp" produced "a.out"

The CXX compiler identification is GNU, found in "/root/workspace/exercise/languages/C/net/demo/build/CMakeFiles/3.0.0/CompilerIdCXX/a.out"

Determining if the C compiler works passed with the following output:
Change Dir: /root/workspace/exercise/languages/C/net/demo/build/CMakeFiles/CMakeTmp

Run Build Command:"/usr/bin/gmake" "cmTryCompileExec1266445393/fast"
/usr/bin/gmake -f CMakeFiles/cmTryCompileExec1266445393.dir/build.make CMakeFiles/cmTryCompileExec1266445393.dir/build
gmake[1]: Entering directory `/root/workspace/exercise/languages/C/net/demo/build/CMakeFiles/CMakeTmp'
/usr/bin/cmake -E cmake_progress_report /root/workspace/exercise/languages/C/net/demo/build/CMakeFiles/CMakeTmp/CMakeFiles 1
Building C object CMakeFiles/cmTryCompileExec1266445393.dir/testCCompiler.c.o
/usr/bin/cc    -o CMakeFiles/cmTryCompileExec1266445393.dir/testCCompiler.c.o   -c /root/workspace/exercise/languages/C/net/demo/build/CMakeFiles/CMakeTmp/testCCompiler.c
Linking C executable cmTryCompileExec1266445393
/usr/bin/cmake -E cmake_link_script CMakeFiles/cmTryCompileExec1266445393.dir/link.txt --verbose=1
/usr/bin/cc       CMakeFiles/cmTryCompileExec1266445393.dir/testCCompiler.c.o  -o cmTryCompileExec1266445393 -rdynamic 
gmake[1]: Leaving directory `/root/workspace/exercise/languages/C/net/demo/build/CMakeFiles/CMakeTmp'


Detecting C compiler ABI info compiled with the following output:
Change Dir: /root/workspace/exercise/languages/C/net/demo/build/CMakeFiles/CMakeTmp

Run Build Command:"/usr/bin/gmake" "cmTryCompileExec4008335566/fast"
/usr/bin/gmake -f CMakeFiles/cmTryCompileExec4008335566.dir/build.make CMakeFiles/cmTryCompileExec4008335566.dir/build
gmake[1]: Entering directory `/root/workspace/exercise/languages/C/net/demo/build/CMakeFiles/CMakeTmp'
/usr/bin/cmake -E cmake_progress_report /root/workspace/exercise/languages/C/net/demo/build/CMakeFiles/CMakeTmp/CMakeFiles 1
Building C object CMakeFiles/cmTryCompileExec4008335566.dir/CMakeCCompilerABI.c.o
/usr/bin/cc    -o CMakeFiles/cmTryCompileExec4008335566.dir/CMakeCCompilerABI.c.o   -c /usr/share/cmake/Modules/CMakeCCompilerABI.c
Linking C executable cmTryCompileExec4008335566
/usr/bin/cmake -E cmake_link_script CMakeFiles/cmTryCompileExec4008335566.dir/link.txt --verbose=1
/usr/bin/cc     -v CMakeFiles/cmTryCompileExec4008335566.dir/CMakeCCompilerABI.c.o  -o cmTryCompileExec4008335566 -rdynamic  
使用内建 specs。
目标：x86_64-kylin-linux
配置为：../configure --prefix=/usr --mandir=/usr/share/man --infodir=/usr/share/info --with-bugurl=http://bugzilla.redhat.com/bugzilla --enable-bootstrap --enable-shared --enable-threads=posix --enable-checking=release --with-system-zlib --enable-__cxa_atexit --disable-libunwind-exceptions --enable-gnu-unique-object --enable-languages=c,c++,objc,obj-c++,java,fortran,ada --enable-java-awt=gtk --disable-dssi --with-java-home=/usr/lib/jvm/java-1.5.0-gcj-1.5.0.0/jre --enable-libgcj-multifile --enable-java-maintainer-mode --with-ecj-jar=/usr/share/java/eclipse-ecj.jar --disable-libjava-multilib --with-ppl --with-cloog --with-tune=generic --with-arch_32=i686 --build=x86_64-kylin-linux
线程模型：posix
gcc 版本 4.4.7 20120313 (Red Hat 4.4.7-4) (GCC) 
COMPILER_PATH=/usr/libexec/gcc/x86_64-kylin-linux/4.4.7/:/usr/libexec/gcc/x86_64-kylin-linux/4.4.7/:/usr/libexec/gcc/x86_64-kylin-linux/:/usr/lib/gcc/x86_64-kylin-linux/4.4.7/:/usr/lib/gcc/x86_64-kylin-linux/:/usr/libexec/gcc/x86_64-kylin-linux/4.4.7/:/usr/libexec/gcc/x86_64-kylin-linux/:/usr/lib/gcc/x86_64-kylin-linux/4.4.7/:/usr/lib/gcc/x86_64-kylin-linux/
LIBRARY_PATH=/usr/lib/gcc/x86_64-kylin-linux/4.4.7/:/usr/lib/gcc/x86_64-kylin-linux/4.4.7/:/usr/lib/gcc/x86_64-kylin-linux/4.4.7/../../../../lib64/:/lib/../lib64/:/usr/lib/../lib64/:/usr/lib/gcc/x86_64-kylin-linux/4.4.7/../../../:/lib/:/usr/lib/
COLLECT_GCC_OPTIONS='-v' '-o' 'cmTryCompileExec4008335566' '-rdynamic' '-mtune=generic'
 /usr/libexec/gcc/x86_64-kylin-linux/4.4.7/collect2 --eh-frame-hdr --build-id -m elf_x86_64 --hash-style=gnu -export-dynamic -dynamic-linker /lib64/ld-linux-x86-64.so.2 -o cmTryCompileExec4008335566 /usr/lib/gcc/x86_64-kylin-linux/4.4.7/../../../../lib64/crt1.o /usr/lib/gcc/x86_64-kylin-linux/4.4.7/../../../../lib64/crti.o /usr/lib/gcc/x86_64-kylin-linux/4.4.7/crtbegin.o -L/usr/lib/gcc/x86_64-kylin-linux/4.4.7 -L/usr/lib/gcc/x86_64-kylin-linux/4.4.7 -L/usr/lib/gcc/x86_64-kylin-linux/4.4.7/../../../../lib64 -L/lib/../lib64 -L/usr/lib/../lib64 -L/usr/lib/gcc/x86_64-kylin-linux/4.4.7/../../.. CMakeFiles/cmTryCompileExec4008335566.dir/CMakeCCompilerABI.c.o -lgcc --as-needed -lgcc_s --no-as-needed -lc -lgcc --as-needed -lgcc_s --no-as-needed /usr/lib/gcc/x86_64-kylin-linux/4.4.7/crtend.o /usr/lib/gcc/x86_64-kylin-linux/4.4.7/../../../../lib64/crtn.o
gmake[1]: Leaving directory `/root/workspace/exercise/languages/C/net/demo/build/CMakeFiles/CMakeTmp'


Parsed C implicit link information from above output:
  link line regex: [^( *|.*[/\])(ld|([^/\]+-)?ld|collect2)[^/\]*( |$)]
  ignore line: [Change Dir: /root/workspace/exercise/languages/C/net/demo/build/CMakeFiles/CMakeTmp]
  ignore line: []
  ignore line: [Run Build Command:"/usr/bin/gmake" "cmTryCompileExec4008335566/fast"]
  ignore line: [/usr/bin/gmake -f CMakeFiles/cmTryCompileExec4008335566.dir/build.make CMakeFiles/cmTryCompileExec4008335566.dir/build]
  ignore line: [gmake[1]: Entering directory `/root/workspace/exercise/languages/C/net/demo/build/CMakeFiles/CMakeTmp']
  ignore line: [/usr/bin/cmake -E cmake_progress_report /root/workspace/exercise/languages/C/net/demo/build/CMakeFiles/CMakeTmp/CMakeFiles 1]
  ignore line: [Building C object CMakeFiles/cmTryCompileExec4008335566.dir/CMakeCCompilerABI.c.o]
  ignore line: [/usr/bin/cc    -o CMakeFiles/cmTryCompileExec4008335566.dir/CMakeCCompilerABI.c.o   -c /usr/share/cmake/Modules/CMakeCCompilerABI.c]
  ignore line: [Linking C executable cmTryCompileExec4008335566]
  ignore line: [/usr/bin/cmake -E cmake_link_script CMakeFiles/cmTryCompileExec4008335566.dir/link.txt --verbose=1]
  ignore line: [/usr/bin/cc     -v CMakeFiles/cmTryCompileExec4008335566.dir/CMakeCCompilerABI.c.o  -o cmTryCompileExec4008335566 -rdynamic  ]
  ignore line: [使用内建 specs。]
  ignore line: [目标：x86_64-kylin-linux]
  ignore line: [配置为：../configure --prefix=/usr --mandir=/usr/share/man --infodir=/usr/share/info --with-bugurl=http://bugzilla.redhat.com/bugzilla --enable-bootstrap --enable-shared --enable-threads=posix --enable-checking=release --with-system-zlib --enable-__cxa_atexit --disable-libunwind-exceptions --enable-gnu-unique-object --enable-languages=c,c++,objc,obj-c++,java,fortran,ada --enable-java-awt=gtk --disable-dssi --with-java-home=/usr/lib/jvm/java-1.5.0-gcj-1.5.0.0/jre --enable-libgcj-multifile --enable-java-maintainer-mode --with-ecj-jar=/usr/share/java/eclipse-ecj.jar --disable-libjava-multilib --with-ppl --with-cloog --with-tune=generic --with-arch_32=i686 --build=x86_64-kylin-linux]
  ignore line: [线程模型：posix]
  ignore line: [gcc 版本 4.4.7 20120313 (Red Hat 4.4.7-4) (GCC) ]
  ignore line: [COMPILER_PATH=/usr/libexec/gcc/x86_64-kylin-linux/4.4.7/:/usr/libexec/gcc/x86_64-kylin-linux/4.4.7/:/usr/libexec/gcc/x86_64-kylin-linux/:/usr/lib/gcc/x86_64-kylin-linux/4.4.7/:/usr/lib/gcc/x86_64-kylin-linux/:/usr/libexec/gcc/x86_64-kylin-linux/4.4.7/:/usr/libexec/gcc/x86_64-kylin-linux/:/usr/lib/gcc/x86_64-kylin-linux/4.4.7/:/usr/lib/gcc/x86_64-kylin-linux/]
  ignore line: [LIBRARY_PATH=/usr/lib/gcc/x86_64-kylin-linux/4.4.7/:/usr/lib/gcc/x86_64-kylin-linux/4.4.7/:/usr/lib/gcc/x86_64-kylin-linux/4.4.7/../../../../lib64/:/lib/../lib64/:/usr/lib/../lib64/:/usr/lib/gcc/x86_64-kylin-linux/4.4.7/../../../:/lib/:/usr/lib/]
  ignore line: [COLLECT_GCC_OPTIONS='-v' '-o' 'cmTryCompileExec4008335566' '-rdynamic' '-mtune=generic']
  link line: [ /usr/libexec/gcc/x86_64-kylin-linux/4.4.7/collect2 --eh-frame-hdr --build-id -m elf_x86_64 --hash-style=gnu -export-dynamic -dynamic-linker /lib64/ld-linux-x86-64.so.2 -o cmTryCompileExec4008335566 /usr/lib/gcc/x86_64-kylin-linux/4.4.7/../../../../lib64/crt1.o /usr/lib/gcc/x86_64-kylin-linux/4.4.7/../../../../lib64/crti.o /usr/lib/gcc/x86_64-kylin-linux/4.4.7/crtbegin.o -L/usr/lib/gcc/x86_64-kylin-linux/4.4.7 -L/usr/lib/gcc/x86_64-kylin-linux/4.4.7 -L/usr/lib/gcc/x86_64-kylin-linux/4.4.7/../../../../lib64 -L/lib/../lib64 -L/usr/lib/../lib64 -L/usr/lib/gcc/x86_64-kylin-linux/4.4.7/../../.. CMakeFiles/cmTryCompileExec4008335566.dir/CMakeCCompilerABI.c.o -lgcc --as-needed -lgcc_s --no-as-needed -lc -lgcc --as-needed -lgcc_s --no-as-needed /usr/lib/gcc/x86_64-kylin-linux/4.4.7/crtend.o /usr/lib/gcc/x86_64-kylin-linux/4.4.7/../../../../lib64/crtn.o]
    arg [/usr/libexec/gcc/x86_64-kylin-linux/4.4.7/collect2] ==> ignore
    arg [--eh-frame-hdr] ==> ignore
    arg [--build-id] ==> ignore
    arg [-m] ==> ignore
    arg [elf_x86_64] ==> ignore
    arg [--hash-style=gnu] ==> ignore
    arg [-export-dynamic] ==> ignore
    arg [-dynamic-linker] ==> ignore
    arg [/lib64/ld-linux-x86-64.so.2] ==> ignore
    arg [-o] ==> ignore
    arg [cmTryCompileExec4008335566] ==> ignore
    arg [/usr/lib/gcc/x86_64-kylin-linux/4.4.7/../../../../lib64/crt1.o] ==> ignore
    arg [/usr/lib/gcc/x86_64-kylin-linux/4.4.7/../../../../lib64/crti.o] ==> ignore
    arg [/usr/lib/gcc/x86_64-kylin-linux/4.4.7/crtbegin.o] ==> ignore
    arg [-L/usr/lib/gcc/x86_64-kylin-linux/4.4.7] ==> dir [/usr/lib/gcc/x86_64-kylin-linux/4.4.7]
    arg [-L/usr/lib/gcc/x86_64-kylin-linux/4.4.7] ==> dir [/usr/lib/gcc/x86_64-kylin-linux/4.4.7]
    arg [-L/usr/lib/gcc/x86_64-kylin-linux/4.4.7/../../../../lib64] ==> dir [/usr/lib/gcc/x86_64-kylin-linux/4.4.7/../../../../lib64]
    arg [-L/lib/../lib64] ==> dir [/lib/../lib64]
    arg [-L/usr/lib/../lib64] ==> dir [/usr/lib/../lib64]
    arg [-L/usr/lib/gcc/x86_64-kylin-linux/4.4.7/../../..] ==> dir [/usr/lib/gcc/x86_64-kylin-linux/4.4.7/../../..]
    arg [CMakeFiles/cmTryCompileExec4008335566.dir/CMakeCCompilerABI.c.o] ==> ignore
    arg [-lgcc] ==> lib [gcc]
    arg [--as-needed] ==> ignore
    arg [-lgcc_s] ==> lib [gcc_s]
    arg [--no-as-needed] ==> ignore
    arg [-lc] ==> lib [c]
    arg [-lgcc] ==> lib [gcc]
    arg [--as-needed] ==> ignore
    arg [-lgcc_s] ==> lib [gcc_s]
    arg [--no-as-needed] ==> ignore
    arg [/usr/lib/gcc/x86_64-kylin-linux/4.4.7/crtend.o] ==> ignore
    arg [/usr/lib/gcc/x86_64-kylin-linux/4.4.7/../../../../lib64/crtn.o] ==> ignore
  remove lib [gcc]
  remove lib [gcc_s]
  remove lib [gcc]
  remove lib [gcc_s]
  collapse library dir [/usr/lib/gcc/x86_64-kylin-linux/4.4.7] ==> [/usr/lib/gcc/x86_64-kylin-linux/4.4.7]
  collapse library dir [/usr/lib/gcc/x86_64-kylin-linux/4.4.7] ==> [/usr/lib/gcc/x86_64-kylin-linux/4.4.7]
  collapse library dir [/usr/lib/gcc/x86_64-kylin-linux/4.4.7/../../../../lib64] ==> [/usr/lib64]
  collapse library dir [/lib/../lib64] ==> [/lib64]
  collapse library dir [/usr/lib/../lib64] ==> [/usr/lib64]
  collapse library dir [/usr/lib/gcc/x86_64-kylin-linux/4.4.7/../../..] ==> [/usr/lib]
  implicit libs: [c]
  implicit dirs: [/usr/lib/gcc/x86_64-kylin-linux/4.4.7;/usr/lib64;/lib64;/usr/lib]
  implicit fwks: []


Determining if the CXX compiler works passed with the following output:
Change Dir: /root/workspace/exercise/languages/C/net/demo/build/CMakeFiles/CMakeTmp

Run Build Command:"/usr/bin/gmake" "cmTryCompileExec2957770286/fast"
/usr/bin/gmake -f CMakeFiles/cmTryCompileExec2957770286.dir/build.make CMakeFiles/cmTryCompileExec2957770286.dir/build
gmake[1]: Entering directory `/root/workspace/exercise/languages/C/net/demo/build/CMakeFiles/CMakeTmp'
/usr/bin/cmake -E cmake_progress_report /root/workspace/exercise/languages/C/net/demo/build/CMakeFiles/CMakeTmp/CMakeFiles 1
Building CXX object CMakeFiles/cmTryCompileExec2957770286.dir/testCXXCompiler.cxx.o
/usr/bin/c++     -o CMakeFiles/cmTryCompileExec2957770286.dir/testCXXCompiler.cxx.o -c /root/workspace/exercise/languages/C/net/demo/build/CMakeFiles/CMakeTmp/testCXXCompiler.cxx
Linking CXX executable cmTryCompileExec2957770286
/usr/bin/cmake -E cmake_link_script CMakeFiles/cmTryCompileExec2957770286.dir/link.txt --verbose=1
/usr/bin/c++        CMakeFiles/cmTryCompileExec2957770286.dir/testCXXCompiler.cxx.o  -o cmTryCompileExec2957770286 -rdynamic 
gmake[1]: Leaving directory `/root/workspace/exercise/languages/C/net/demo/build/CMakeFiles/CMakeTmp'


Detecting CXX compiler ABI info compiled with the following output:
Change Dir: /root/workspace/exercise/languages/C/net/demo/build/CMakeFiles/CMakeTmp

Run Build Command:"/usr/bin/gmake" "cmTryCompileExec3344132336/fast"
/usr/bin/gmake -f CMakeFiles/cmTryCompileExec3344132336.dir/build.make CMakeFiles/cmTryCompileExec3344132336.dir/build
gmake[1]: Entering directory `/root/workspace/exercise/languages/C/net/demo/build/CMakeFiles/CMakeTmp'
/usr/bin/cmake -E cmake_progress_report /root/workspace/exercise/languages/C/net/demo/build/CMakeFiles/CMakeTmp/CMakeFiles 1
Building CXX object CMakeFiles/cmTryCompileExec3344132336.dir/CMakeCXXCompilerABI.cpp.o
/usr/bin/c++     -o CMakeFiles/cmTryCompileExec3344132336.dir/CMakeCXXCompilerABI.cpp.o -c /usr/share/cmake/Modules/CMakeCXXCompilerABI.cpp
Linking CXX executable cmTryCompileExec3344132336
/usr/bin/cmake -E cmake_link_script CMakeFiles/cmTryCompileExec3344132336.dir/link.txt --verbose=1
/usr/bin/c++      -v CMakeFiles/cmTryCompileExec3344132336.dir/CMakeCXXCompilerABI.cpp.o  -o cmTryCompileExec3344132336 -rdynamic  
使用内建 specs。
目标：x86_64-kylin-linux
配置为：../configure --prefix=/usr --mandir=/usr/share/man --infodir=/usr/share/info --with-bugurl=http://bugzilla.redhat.com/bugzilla --enable-bootstrap --enable-shared --enable-threads=posix --enable-checking=release --with-system-zlib --enable-__cxa_atexit --disable-libunwind-exceptions --enable-gnu-unique-object --enable-languages=c,c++,objc,obj-c++,java,fortran,ada --enable-java-awt=gtk --disable-dssi --with-java-home=/usr/lib/jvm/java-1.5.0-gcj-1.5.0.0/jre --enable-libgcj-multifile --enable-java-maintainer-mode --with-ecj-jar=/usr/share/java/eclipse-ecj.jar --disable-libjava-multilib --with-ppl --with-cloog --with-tune=generic --with-arch_32=i686 --build=x86_64-kylin-linux
线程模型：posix
gcc 版本 4.4.7 20120313 (Red Hat 4.4.7-4) (GCC) 
COMPILER_PATH=/usr/libexec/gcc/x86_64-kylin-linux/4.4.7/:/usr/libexec/gcc/x86_64-kylin-linux/4.4.7/:/usr/libexec/gcc/x86_64-kylin-linux/:/usr/lib/gcc/x86_64-kylin-linux/4.4.7/:/usr/lib/gcc/x86_64-kylin-linux/:/usr/libexec/gcc/x86_64-kylin-linux/4.4.7/:/usr/libexec/gcc/x86_64-kylin-linux/:/usr/lib/gcc/x86_64-kylin-linux/4.4.7/:/usr/lib/gcc/x86_64-kylin-linux/
LIBRARY_PATH=/usr/lib/gcc/x86_64-kylin-linux/4.4.7/:/usr/lib/gcc/x86_64-kylin-linux/4.4.7/:/usr/lib/gcc/x86_64-kylin-linux/4.4.7/../../../../lib64/:/lib/../lib64/:/usr/lib/../lib64/:/usr/lib/gcc/x86_64-kylin-linux/4.4.7/../../../:/lib/:/usr/lib/
COLLECT_GCC_OPTIONS='-v' '-o' 'cmTryCompileExec3344132336' '-rdynamic' '-shared-libgcc' '-mtune=generic'
 /usr/libexec/gcc/x86_64-kylin-linux/4.4.7/collect2 --eh-frame-hdr --build-id -m elf_x86_64 --hash-style=gnu -export-dynamic -dynamic-linker /lib64/ld-linux-x86-64.so.2 -o cmTryCompileExec3344132336 /usr/lib/gcc/x86_64-kylin-linux/4.4.7/../../../../lib64/crt1.o /usr/lib/gcc/x86_64-kylin-linux/4.4.7/../../../../lib64/crti.o /usr/lib/gcc/x86_64-kylin-linux/4.4.7/crtbegin.o -L/usr/lib/gcc/x86_64-kylin-linux/4.4.7 -L/usr/lib/gcc/x86_64-kylin-linux/4.4.7 -L/usr/lib/gcc/x86_64-kylin-linux/4.4.7/../../../../lib64 -L/lib/../lib64 -L/usr/lib/../lib64 -L/usr/lib/gcc/x86_64-kylin-linux/4.4.7/../../.. CMakeFiles/cmTryCompileExec3344132336.dir/CMakeCXXCompilerABI.cpp.o -lstdc++ -lm -lgcc_s -lgcc -lc -lgcc_s -lgcc /usr/lib/gcc/x86_64-kylin-linux/4.4.7/crtend.o /usr/lib/gcc/x86_64-kylin-linux/4.4.7/../../../../lib64/crtn.o
gmake[1]: Leaving directory `/root/workspace/exercise/languages/C/net/demo/build/CMakeFiles/CMakeTmp'


Parsed CXX implicit link information from above output:
  link line regex: [^( *|.*[/\])(ld|([^/\]+-)?ld|collect2)[^/\]*( |$)]
  ignore line: [Change Dir: /root/workspace/exercise/languages/C/net/demo/build/CMakeFiles/CMakeTmp]
  ignore line: []
  ignore line: [Run Build Command:"/usr/bin/gmake" "cmTryCompileExec3344132336/fast"]
  ignore line: [/usr/bin/gmake -f CMakeFiles/cmTryCompileExec3344132336.dir/build.make CMakeFiles/cmTryCompileExec3344132336.dir/build]
  ignore line: [gmake[1]: Entering directory `/root/workspace/exercise/languages/C/net/demo/build/CMakeFiles/CMakeTmp']
  ignore line: [/usr/bin/cmake -E cmake_progress_report /root/workspace/exercise/languages/C/net/demo/build/CMakeFiles/CMakeTmp/CMakeFiles 1]
  ignore line: [Building CXX object CMakeFiles/cmTryCompileExec3344132336.dir/CMakeCXXCompilerABI.cpp.o]
  ignore line: [/usr/bin/c++     -o CMakeFiles/cmTryCompileExec3344132336.dir/CMakeCXXCompilerABI.cpp.o -c /usr/share/cmake/Modules/CMakeCXXCompilerABI.cpp]
  ignore line: [Linking CXX executable cmTryCompileExec3344132336]
  ignore line: [/usr/bin/cmake -E cmake_link_script CMakeFiles/cmTryCompileExec3344132336.dir/link.txt --verbose=1]
  ignore line: [/usr/bin/c++      -v CMakeFiles/cmTryCompileExec3344132336.dir/CMakeCXXCompilerABI.cpp.o  -o cmTryCompileExec3344132336 -rdynamic  ]
  ignore line: [使用内建 specs。]
  ignore line: [目标：x86_64-kylin-linux]
  ignore line: [配置为：../configure --prefix=/usr --mandir=/usr/share/man --infodir=/usr/share/info --with-bugurl=http://bugzilla.redhat.com/bugzilla --enable-bootstrap --enable-shared --enable-threads=posix --enable-checking=release --with-system-zlib --enable-__cxa_atexit --disable-libunwind-exceptions --enable-gnu-unique-object --enable-languages=c,c++,objc,obj-c++,java,fortran,ada --enable-java-awt=gtk --disable-dssi --with-java-home=/usr/lib/jvm/java-1.5.0-gcj-1.5.0.0/jre --enable-libgcj-multifile --enable-java-maintainer-mode --with-ecj-jar=/usr/share/java/eclipse-ecj.jar --disable-libjava-multilib --with-ppl --with-cloog --with-tune=generic --with-arch_32=i686 --build=x86_64-kylin-linux]
  ignore line: [线程模型：posix]
  ignore line: [gcc 版本 4.4.7 20120313 (Red Hat 4.4.7-4) (GCC) ]
  ignore line: [COMPILER_PATH=/usr/libexec/gcc/x86_64-kylin-linux/4.4.7/:/usr/libexec/gcc/x86_64-kylin-linux/4.4.7/:/usr/libexec/gcc/x86_64-kylin-linux/:/usr/lib/gcc/x86_64-kylin-linux/4.4.7/:/usr/lib/gcc/x86_64-kylin-linux/:/usr/libexec/gcc/x86_64-kylin-linux/4.4.7/:/usr/libexec/gcc/x86_64-kylin-linux/:/usr/lib/gcc/x86_64-kylin-linux/4.4.7/:/usr/lib/gcc/x86_64-kylin-linux/]
  ignore line: [LIBRARY_PATH=/usr/lib/gcc/x86_64-kylin-linux/4.4.7/:/usr/lib/gcc/x86_64-kylin-linux/4.4.7/:/usr/lib/gcc/x86_64-kylin-linux/4.4.7/../../../../lib64/:/lib/../lib64/:/usr/lib/../lib64/:/usr/lib/gcc/x86_64-kylin-linux/4.4.7/../../../:/lib/:/usr/lib/]
  ignore line: [COLLECT_GCC_OPTIONS='-v' '-o' 'cmTryCompileExec3344132336' '-rdynamic' '-shared-libgcc' '-mtune=generic']
  link line: [ /usr/libexec/gcc/x86_64-kylin-linux/4.4.7/collect2 --eh-frame-hdr --build-id -m elf_x86_64 --hash-style=gnu -export-dynamic -dynamic-linker /lib64/ld-linux-x86-64.so.2 -o cmTryCompileExec3344132336 /usr/lib/gcc/x86_64-kylin-linux/4.4.7/../../../../lib64/crt1.o /usr/lib/gcc/x86_64-kylin-linux/4.4.7/../../../../lib64/crti.o /usr/lib/gcc/x86_64-kylin-linux/4.4.7/crtbegin.o -L/usr/lib/gcc/x86_64-kylin-linux/4.4.7 -L/usr/lib/gcc/x86_64-kylin-linux/4.4.7 -L/usr/lib/gcc/x86_64-kylin-linux/4.4.7/../../../../lib64 -L/lib/../lib64 -L/usr/lib/../lib64 -L/usr/lib/gcc/x86_64-kylin-linux/4.4.7/../../.. CMakeFiles/cmTryCompileExec3344132336.dir/CMakeCXXCompilerABI.cpp.o -lstdc++ -lm -lgcc_s -lgcc -lc -lgcc_s -lgcc /usr/lib/gcc/x86_64-kylin-linux/4.4.7/crtend.o /usr/lib/gcc/x86_64-kylin-linux/4.4.7/../../../../lib64/crtn.o]
    arg [/usr/libexec/gcc/x86_64-kylin-linux/4.4.7/collect2] ==> ignore
    arg [--eh-frame-hdr] ==> ignore
    arg [--build-id] ==> ignore
    arg [-m] ==> ignore
    arg [elf_x86_64] ==> ignore
    arg [--hash-style=gnu] ==> ignore
    arg [-export-dynamic] ==> ignore
    arg [-dynamic-linker] ==> ignore
    arg [/lib64/ld-linux-x86-64.so.2] ==> ignore
    arg [-o] ==> ignore
    arg [cmTryCompileExec3344132336] ==> ignore
    arg [/usr/lib/gcc/x86_64-kylin-linux/4.4.7/../../../../lib64/crt1.o] ==> ignore
    arg [/usr/lib/gcc/x86_64-kylin-linux/4.4.7/../../../../lib64/crti.o] ==> ignore
    arg [/usr/lib/gcc/x86_64-kylin-linux/4.4.7/crtbegin.o] ==> ignore
    arg [-L/usr/lib/gcc/x86_64-kylin-linux/4.4.7] ==> dir [/usr/lib/gcc/x86_64-kylin-linux/4.4.7]
    arg [-L/usr/lib/gcc/x86_64-kylin-linux/4.4.7] ==> dir [/usr/lib/gcc/x86_64-kylin-linux/4.4.7]
    arg [-L/usr/lib/gcc/x86_64-kylin-linux/4.4.7/../../../../lib64] ==> dir [/usr/lib/gcc/x86_64-kylin-linux/4.4.7/../../../../lib64]
    arg [-L/lib/../lib64] ==> dir [/lib/../lib64]
    arg [-L/usr/lib/../lib64] ==> dir [/usr/lib/../lib64]
    arg [-L/usr/lib/gcc/x86_64-kylin-linux/4.4.7/../../..] ==> dir [/usr/lib/gcc/x86_64-kylin-linux/4.4.7/../../..]
    arg [CMakeFiles/cmTryCompileExec3344132336.dir/CMakeCXXCompilerABI.cpp.o] ==> ignore
    arg [-lstdc++] ==> lib [stdc++]
    arg [-lm] ==> lib [m]
    arg [-lgcc_s] ==> lib [gcc_s]
    arg [-lgcc] ==> lib [gcc]
    arg [-lc] ==> lib [c]
    arg [-lgcc_s] ==> lib [gcc_s]
    arg [-lgcc] ==> lib [gcc]
    arg [/usr/lib/gcc/x86_64-kylin-linux/4.4.7/crtend.o] ==> ignore
    arg [/usr/lib/gcc/x86_64-kylin-linux/4.4.7/../../../../lib64/crtn.o] ==> ignore
  remove lib [gcc_s]
  remove lib [gcc]
  remove lib [gcc_s]
  remove lib [gcc]
  collapse library dir [/usr/lib/gcc/x86_64-kylin-linux/4.4.7] ==> [/usr/lib/gcc/x86_64-kylin-linux/4.4.7]
  collapse library dir [/usr/lib/gcc/x86_64-kylin-linux/4.4.7] ==> [/usr/lib/gcc/x86_64-kylin-linux/4.4.7]
  collapse library dir [/usr/lib/gcc/x86_64-kylin-linux/4.4.7/../../../../lib64] ==> [/usr/lib64]
  collapse library dir [/lib/../lib64] ==> [/lib64]
  collapse library dir [/usr/lib/../lib64] ==> [/usr/lib64]
  collapse library dir [/usr/lib/gcc/x86_64-kylin-linux/4.4.7/../../..] ==> [/usr/lib]
  implicit libs: [stdc++;m;c]
  implicit dirs: [/usr/lib/gcc/x86_64-kylin-linux/4.4.7;/usr/lib64;/lib64;/usr/lib]
  implicit fwks: []


