This file contains any messages produced by compilers while
running configure, to aid debugging if configure makes a mistake.

It was created by configure, which was
generated by GNU Autoconf 2.63.  Invocation command line was

  $ ./configure CFLAGS=-g3 -O0 CXXFLAGS=-g3 -O0 --prefix=/usr/local/ksim

## --------- ##
## Platform. ##
## --------- ##

hostname = localhost.localdomain
uname -m = x86_64
uname -r = 2.6.36
uname -s = Linux
uname -v = #4 SMP Sun Nov 22 18:36:43 CST 2015

/usr/bin/uname -p = unknown
/bin/uname -X     = unknown

/bin/arch              = x86_64
/usr/bin/arch -k       = unknown
/usr/convex/getsysinfo = unknown
/usr/bin/hostinfo      = unknown
/bin/machine           = unknown
/usr/bin/oslevel       = unknown
/bin/universe          = unknown

PATH: /usr/lib64/qt-3.3/bin
PATH: /usr/local/sbin
PATH: /usr/sbin
PATH: /sbin
PATH: /usr/local/bin
PATH: /usr/bin
PATH: /bin
PATH: /root/bin


## ----------- ##
## Core tests. ##
## ----------- ##

configure:1940: checking for a BSD-compatible install
configure:2008: result: /usr/bin/install -c
configure:2019: checking whether build environment is sane
configure:2062: result: yes
configure:2087: checking for a thread-safe mkdir -p
configure:2126: result: /bin/mkdir -p
configure:2139: checking for gawk
configure:2155: found /usr/bin/gawk
configure:2166: result: gawk
configure:2177: checking whether make sets $(MAKE)
configure:2199: result: yes
configure:2443: checking for g++
configure:2459: found /usr/bin/g++
configure:2470: result: g++
configure:2497: checking for C++ compiler version
configure:2505: g++ --version >&5
g++ (GCC) 4.4.7 20120313 (Red Hat 4.4.7-4)
Copyright (C) 2010 Free Software Foundation, Inc.
This is free software; see the source for copying conditions.  There is NO
warranty; not even for MERCHANTABILITY or FITNESS FOR A PARTICULAR PURPOSE.

configure:2509: $? = 0
configure:2516: g++ -v >&5
Using built-in specs.
Target: x86_64-kylin-linux
Configured with: ../configure --prefix=/usr --mandir=/usr/share/man --infodir=/usr/share/info --with-bugurl=http://bugzilla.redhat.com/bugzilla --enable-bootstrap --enable-shared --enable-threads=posix --enable-checking=release --with-system-zlib --enable-__cxa_atexit --disable-libunwind-exceptions --enable-gnu-unique-object --enable-languages=c,c++,objc,obj-c++,java,fortran,ada --enable-java-awt=gtk --disable-dssi --with-java-home=/usr/lib/jvm/java-1.5.0-gcj-1.5.0.0/jre --enable-libgcj-multifile --enable-java-maintainer-mode --with-ecj-jar=/usr/share/java/eclipse-ecj.jar --disable-libjava-multilib --with-ppl --with-cloog --with-tune=generic --with-arch_32=i686 --build=x86_64-kylin-linux
Thread model: posix
gcc version 4.4.7 20120313 (Red Hat 4.4.7-4) (GCC) 
configure:2520: $? = 0
configure:2527: g++ -V >&5
g++: '-V' option must have argument
configure:2531: $? = 1
configure:2554: checking for C++ compiler default output file name
configure:2576: g++ -g3 -O0   conftest.cpp  >&5
configure:2580: $? = 0
configure:2618: result: a.out
configure:2637: checking whether the C++ compiler works
configure:2647: ./a.out
configure:2651: $? = 0
configure:2670: result: yes
configure:2677: checking whether we are cross compiling
configure:2679: result: no
configure:2682: checking for suffix of executables
configure:2689: g++ -o conftest -g3 -O0   conftest.cpp  >&5
configure:2693: $? = 0
configure:2719: result: 
configure:2725: checking for suffix of object files
configure:2751: g++ -c -g3 -O0  conftest.cpp >&5
configure:2755: $? = 0
configure:2780: result: o
configure:2784: checking whether we are using the GNU C++ compiler
configure:2813: g++ -c -g3 -O0  conftest.cpp >&5
configure:2820: $? = 0
configure:2837: result: yes
configure:2846: checking whether g++ accepts -g
configure:2876: g++ -c -g  conftest.cpp >&5
configure:2883: $? = 0
configure:2984: result: yes
configure:3018: checking for style of include used by make
configure:3046: result: GNU
configure:3071: checking dependency style of g++
configure:3162: result: gcc3
configure:3225: checking for gcc
configure:3241: found /usr/bin/gcc
configure:3252: result: gcc
configure:3484: checking for C compiler version
configure:3492: gcc --version >&5
gcc (GCC) 4.4.7 20120313 (Red Hat 4.4.7-4)
Copyright (C) 2010 Free Software Foundation, Inc.
This is free software; see the source for copying conditions.  There is NO
warranty; not even for MERCHANTABILITY or FITNESS FOR A PARTICULAR PURPOSE.

configure:3496: $? = 0
configure:3503: gcc -v >&5
Using built-in specs.
Target: x86_64-kylin-linux
Configured with: ../configure --prefix=/usr --mandir=/usr/share/man --infodir=/usr/share/info --with-bugurl=http://bugzilla.redhat.com/bugzilla --enable-bootstrap --enable-shared --enable-threads=posix --enable-checking=release --with-system-zlib --enable-__cxa_atexit --disable-libunwind-exceptions --enable-gnu-unique-object --enable-languages=c,c++,objc,obj-c++,java,fortran,ada --enable-java-awt=gtk --disable-dssi --with-java-home=/usr/lib/jvm/java-1.5.0-gcj-1.5.0.0/jre --enable-libgcj-multifile --enable-java-maintainer-mode --with-ecj-jar=/usr/share/java/eclipse-ecj.jar --disable-libjava-multilib --with-ppl --with-cloog --with-tune=generic --with-arch_32=i686 --build=x86_64-kylin-linux
Thread model: posix
gcc version 4.4.7 20120313 (Red Hat 4.4.7-4) (GCC) 
configure:3507: $? = 0
configure:3514: gcc -V >&5
gcc: '-V' option must have argument
configure:3518: $? = 1
configure:3521: checking whether we are using the GNU C compiler
configure:3550: gcc -c -g3 -O0  conftest.c >&5
configure:3557: $? = 0
configure:3574: result: yes
configure:3583: checking whether gcc accepts -g
configure:3613: gcc -c -g  conftest.c >&5
configure:3620: $? = 0
configure:3721: result: yes
configure:3738: checking for gcc option to accept ISO C89
configure:3812: gcc  -c -g3 -O0  conftest.c >&5
configure:3819: $? = 0
configure:3842: result: none needed
configure:3862: checking dependency style of gcc
configure:3953: result: gcc3
configure:3973: checking how to run the C preprocessor
configure:4013: gcc -E  conftest.c
configure:4020: $? = 0
configure:4051: gcc -E  conftest.c
conftest.c:10:28: error: ac_nonexistent.h: No such file or directory
configure:4058: $? = 1
configure: failed program was:
| /* confdefs.h.  */
| #define PACKAGE_NAME ""
| #define PACKAGE_TARNAME ""
| #define PACKAGE_VERSION ""
| #define PACKAGE_STRING ""
| #define PACKAGE_BUGREPORT ""
| #define PACKAGE "iptux"
| #define VERSION "0.4.5"
| /* end confdefs.h.  */
| #include <ac_nonexistent.h>
configure:4091: result: gcc -E
configure:4120: gcc -E  conftest.c
configure:4127: $? = 0
configure:4158: gcc -E  conftest.c
conftest.c:10:28: error: ac_nonexistent.h: No such file or directory
configure:4165: $? = 1
configure: failed program was:
| /* confdefs.h.  */
| #define PACKAGE_NAME ""
| #define PACKAGE_TARNAME ""
| #define PACKAGE_VERSION ""
| #define PACKAGE_STRING ""
| #define PACKAGE_BUGREPORT ""
| #define PACKAGE "iptux"
| #define VERSION "0.4.5"
| /* end confdefs.h.  */
| #include <ac_nonexistent.h>
configure:4208: checking for gawk
configure:4235: result: gawk
configure:4260: checking for a BSD-compatible install
configure:4328: result: /usr/bin/install -c
configure:4339: checking whether ln -s works
configure:4343: result: yes
configure:4350: checking whether make sets $(MAKE)
configure:4372: result: yes
configure:4424: checking for ranlib
configure:4440: found /usr/bin/ranlib
configure:4451: result: ranlib
configure:4473: checking for a thread-safe mkdir -p
configure:4512: result: /bin/mkdir -p
configure:4534: checking for dirent.h that defines DIR
configure:4563: gcc -c -g3 -O0  conftest.c >&5
configure:4570: $? = 0
configure:4587: result: yes
configure:4602: checking for library containing opendir
configure:4643: gcc -o conftest -g3 -O0   conftest.c  >&5
configure:4650: $? = 0
configure:4681: result: none required
configure:4780: checking for grep that handles long lines and -e
configure:4840: result: /bin/grep
configure:4845: checking for egrep
configure:4909: result: /bin/grep -E
configure:4914: checking for ANSI C header files
configure:4944: gcc -c -g3 -O0  conftest.c >&5
configure:4951: $? = 0
configure:5050: gcc -o conftest -g3 -O0   conftest.c  >&5
configure:5054: $? = 0
configure:5060: ./conftest
configure:5064: $? = 0
configure:5082: result: yes
configure:5106: checking for sys/types.h
configure:5127: gcc -c -g3 -O0  conftest.c >&5
configure:5134: $? = 0
configure:5151: result: yes
configure:5106: checking for sys/stat.h
configure:5127: gcc -c -g3 -O0  conftest.c >&5
configure:5134: $? = 0
configure:5151: result: yes
configure:5106: checking for stdlib.h
configure:5127: gcc -c -g3 -O0  conftest.c >&5
configure:5134: $? = 0
configure:5151: result: yes
configure:5106: checking for string.h
configure:5127: gcc -c -g3 -O0  conftest.c >&5
configure:5134: $? = 0
configure:5151: result: yes
configure:5106: checking for memory.h
configure:5127: gcc -c -g3 -O0  conftest.c >&5
configure:5134: $? = 0
configure:5151: result: yes
configure:5106: checking for strings.h
configure:5127: gcc -c -g3 -O0  conftest.c >&5
configure:5134: $? = 0
configure:5151: result: yes
configure:5106: checking for inttypes.h
configure:5127: gcc -c -g3 -O0  conftest.c >&5
configure:5134: $? = 0
configure:5151: result: yes
configure:5106: checking for stdint.h
configure:5127: gcc -c -g3 -O0  conftest.c >&5
configure:5134: $? = 0
configure:5151: result: yes
configure:5106: checking for unistd.h
configure:5127: gcc -c -g3 -O0  conftest.c >&5
configure:5134: $? = 0
configure:5151: result: yes
configure:5192: checking arpa/inet.h usability
configure:5209: gcc -c -g3 -O0  conftest.c >&5
configure:5216: $? = 0
configure:5230: result: yes
configure:5234: checking arpa/inet.h presence
configure:5249: gcc -E  conftest.c
configure:5256: $? = 0
configure:5270: result: yes
configure:5298: checking for arpa/inet.h
configure:5307: result: yes
configure:5192: checking fcntl.h usability
configure:5209: gcc -c -g3 -O0  conftest.c >&5
configure:5216: $? = 0
configure:5230: result: yes
configure:5234: checking fcntl.h presence
configure:5249: gcc -E  conftest.c
configure:5256: $? = 0
configure:5270: result: yes
configure:5298: checking for fcntl.h
configure:5307: result: yes
configure:5192: checking netinet/in.h usability
configure:5209: gcc -c -g3 -O0  conftest.c >&5
configure:5216: $? = 0
configure:5230: result: yes
configure:5234: checking netinet/in.h presence
configure:5249: gcc -E  conftest.c
configure:5256: $? = 0
configure:5270: result: yes
configure:5298: checking for netinet/in.h
configure:5307: result: yes
configure:5181: checking for stdint.h
configure:5188: result: yes
configure:5181: checking for stdlib.h
configure:5188: result: yes
configure:5181: checking for string.h
configure:5188: result: yes
configure:5181: checking for strings.h
configure:5188: result: yes
configure:5192: checking sys/ioctl.h usability
configure:5209: gcc -c -g3 -O0  conftest.c >&5
configure:5216: $? = 0
configure:5230: result: yes
configure:5234: checking sys/ioctl.h presence
configure:5249: gcc -E  conftest.c
configure:5256: $? = 0
configure:5270: result: yes
configure:5298: checking for sys/ioctl.h
configure:5307: result: yes
configure:5192: checking sys/socket.h usability
configure:5209: gcc -c -g3 -O0  conftest.c >&5
configure:5216: $? = 0
configure:5230: result: yes
configure:5234: checking sys/socket.h presence
configure:5249: gcc -E  conftest.c
configure:5256: $? = 0
configure:5270: result: yes
configure:5298: checking for sys/socket.h
configure:5307: result: yes
configure:5192: checking sys/time.h usability
configure:5209: gcc -c -g3 -O0  conftest.c >&5
configure:5216: $? = 0
configure:5230: result: yes
configure:5234: checking sys/time.h presence
configure:5249: gcc -E  conftest.c
configure:5256: $? = 0
configure:5270: result: yes
configure:5298: checking for sys/time.h
configure:5307: result: yes
configure:5192: checking sys/vfs.h usability
configure:5209: gcc -c -g3 -O0  conftest.c >&5
configure:5216: $? = 0
configure:5230: result: yes
configure:5234: checking sys/vfs.h presence
configure:5249: gcc -E  conftest.c
configure:5256: $? = 0
configure:5270: result: yes
configure:5298: checking for sys/vfs.h
configure:5307: result: yes
configure:5181: checking for unistd.h
configure:5188: result: yes
configure:5324: checking for stdbool.h that conforms to C99
configure:5419: gcc -c -g3 -O0  conftest.c >&5
configure:5426: $? = 0
configure:5441: result: yes
configure:5443: checking for _Bool
configure:5471: gcc -c -g3 -O0  conftest.c >&5
configure:5478: $? = 0
configure:5505: gcc -c -g3 -O0  conftest.c >&5
conftest.c: In function 'main':
conftest.c:69: error: expected expression before ')' token
configure:5512: $? = 1
configure: failed program was:
| /* confdefs.h.  */
| #define PACKAGE_NAME ""
| #define PACKAGE_TARNAME ""
| #define PACKAGE_VERSION ""
| #define PACKAGE_STRING ""
| #define PACKAGE_BUGREPORT ""
| #define PACKAGE "iptux"
| #define VERSION "0.4.5"
| #define HAVE_DIRENT_H 1
| #define STDC_HEADERS 1
| #define HAVE_SYS_TYPES_H 1
| #define HAVE_SYS_STAT_H 1
| #define HAVE_STDLIB_H 1
| #define HAVE_STRING_H 1
| #define HAVE_MEMORY_H 1
| #define HAVE_STRINGS_H 1
| #define HAVE_INTTYPES_H 1
| #define HAVE_STDINT_H 1
| #define HAVE_UNISTD_H 1
| #define HAVE_ARPA_INET_H 1
| #define HAVE_FCNTL_H 1
| #define HAVE_NETINET_IN_H 1
| #define HAVE_STDINT_H 1
| #define HAVE_STDLIB_H 1
| #define HAVE_STRING_H 1
| #define HAVE_STRINGS_H 1
| #define HAVE_SYS_IOCTL_H 1
| #define HAVE_SYS_SOCKET_H 1
| #define HAVE_SYS_TIME_H 1
| #define HAVE_SYS_VFS_H 1
| #define HAVE_UNISTD_H 1
| /* end confdefs.h.  */
| #include <stdio.h>
| #ifdef HAVE_SYS_TYPES_H
| # include <sys/types.h>
| #endif
| #ifdef HAVE_SYS_STAT_H
| # include <sys/stat.h>
| #endif
| #ifdef STDC_HEADERS
| # include <stdlib.h>
| # include <stddef.h>
| #else
| # ifdef HAVE_STDLIB_H
| #  include <stdlib.h>
| # endif
| #endif
| #ifdef HAVE_STRING_H
| # if !defined STDC_HEADERS && defined HAVE_MEMORY_H
| #  include <memory.h>
| # endif
| # include <string.h>
| #endif
| #ifdef HAVE_STRINGS_H
| # include <strings.h>
| #endif
| #ifdef HAVE_INTTYPES_H
| # include <inttypes.h>
| #endif
| #ifdef HAVE_STDINT_H
| # include <stdint.h>
| #endif
| #ifdef HAVE_UNISTD_H
| # include <unistd.h>
| #endif
| int
| main ()
| {
| if (sizeof ((_Bool)))
| 	  return 0;
|   ;
|   return 0;
| }
configure:5535: result: yes
configure:5554: checking for inline
configure:5580: gcc -c -g3 -O0  conftest.c >&5
configure:5587: $? = 0
configure:5605: result: inline
configure:5624: checking for an ANSI C-conforming const
configure:5699: gcc -c -g3 -O0  conftest.c >&5
configure:5706: $? = 0
configure:5721: result: yes
configure:5731: checking for mode_t
configure:5759: gcc -c -g3 -O0  conftest.c >&5
configure:5766: $? = 0
configure:5793: gcc -c -g3 -O0  conftest.c >&5
conftest.c: In function 'main':
conftest.c:71: error: expected expression before ')' token
configure:5800: $? = 1
configure: failed program was:
| /* confdefs.h.  */
| #define PACKAGE_NAME ""
| #define PACKAGE_TARNAME ""
| #define PACKAGE_VERSION ""
| #define PACKAGE_STRING ""
| #define PACKAGE_BUGREPORT ""
| #define PACKAGE "iptux"
| #define VERSION "0.4.5"
| #define HAVE_DIRENT_H 1
| #define STDC_HEADERS 1
| #define HAVE_SYS_TYPES_H 1
| #define HAVE_SYS_STAT_H 1
| #define HAVE_STDLIB_H 1
| #define HAVE_STRING_H 1
| #define HAVE_MEMORY_H 1
| #define HAVE_STRINGS_H 1
| #define HAVE_INTTYPES_H 1
| #define HAVE_STDINT_H 1
| #define HAVE_UNISTD_H 1
| #define HAVE_ARPA_INET_H 1
| #define HAVE_FCNTL_H 1
| #define HAVE_NETINET_IN_H 1
| #define HAVE_STDINT_H 1
| #define HAVE_STDLIB_H 1
| #define HAVE_STRING_H 1
| #define HAVE_STRINGS_H 1
| #define HAVE_SYS_IOCTL_H 1
| #define HAVE_SYS_SOCKET_H 1
| #define HAVE_SYS_TIME_H 1
| #define HAVE_SYS_VFS_H 1
| #define HAVE_UNISTD_H 1
| #define HAVE__BOOL 1
| #define HAVE_STDBOOL_H 1
| /* end confdefs.h.  */
| #include <stdio.h>
| #ifdef HAVE_SYS_TYPES_H
| # include <sys/types.h>
| #endif
| #ifdef HAVE_SYS_STAT_H
| # include <sys/stat.h>
| #endif
| #ifdef STDC_HEADERS
| # include <stdlib.h>
| # include <stddef.h>
| #else
| # ifdef HAVE_STDLIB_H
| #  include <stdlib.h>
| # endif
| #endif
| #ifdef HAVE_STRING_H
| # if !defined STDC_HEADERS && defined HAVE_MEMORY_H
| #  include <memory.h>
| # endif
| # include <string.h>
| #endif
| #ifdef HAVE_STRINGS_H
| # include <strings.h>
| #endif
| #ifdef HAVE_INTTYPES_H
| # include <inttypes.h>
| #endif
| #ifdef HAVE_STDINT_H
| # include <stdint.h>
| #endif
| #ifdef HAVE_UNISTD_H
| # include <unistd.h>
| #endif
| int
| main ()
| {
| if (sizeof ((mode_t)))
| 	  return 0;
|   ;
|   return 0;
| }
configure:5823: result: yes
configure:5835: checking for size_t
configure:5863: gcc -c -g3 -O0  conftest.c >&5
configure:5870: $? = 0
configure:5897: gcc -c -g3 -O0  conftest.c >&5
conftest.c: In function 'main':
conftest.c:71: error: expected expression before ')' token
configure:5904: $? = 1
configure: failed program was:
| /* confdefs.h.  */
| #define PACKAGE_NAME ""
| #define PACKAGE_TARNAME ""
| #define PACKAGE_VERSION ""
| #define PACKAGE_STRING ""
| #define PACKAGE_BUGREPORT ""
| #define PACKAGE "iptux"
| #define VERSION "0.4.5"
| #define HAVE_DIRENT_H 1
| #define STDC_HEADERS 1
| #define HAVE_SYS_TYPES_H 1
| #define HAVE_SYS_STAT_H 1
| #define HAVE_STDLIB_H 1
| #define HAVE_STRING_H 1
| #define HAVE_MEMORY_H 1
| #define HAVE_STRINGS_H 1
| #define HAVE_INTTYPES_H 1
| #define HAVE_STDINT_H 1
| #define HAVE_UNISTD_H 1
| #define HAVE_ARPA_INET_H 1
| #define HAVE_FCNTL_H 1
| #define HAVE_NETINET_IN_H 1
| #define HAVE_STDINT_H 1
| #define HAVE_STDLIB_H 1
| #define HAVE_STRING_H 1
| #define HAVE_STRINGS_H 1
| #define HAVE_SYS_IOCTL_H 1
| #define HAVE_SYS_SOCKET_H 1
| #define HAVE_SYS_TIME_H 1
| #define HAVE_SYS_VFS_H 1
| #define HAVE_UNISTD_H 1
| #define HAVE__BOOL 1
| #define HAVE_STDBOOL_H 1
| /* end confdefs.h.  */
| #include <stdio.h>
| #ifdef HAVE_SYS_TYPES_H
| # include <sys/types.h>
| #endif
| #ifdef HAVE_SYS_STAT_H
| # include <sys/stat.h>
| #endif
| #ifdef STDC_HEADERS
| # include <stdlib.h>
| # include <stddef.h>
| #else
| # ifdef HAVE_STDLIB_H
| #  include <stdlib.h>
| # endif
| #endif
| #ifdef HAVE_STRING_H
| # if !defined STDC_HEADERS && defined HAVE_MEMORY_H
| #  include <memory.h>
| # endif
| # include <string.h>
| #endif
| #ifdef HAVE_STRINGS_H
| # include <strings.h>
| #endif
| #ifdef HAVE_INTTYPES_H
| # include <inttypes.h>
| #endif
| #ifdef HAVE_STDINT_H
| # include <stdint.h>
| #endif
| #ifdef HAVE_UNISTD_H
| # include <unistd.h>
| #endif
| int
| main ()
| {
| if (sizeof ((size_t)))
| 	  return 0;
|   ;
|   return 0;
| }
configure:5927: result: yes
configure:5939: checking for ssize_t
configure:5967: gcc -c -g3 -O0  conftest.c >&5
configure:5974: $? = 0
configure:6001: gcc -c -g3 -O0  conftest.c >&5
conftest.c: In function 'main':
conftest.c:71: error: expected expression before ')' token
configure:6008: $? = 1
configure: failed program was:
| /* confdefs.h.  */
| #define PACKAGE_NAME ""
| #define PACKAGE_TARNAME ""
| #define PACKAGE_VERSION ""
| #define PACKAGE_STRING ""
| #define PACKAGE_BUGREPORT ""
| #define PACKAGE "iptux"
| #define VERSION "0.4.5"
| #define HAVE_DIRENT_H 1
| #define STDC_HEADERS 1
| #define HAVE_SYS_TYPES_H 1
| #define HAVE_SYS_STAT_H 1
| #define HAVE_STDLIB_H 1
| #define HAVE_STRING_H 1
| #define HAVE_MEMORY_H 1
| #define HAVE_STRINGS_H 1
| #define HAVE_INTTYPES_H 1
| #define HAVE_STDINT_H 1
| #define HAVE_UNISTD_H 1
| #define HAVE_ARPA_INET_H 1
| #define HAVE_FCNTL_H 1
| #define HAVE_NETINET_IN_H 1
| #define HAVE_STDINT_H 1
| #define HAVE_STDLIB_H 1
| #define HAVE_STRING_H 1
| #define HAVE_STRINGS_H 1
| #define HAVE_SYS_IOCTL_H 1
| #define HAVE_SYS_SOCKET_H 1
| #define HAVE_SYS_TIME_H 1
| #define HAVE_SYS_VFS_H 1
| #define HAVE_UNISTD_H 1
| #define HAVE__BOOL 1
| #define HAVE_STDBOOL_H 1
| /* end confdefs.h.  */
| #include <stdio.h>
| #ifdef HAVE_SYS_TYPES_H
| # include <sys/types.h>
| #endif
| #ifdef HAVE_SYS_STAT_H
| # include <sys/stat.h>
| #endif
| #ifdef STDC_HEADERS
| # include <stdlib.h>
| # include <stddef.h>
| #else
| # ifdef HAVE_STDLIB_H
| #  include <stdlib.h>
| # endif
| #endif
| #ifdef HAVE_STRING_H
| # if !defined STDC_HEADERS && defined HAVE_MEMORY_H
| #  include <memory.h>
| # endif
| # include <string.h>
| #endif
| #ifdef HAVE_STRINGS_H
| # include <strings.h>
| #endif
| #ifdef HAVE_INTTYPES_H
| # include <inttypes.h>
| #endif
| #ifdef HAVE_STDINT_H
| # include <stdint.h>
| #endif
| #ifdef HAVE_UNISTD_H
| # include <unistd.h>
| #endif
| int
| main ()
| {
| if (sizeof ((ssize_t)))
| 	  return 0;
|   ;
|   return 0;
| }
configure:6031: result: yes
configure:6043: checking whether time.h and sys/time.h may both be included
configure:6073: gcc -c -g3 -O0  conftest.c >&5
configure:6080: $? = 0
configure:6095: result: yes
configure:6106: checking for uint16_t
configure:6137: gcc -c -g3 -O0  conftest.c >&5
configure:6144: $? = 0
configure:6165: result: yes
configure:6179: checking for uint32_t
configure:6210: gcc -c -g3 -O0  conftest.c >&5
configure:6217: $? = 0
configure:6238: result: yes
configure:6256: checking for uint64_t
configure:6287: gcc -c -g3 -O0  conftest.c >&5
configure:6294: $? = 0
configure:6315: result: yes
configure:6333: checking for uint8_t
configure:6364: gcc -c -g3 -O0  conftest.c >&5
configure:6371: $? = 0
configure:6392: result: yes
configure:6411: checking whether closedir returns void
configure:6445: gcc -o conftest -g3 -O0   conftest.c  >&5
configure:6449: $? = 0
configure:6455: ./conftest
configure:6459: $? = 0
configure:6476: result: no
configure:6487: checking whether gcc needs -traditional
configure:6529: result: no
configure:6541: checking for stdlib.h
configure:6548: result: yes
configure:6682: checking for GNU libc compatible malloc
configure:6716: gcc -o conftest -g3 -O0   conftest.c  >&5
configure:6720: $? = 0
configure:6726: ./conftest
configure:6730: $? = 0
configure:6747: result: yes
configure:6775: checking return type of signal handlers
configure:6803: gcc -c -g3 -O0  conftest.c >&5
conftest.c: In function 'main':
conftest.c:44: error: void value not ignored as it ought to be
configure:6810: $? = 1
configure: failed program was:
| /* confdefs.h.  */
| #define PACKAGE_NAME ""
| #define PACKAGE_TARNAME ""
| #define PACKAGE_VERSION ""
| #define PACKAGE_STRING ""
| #define PACKAGE_BUGREPORT ""
| #define PACKAGE "iptux"
| #define VERSION "0.4.5"
| #define HAVE_DIRENT_H 1
| #define STDC_HEADERS 1
| #define HAVE_SYS_TYPES_H 1
| #define HAVE_SYS_STAT_H 1
| #define HAVE_STDLIB_H 1
| #define HAVE_STRING_H 1
| #define HAVE_MEMORY_H 1
| #define HAVE_STRINGS_H 1
| #define HAVE_INTTYPES_H 1
| #define HAVE_STDINT_H 1
| #define HAVE_UNISTD_H 1
| #define HAVE_ARPA_INET_H 1
| #define HAVE_FCNTL_H 1
| #define HAVE_NETINET_IN_H 1
| #define HAVE_STDINT_H 1
| #define HAVE_STDLIB_H 1
| #define HAVE_STRING_H 1
| #define HAVE_STRINGS_H 1
| #define HAVE_SYS_IOCTL_H 1
| #define HAVE_SYS_SOCKET_H 1
| #define HAVE_SYS_TIME_H 1
| #define HAVE_SYS_VFS_H 1
| #define HAVE_UNISTD_H 1
| #define HAVE__BOOL 1
| #define HAVE_STDBOOL_H 1
| #define TIME_WITH_SYS_TIME 1
| #define HAVE_STDLIB_H 1
| #define HAVE_MALLOC 1
| /* end confdefs.h.  */
| #include <sys/types.h>
| #include <signal.h>
| 
| int
| main ()
| {
| return *(signal (0, 0)) (0) == 1;
|   ;
|   return 0;
| }
configure:6825: result: void
configure:6833: checking whether lstat dereferences a symlink specified with a trailing slash
configure:6869: gcc -o conftest -g3 -O0   conftest.c  >&5
configure:6873: $? = 0
configure:6879: ./conftest
configure:6883: $? = 0
configure:6907: result: yes
configure:6926: checking whether stat accepts an empty string
configure:6956: gcc -o conftest -g3 -O0   conftest.c  >&5
configure:6960: $? = 0
configure:6966: ./conftest
configure:6970: $? = 0
configure:6987: result: no
configure:7007: checking for vprintf
configure:7063: gcc -o conftest -g3 -O0   conftest.c  >&5
conftest.c:63: warning: conflicting types for built-in function 'vprintf'
configure:7070: $? = 0
configure:7092: result: yes
configure:7101: checking for _doprnt
configure:7157: gcc -o conftest -g3 -O0   conftest.c  >&5
/tmp/ccYuV0hn.o: In function `main':
/root/workspace/exercise/languages/C/graph/gtk/ksim-0.0.1/conftest.c:75: undefined reference to `_doprnt'
collect2: ld returned 1 exit status
configure:7164: $? = 1
configure: failed program was:
| /* confdefs.h.  */
| #define PACKAGE_NAME ""
| #define PACKAGE_TARNAME ""
| #define PACKAGE_VERSION ""
| #define PACKAGE_STRING ""
| #define PACKAGE_BUGREPORT ""
| #define PACKAGE "iptux"
| #define VERSION "0.4.5"
| #define HAVE_DIRENT_H 1
| #define STDC_HEADERS 1
| #define HAVE_SYS_TYPES_H 1
| #define HAVE_SYS_STAT_H 1
| #define HAVE_STDLIB_H 1
| #define HAVE_STRING_H 1
| #define HAVE_MEMORY_H 1
| #define HAVE_STRINGS_H 1
| #define HAVE_INTTYPES_H 1
| #define HAVE_STDINT_H 1
| #define HAVE_UNISTD_H 1
| #define HAVE_ARPA_INET_H 1
| #define HAVE_FCNTL_H 1
| #define HAVE_NETINET_IN_H 1
| #define HAVE_STDINT_H 1
| #define HAVE_STDLIB_H 1
| #define HAVE_STRING_H 1
| #define HAVE_STRINGS_H 1
| #define HAVE_SYS_IOCTL_H 1
| #define HAVE_SYS_SOCKET_H 1
| #define HAVE_SYS_TIME_H 1
| #define HAVE_SYS_VFS_H 1
| #define HAVE_UNISTD_H 1
| #define HAVE__BOOL 1
| #define HAVE_STDBOOL_H 1
| #define TIME_WITH_SYS_TIME 1
| #define HAVE_STDLIB_H 1
| #define HAVE_MALLOC 1
| #define RETSIGTYPE void
| #define LSTAT_FOLLOWS_SLASHED_SYMLINK 1
| #define HAVE_VPRINTF 1
| /* end confdefs.h.  */
| /* Define _doprnt to an innocuous variant, in case <limits.h> declares _doprnt.
|    For example, HP-UX 11i <limits.h> declares gettimeofday.  */
| #define _doprnt innocuous__doprnt
| 
| /* System header to define __stub macros and hopefully few prototypes,
|     which can conflict with char _doprnt (); below.
|     Prefer <limits.h> to <assert.h> if __STDC__ is defined, since
|     <limits.h> exists even on freestanding compilers.  */
| 
| #ifdef __STDC__
| # include <limits.h>
| #else
| # include <assert.h>
| #endif
| 
| #undef _doprnt
| 
| /* Override any GCC internal prototype to avoid an error.
|    Use char because int might match the return type of a GCC
|    builtin and then its argument prototype would still apply.  */
| #ifdef __cplusplus
| extern "C"
| #endif
| char _doprnt ();
| /* The GNU C library defines this for functions which it implements
|     to always fail with ENOSYS.  Some functions are actually named
|     something starting with __ and the normal name is an alias.  */
| #if defined __stub__doprnt || defined __stub____doprnt
| choke me
| #endif
| 
| int
| main ()
| {
| return _doprnt ();
|   ;
|   return 0;
| }
configure:7184: result: no
configure:7216: checking for bzero
configure:7272: gcc -o conftest -g3 -O0   conftest.c  >&5
conftest.c:64: warning: conflicting types for built-in function 'bzero'
configure:7279: $? = 0
configure:7301: result: yes
configure:7216: checking for getcwd
configure:7272: gcc -o conftest -g3 -O0   conftest.c  >&5
configure:7279: $? = 0
configure:7301: result: yes
configure:7216: checking for gettimeofday
configure:7272: gcc -o conftest -g3 -O0   conftest.c  >&5
configure:7279: $? = 0
configure:7301: result: yes
configure:7216: checking for inet_ntoa
configure:7272: gcc -o conftest -g3 -O0   conftest.c  >&5
configure:7279: $? = 0
configure:7301: result: yes
configure:7216: checking for memmove
configure:7272: gcc -o conftest -g3 -O0   conftest.c  >&5
conftest.c:68: warning: conflicting types for built-in function 'memmove'
configure:7279: $? = 0
configure:7301: result: yes
configure:7216: checking for mkdir
configure:7272: gcc -o conftest -g3 -O0   conftest.c  >&5
configure:7279: $? = 0
configure:7301: result: yes
configure:7216: checking for rmdir
configure:7272: gcc -o conftest -g3 -O0   conftest.c  >&5
configure:7279: $? = 0
configure:7301: result: yes
configure:7216: checking for socket
configure:7272: gcc -o conftest -g3 -O0   conftest.c  >&5
configure:7279: $? = 0
configure:7301: result: yes
configure:7216: checking for strcasecmp
configure:7272: gcc -o conftest -g3 -O0   conftest.c  >&5
conftest.c:72: warning: conflicting types for built-in function 'strcasecmp'
configure:7279: $? = 0
configure:7301: result: yes
configure:7216: checking for strchr
configure:7272: gcc -o conftest -g3 -O0   conftest.c  >&5
conftest.c:73: warning: conflicting types for built-in function 'strchr'
configure:7279: $? = 0
configure:7301: result: yes
configure:7216: checking for strerror
configure:7272: gcc -o conftest -g3 -O0   conftest.c  >&5
configure:7279: $? = 0
configure:7301: result: yes
configure:7216: checking for strncasecmp
configure:7272: gcc -o conftest -g3 -O0   conftest.c  >&5
conftest.c:75: warning: conflicting types for built-in function 'strncasecmp'
configure:7279: $? = 0
configure:7301: result: yes
configure:7216: checking for strpbrk
configure:7272: gcc -o conftest -g3 -O0   conftest.c  >&5
conftest.c:76: warning: conflicting types for built-in function 'strpbrk'
configure:7279: $? = 0
configure:7301: result: yes
configure:7216: checking for strrchr
configure:7272: gcc -o conftest -g3 -O0   conftest.c  >&5
conftest.c:77: warning: conflicting types for built-in function 'strrchr'
configure:7279: $? = 0
configure:7301: result: yes
configure:7216: checking for strstr
configure:7272: gcc -o conftest -g3 -O0   conftest.c  >&5
conftest.c:78: warning: conflicting types for built-in function 'strstr'
configure:7279: $? = 0
configure:7301: result: yes
configure:7463: checking for pkg-config
configure:7481: found /usr/bin/pkg-config
configure:7493: result: /usr/bin/pkg-config
configure:7518: checking pkg-config is at least version 0.9.0
configure:7521: result: yes
configure:7532: checking for GTK
configure:7540: $PKG_CONFIG --exists --print-errors "$gtk_modules"
configure:7543: $? = 0
configure:7558: $PKG_CONFIG --exists --print-errors "$gtk_modules"
configure:7561: $? = 0
configure:7639: result: yes
configure:7646: checking for GLIB
configure:7654: $PKG_CONFIG --exists --print-errors "$glib_modules"
configure:7657: $? = 0
configure:7672: $PKG_CONFIG --exists --print-errors "$glib_modules"
configure:7675: $? = 0
configure:7753: result: yes
configure:7760: checking for GTHREAD
configure:7768: $PKG_CONFIG --exists --print-errors "$gthread_modules"
configure:7771: $? = 0
configure:7786: $PKG_CONFIG --exists --print-errors "$gthread_modules"
configure:7789: $? = 0
configure:7867: result: yes
configure:7874: checking for GCONF
configure:7882: $PKG_CONFIG --exists --print-errors "$gconf_modules"
configure:7885: $? = 0
configure:7900: $PKG_CONFIG --exists --print-errors "$gconf_modules"
configure:7903: $? = 0
configure:7981: result: yes
configure:7988: checking for GST
configure:7996: $PKG_CONFIG --exists --print-errors "$gst_modules"
configure:7999: $? = 0
configure:8014: $PKG_CONFIG --exists --print-errors "$gst_modules"
configure:8017: $? = 0
configure:8053: result: yes
configure:8096: checking locale.h usability
configure:8113: gcc -c -g3 -O0  conftest.c >&5
configure:8120: $? = 0
configure:8134: result: yes
configure:8138: checking locale.h presence
configure:8153: gcc -E  conftest.c
configure:8160: $? = 0
configure:8174: result: yes
configure:8202: checking for locale.h
configure:8211: result: yes
configure:8227: checking for LC_MESSAGES
configure:8253: gcc -o conftest -g3 -O0   conftest.c  >&5
configure:8260: $? = 0
configure:8280: result: yes
configure:8309: checking libintl.h usability
configure:8326: gcc -c -g3 -O0  conftest.c >&5
configure:8333: $? = 0
configure:8347: result: yes
configure:8351: checking libintl.h presence
configure:8366: gcc -E  conftest.c
configure:8373: $? = 0
configure:8387: result: yes
configure:8415: checking for libintl.h
configure:8422: result: yes
configure:8433: checking for ngettext in libc
configure:8461: gcc -o conftest -g3 -O0   conftest.c  >&5
configure:8468: $? = 0
configure:8489: result: yes
configure:8493: checking for dgettext in libc
configure:8521: gcc -o conftest -g3 -O0   conftest.c  >&5
configure:8528: $? = 0
configure:8549: result: yes
configure:8558: checking for bind_textdomain_codeset
configure:8614: gcc -o conftest -g3 -O0   conftest.c  >&5
configure:8621: $? = 0
configure:8643: result: yes
configure:9159: checking for msgfmt
configure:9186: result: /usr/bin/msgfmt
configure:9199: checking for dcgettext
configure:9255: gcc -o conftest -g3 -O0   conftest.c   >&5
conftest.c:97: warning: conflicting types for built-in function 'dcgettext'
configure:9262: $? = 0
configure:9284: result: yes
configure:9297: checking if msgfmt accepts -c
configure:9312: $MSGFMT -c -o /dev/null conftest.foo
configure:9315: $? = 0
configure:9317: result: yes
configure:9327: checking for gmsgfmt
configure:9358: result: /usr/bin/msgfmt
configure:9368: checking for xgettext
configure:9395: result: /usr/bin/xgettext
configure:9424: gcc -o conftest -g3 -O0   conftest.c   >&5
configure:9431: $? = 0
configure:9607: checking for catalogs to be installed
configure:9632: result:  en_GB zh_CN
configure:9790: creating ./config.status

## ---------------------- ##
## Running config.status. ##
## ---------------------- ##

This file was extended by config.status, which was
generated by GNU Autoconf 2.63.  Invocation command line was

  CONFIG_FILES    = 
  CONFIG_HEADERS  = 
  CONFIG_LINKS    = 
  CONFIG_COMMANDS = 
  $ ./config.status 

on localhost.localdomain

config.status:886: creating Makefile
config.status:886: creating desktop/Makefile
config.status:886: creating pixmaps/Makefile
config.status:886: creating po/Makefile.in
config.status:886: creating sound/Makefile
config.status:886: creating src/Makefile
config.status:886: creating src/uninstall/Makefile
config.status:886: creating config.h
config.status:1108: config.h is unchanged
config.status:1160: executing depfiles commands
config.status:1160: executing default-1 commands

## ---------------- ##
## Cache variables. ##
## ---------------- ##

ac_cv_c_compiler_gnu=yes
ac_cv_c_const=yes
ac_cv_c_inline=inline
ac_cv_c_uint16_t=yes
ac_cv_c_uint32_t=yes
ac_cv_c_uint64_t=yes
ac_cv_c_uint8_t=yes
ac_cv_cxx_compiler_gnu=yes
ac_cv_env_CCC_set=
ac_cv_env_CCC_value=
ac_cv_env_CC_set=
ac_cv_env_CC_value=
ac_cv_env_CFLAGS_set=set
ac_cv_env_CFLAGS_value='-g3 -O0'
ac_cv_env_CPPFLAGS_set=
ac_cv_env_CPPFLAGS_value=
ac_cv_env_CPP_set=
ac_cv_env_CPP_value=
ac_cv_env_CXXFLAGS_set=set
ac_cv_env_CXXFLAGS_value='-g3 -O0'
ac_cv_env_CXX_set=
ac_cv_env_CXX_value=
ac_cv_env_GCONF_CFLAGS_set=
ac_cv_env_GCONF_CFLAGS_value=
ac_cv_env_GCONF_LIBS_set=
ac_cv_env_GCONF_LIBS_value=
ac_cv_env_GLIB_CFLAGS_set=
ac_cv_env_GLIB_CFLAGS_value=
ac_cv_env_GLIB_LIBS_set=
ac_cv_env_GLIB_LIBS_value=
ac_cv_env_GST_CFLAGS_set=
ac_cv_env_GST_CFLAGS_value=
ac_cv_env_GST_LIBS_set=
ac_cv_env_GST_LIBS_value=
ac_cv_env_GTHREAD_CFLAGS_set=
ac_cv_env_GTHREAD_CFLAGS_value=
ac_cv_env_GTHREAD_LIBS_set=
ac_cv_env_GTHREAD_LIBS_value=
ac_cv_env_GTK_CFLAGS_set=
ac_cv_env_GTK_CFLAGS_value=
ac_cv_env_GTK_LIBS_set=
ac_cv_env_GTK_LIBS_value=
ac_cv_env_LDFLAGS_set=
ac_cv_env_LDFLAGS_value=
ac_cv_env_LIBS_set=
ac_cv_env_LIBS_value=
ac_cv_env_PKG_CONFIG_set=
ac_cv_env_PKG_CONFIG_value=
ac_cv_env_build_alias_set=
ac_cv_env_build_alias_value=
ac_cv_env_host_alias_set=
ac_cv_env_host_alias_value=
ac_cv_env_target_alias_set=
ac_cv_env_target_alias_value=
ac_cv_func__doprnt=no
ac_cv_func_bind_textdomain_codeset=yes
ac_cv_func_bzero=yes
ac_cv_func_closedir_void=no
ac_cv_func_dcgettext=yes
ac_cv_func_getcwd=yes
ac_cv_func_gettimeofday=yes
ac_cv_func_inet_ntoa=yes
ac_cv_func_lstat_dereferences_slashed_symlink=yes
ac_cv_func_malloc_0_nonnull=yes
ac_cv_func_memmove=yes
ac_cv_func_mkdir=yes
ac_cv_func_rmdir=yes
ac_cv_func_socket=yes
ac_cv_func_stat_empty_string_bug=no
ac_cv_func_strcasecmp=yes
ac_cv_func_strchr=yes
ac_cv_func_strerror=yes
ac_cv_func_strncasecmp=yes
ac_cv_func_strpbrk=yes
ac_cv_func_strrchr=yes
ac_cv_func_strstr=yes
ac_cv_func_vprintf=yes
ac_cv_header_arpa_inet_h=yes
ac_cv_header_dirent_dirent_h=yes
ac_cv_header_fcntl_h=yes
ac_cv_header_inttypes_h=yes
ac_cv_header_libintl_h=yes
ac_cv_header_locale_h=yes
ac_cv_header_memory_h=yes
ac_cv_header_netinet_in_h=yes
ac_cv_header_stdbool_h=yes
ac_cv_header_stdc=yes
ac_cv_header_stdint_h=yes
ac_cv_header_stdlib_h=yes
ac_cv_header_string_h=yes
ac_cv_header_strings_h=yes
ac_cv_header_sys_ioctl_h=yes
ac_cv_header_sys_socket_h=yes
ac_cv_header_sys_stat_h=yes
ac_cv_header_sys_time_h=yes
ac_cv_header_sys_types_h=yes
ac_cv_header_sys_vfs_h=yes
ac_cv_header_time=yes
ac_cv_header_unistd_h=yes
ac_cv_objext=o
ac_cv_path_EGREP='/bin/grep -E'
ac_cv_path_GMSGFMT=/usr/bin/msgfmt
ac_cv_path_GREP=/bin/grep
ac_cv_path_MSGFMT=/usr/bin/msgfmt
ac_cv_path_XGETTEXT=/usr/bin/xgettext
ac_cv_path_ac_pt_PKG_CONFIG=/usr/bin/pkg-config
ac_cv_path_install='/usr/bin/install -c'
ac_cv_path_mkdir=/bin/mkdir
ac_cv_prog_AWK=gawk
ac_cv_prog_CPP='gcc -E'
ac_cv_prog_ac_ct_CC=gcc
ac_cv_prog_ac_ct_CXX=g++
ac_cv_prog_ac_ct_RANLIB=ranlib
ac_cv_prog_cc_c89=
ac_cv_prog_cc_g=yes
ac_cv_prog_cxx_g=yes
ac_cv_prog_gcc_traditional=no
ac_cv_prog_make_make_set=yes
ac_cv_search_opendir='none required'
ac_cv_type__Bool=yes
ac_cv_type_mode_t=yes
ac_cv_type_signal=void
ac_cv_type_size_t=yes
ac_cv_type_ssize_t=yes
am_cv_CC_dependencies_compiler_type=gcc3
am_cv_CXX_dependencies_compiler_type=gcc3
am_cv_val_LC_MESSAGES=yes
gt_cv_func_dgettext_libc=yes
gt_cv_func_dgettext_libintl=no
gt_cv_func_ngettext_libc=yes
gt_cv_have_gettext=yes
pkg_cv_GCONF_CFLAGS='-DORBIT2=1 -pthread -I/usr/include/gconf/2 -I/usr/include/orbit-2.0 -I/usr/include/dbus-1.0 -I/usr/lib64/dbus-1.0/include -I/usr/include/glib-2.0 -I/usr/lib64/glib-2.0/include  '
pkg_cv_GCONF_LIBS='-lgconf-2 -lglib-2.0  '
pkg_cv_GLIB_CFLAGS='-I/usr/include/glib-2.0 -I/usr/lib64/glib-2.0/include  '
pkg_cv_GLIB_LIBS='-lglib-2.0  '
pkg_cv_GST_CFLAGS='-pthread -I/usr/include/gstreamer-0.10 -I/usr/include/glib-2.0 -I/usr/lib64/glib-2.0/include -I/usr/include/libxml2  '
pkg_cv_GST_LIBS='-pthread -lgstreamer-0.10 -lgobject-2.0 -lgmodule-2.0 -lxml2 -lgthread-2.0 -lrt -lglib-2.0  '
pkg_cv_GTHREAD_CFLAGS='-pthread -I/usr/include/glib-2.0 -I/usr/lib64/glib-2.0/include  '
pkg_cv_GTHREAD_LIBS='-pthread -lgthread-2.0 -lrt -lglib-2.0  '
pkg_cv_GTK_CFLAGS='-pthread -I/usr/include/gtk-2.0 -I/usr/lib64/gtk-2.0/include -I/usr/include/atk-1.0 -I/usr/include/cairo -I/usr/include/pango-1.0 -I/usr/include/glib-2.0 -I/usr/lib64/glib-2.0/include -I/usr/include/pixman-1 -I/usr/include/freetype2 -I/usr/include/libpng12  '
pkg_cv_GTK_LIBS='-pthread -lgtk-x11-2.0 -lgdk-x11-2.0 -latk-1.0 -lgio-2.0 -lpangoft2-1.0 -lgdk_pixbuf-2.0 -lpangocairo-1.0 -lcairo -lpango-1.0 -lfreetype -lfontconfig -lgobject-2.0 -lgmodule-2.0 -lgthread-2.0 -lrt -lglib-2.0  '

## ----------------- ##
## Output variables. ##
## ----------------- ##

ACLOCAL='${SHELL} /root/workspace/exercise/languages/C/graph/gtk/ksim-0.0.1/missing --run aclocal-1.10'
AMDEPBACKSLASH='\'
AMDEP_FALSE='#'
AMDEP_TRUE=''
AMTAR='${SHELL} /root/workspace/exercise/languages/C/graph/gtk/ksim-0.0.1/missing --run tar'
AUTOCONF='${SHELL} /root/workspace/exercise/languages/C/graph/gtk/ksim-0.0.1/missing --run autoconf'
AUTOHEADER='${SHELL} /root/workspace/exercise/languages/C/graph/gtk/ksim-0.0.1/missing --run autoheader'
AUTOMAKE='${SHELL} /root/workspace/exercise/languages/C/graph/gtk/ksim-0.0.1/missing --run automake-1.10'
AWK='gawk'
CATALOGS=' en_GB.gmo zh_CN.gmo'
CATOBJEXT='.gmo'
CC='gcc'
CCDEPMODE='depmode=gcc3'
CFLAGS='-g3 -O0'
CPP='gcc -E'
CPPFLAGS=''
CXX='g++'
CXXDEPMODE='depmode=gcc3'
CXXFLAGS='-g3 -O0'
CYGPATH_W='echo'
DATADIRNAME='share'
DEFS='-DHAVE_CONFIG_H'
DEPDIR='.deps'
ECHO_C=''
ECHO_N='-n'
ECHO_T=''
EGREP='/bin/grep -E'
EXEEXT=''
GCONF_CFLAGS='-DORBIT2=1 -pthread -I/usr/include/gconf/2 -I/usr/include/orbit-2.0 -I/usr/include/dbus-1.0 -I/usr/lib64/dbus-1.0/include -I/usr/include/glib-2.0 -I/usr/lib64/glib-2.0/include  '
GCONF_LIBS='-lgconf-2 -lglib-2.0  '
GETTEXT_PACKAGE='iptux'
GLIB_CFLAGS='-I/usr/include/glib-2.0 -I/usr/lib64/glib-2.0/include  '
GLIB_LIBS='-lglib-2.0  '
GMOFILES=' en_GB.gmo zh_CN.gmo'
GMSGFMT='/usr/bin/msgfmt'
GREP='/bin/grep'
GST_CFLAGS='-pthread -I/usr/include/gstreamer-0.10 -I/usr/include/glib-2.0 -I/usr/lib64/glib-2.0/include -I/usr/include/libxml2  '
GST_LIBS='-pthread -lgstreamer-0.10 -lgobject-2.0 -lgmodule-2.0 -lxml2 -lgthread-2.0 -lrt -lglib-2.0  '
GTHREAD_CFLAGS='-pthread -I/usr/include/glib-2.0 -I/usr/lib64/glib-2.0/include  '
GTHREAD_LIBS='-pthread -lgthread-2.0 -lrt -lglib-2.0  '
GTK_CFLAGS='-pthread -I/usr/include/gtk-2.0 -I/usr/lib64/gtk-2.0/include -I/usr/include/atk-1.0 -I/usr/include/cairo -I/usr/include/pango-1.0 -I/usr/include/glib-2.0 -I/usr/lib64/glib-2.0/include -I/usr/include/pixman-1 -I/usr/include/freetype2 -I/usr/include/libpng12  '
GTK_LIBS='-pthread -lgtk-x11-2.0 -lgdk-x11-2.0 -latk-1.0 -lgio-2.0 -lpangoft2-1.0 -lgdk_pixbuf-2.0 -lpangocairo-1.0 -lcairo -lpango-1.0 -lfreetype -lfontconfig -lgobject-2.0 -lgmodule-2.0 -lgthread-2.0 -lrt -lglib-2.0  '
INSTALL_DATA='${INSTALL} -m 644'
INSTALL_PROGRAM='${INSTALL}'
INSTALL_SCRIPT='${INSTALL}'
INSTALL_STRIP_PROGRAM='$(install_sh) -c -s'
INSTOBJEXT='.mo'
INTLLIBS=''
LDFLAGS=''
LIBOBJS=''
LIBS=''
LN_S='ln -s'
LTLIBOBJS=''
MAKEINFO='${SHELL} /root/workspace/exercise/languages/C/graph/gtk/ksim-0.0.1/missing --run makeinfo'
MKDIR_P='/bin/mkdir -p'
MKINSTALLDIRS='./mkinstalldirs'
MSGFMT='/usr/bin/msgfmt'
MSGFMT_OPTS='-c'
OBJEXT='o'
PACKAGE='iptux'
PACKAGE_BUGREPORT=''
PACKAGE_CFLAGS='-pthread -I/usr/include/gtk-2.0 -I/usr/lib64/gtk-2.0/include -I/usr/include/atk-1.0 -I/usr/include/cairo -I/usr/include/pango-1.0 -I/usr/include/glib-2.0 -I/usr/lib64/glib-2.0/include -I/usr/include/pixman-1 -I/usr/include/freetype2 -I/usr/include/libpng12   -pthread -I/usr/include/glib-2.0 -I/usr/lib64/glib-2.0/include   -DORBIT2=1 -pthread -I/usr/include/gconf/2 -I/usr/include/orbit-2.0 -I/usr/include/dbus-1.0 -I/usr/lib64/dbus-1.0/include -I/usr/include/glib-2.0 -I/usr/lib64/glib-2.0/include   -pthread -I/usr/include/gstreamer-0.10 -I/usr/include/glib-2.0 -I/usr/lib64/glib-2.0/include -I/usr/include/libxml2  '
PACKAGE_LIBS='-pthread -lgtk-x11-2.0 -lgdk-x11-2.0 -latk-1.0 -lgio-2.0 -lpangoft2-1.0 -lgdk_pixbuf-2.0 -lpangocairo-1.0 -lcairo -lpango-1.0 -lfreetype -lfontconfig -lgobject-2.0 -lgmodule-2.0 -lgthread-2.0 -lrt -lglib-2.0   -lglib-2.0   -pthread -lgthread-2.0 -lrt -lglib-2.0   -lgconf-2 -lglib-2.0   -pthread -lgstreamer-0.10 -lgobject-2.0 -lgmodule-2.0 -lxml2 -lgthread-2.0 -lrt -lglib-2.0  '
PACKAGE_NAME=''
PACKAGE_STRING=''
PACKAGE_TARNAME=''
PACKAGE_VERSION=''
PATH_SEPARATOR=':'
PKG_CONFIG='/usr/bin/pkg-config'
POFILES=' en_GB.po zh_CN.po'
POSUB='po'
PO_IN_DATADIR_FALSE=''
PO_IN_DATADIR_TRUE=''
RANLIB='ranlib'
SET_MAKE=''
SHELL='/bin/sh'
STRIP=''
USE_NLS='yes'
VERSION='0.4.5'
XGETTEXT='/usr/bin/xgettext'
ac_ct_CC='gcc'
ac_ct_CXX='g++'
am__fastdepCC_FALSE='#'
am__fastdepCC_TRUE=''
am__fastdepCXX_FALSE='#'
am__fastdepCXX_TRUE=''
am__include='include'
am__isrc=''
am__leading_dot='.'
am__quote=''
am__tar='${AMTAR} chof - "$$tardir"'
am__untar='${AMTAR} xf -'
bindir='${exec_prefix}/bin'
build_alias=''
datadir='${datarootdir}'
datarootdir='${prefix}/share'
desktopdir='/usr/local/ksim/share/applications'
docdir='${datarootdir}/doc/${PACKAGE}'
dvidir='${docdir}'
exec_prefix='/usr/local/ksim'
host_alias=''
htmldir='${docdir}'
icondir='/usr/local/ksim/share/iptux/pixmaps/icon'
includedir='${prefix}/include'
infodir='${datarootdir}/info'
install_sh='$(SHELL) /root/workspace/exercise/languages/C/graph/gtk/ksim-0.0.1/install-sh'
libdir='${exec_prefix}/lib'
libexecdir='${exec_prefix}/libexec'
localedir='/usr/local/ksim/share/locale'
localstatedir='${prefix}/var'
logodir='/usr/local/ksim/share/pixmaps'
mandir='${datarootdir}/man'
menudir='/usr/local/ksim/share/iptux/pixmaps/menu'
mkdir_p='/bin/mkdir -p'
oldincludedir='/usr/include'
pdfdir='${docdir}'
prefix='/usr/local/ksim'
program_transform_name='s,x,x,'
psdir='${docdir}'
sbindir='${exec_prefix}/sbin'
sharedstatedir='${prefix}/com'
sounddir='/usr/local/ksim/share/iptux/sound'
sysconfdir='${prefix}/etc'
target_alias=''
tipdir='/usr/local/ksim/share/iptux/pixmaps/tip'

## ----------- ##
## confdefs.h. ##
## ----------- ##

#define PACKAGE_NAME ""
#define PACKAGE_TARNAME ""
#define PACKAGE_VERSION ""
#define PACKAGE_STRING ""
#define PACKAGE_BUGREPORT ""
#define PACKAGE "iptux"
#define VERSION "0.4.5"
#define HAVE_DIRENT_H 1
#define STDC_HEADERS 1
#define HAVE_SYS_TYPES_H 1
#define HAVE_SYS_STAT_H 1
#define HAVE_STDLIB_H 1
#define HAVE_STRING_H 1
#define HAVE_MEMORY_H 1
#define HAVE_STRINGS_H 1
#define HAVE_INTTYPES_H 1
#define HAVE_STDINT_H 1
#define HAVE_UNISTD_H 1
#define HAVE_ARPA_INET_H 1
#define HAVE_FCNTL_H 1
#define HAVE_NETINET_IN_H 1
#define HAVE_STDINT_H 1
#define HAVE_STDLIB_H 1
#define HAVE_STRING_H 1
#define HAVE_STRINGS_H 1
#define HAVE_SYS_IOCTL_H 1
#define HAVE_SYS_SOCKET_H 1
#define HAVE_SYS_TIME_H 1
#define HAVE_SYS_VFS_H 1
#define HAVE_UNISTD_H 1
#define HAVE__BOOL 1
#define HAVE_STDBOOL_H 1
#define TIME_WITH_SYS_TIME 1
#define HAVE_STDLIB_H 1
#define HAVE_MALLOC 1
#define RETSIGTYPE void
#define LSTAT_FOLLOWS_SLASHED_SYMLINK 1
#define HAVE_VPRINTF 1
#define HAVE_BZERO 1
#define HAVE_GETCWD 1
#define HAVE_GETTIMEOFDAY 1
#define HAVE_INET_NTOA 1
#define HAVE_MEMMOVE 1
#define HAVE_MKDIR 1
#define HAVE_RMDIR 1
#define HAVE_SOCKET 1
#define HAVE_STRCASECMP 1
#define HAVE_STRCHR 1
#define HAVE_STRERROR 1
#define HAVE_STRNCASECMP 1
#define HAVE_STRPBRK 1
#define HAVE_STRRCHR 1
#define HAVE_STRSTR 1
#define __IP_TUX__ 1
#define MESSAGE 1
#define WARNING 1
#define __EXEC_PATH "/usr/local/ksim/bin"
#define __DATA_PATH "/usr/local/ksim/share"
#define __LOCALE_PATH "/usr/local/ksim/share/locale"
#define __DESKTOP_PATH "/usr/local/ksim/share/applications"
#define __LOGO_PATH "/usr/local/ksim/share/pixmaps"
#define __ICON_PATH "/usr/local/ksim/share/iptux/pixmaps/icon"
#define __TIP_PATH "/usr/local/ksim/share/iptux/pixmaps/tip"
#define __MENU_PATH "/usr/local/ksim/share/iptux/pixmaps/menu"
#define __SOUND_PATH "/usr/local/ksim/share/iptux/sound"
#define HAVE_GST 1
#define GETTEXT_PACKAGE "iptux"
#define HAVE_LOCALE_H 1
#define HAVE_LC_MESSAGES 1
#define HAVE_BIND_TEXTDOMAIN_CODESET 1
#define HAVE_GETTEXT 1
#define HAVE_DCGETTEXT 1
#define ENABLE_NLS 1

configure: exit 0
