This file contains any messages produced by compilers while
running configure, to aid debugging if configure makes a mistake.

It was created by configure, which was
generated by GNU Autoconf 2.61.  Invocation command line was

  $ ./configure --prefix=/usr/local CFLAGS=-g3 --cache-file=/dev/null --srcdir=.

## --------- ##
## Platform. ##
## --------- ##

hostname = localhost.localdomain
uname -m = x86_64
uname -r = 2.6.32-431.1.ky3.1.x86_64
uname -s = Linux
uname -v = #1 SMP Mon Dec 30 18:09:37 CST 2013

/usr/bin/uname -p = unknown
/bin/uname -X     = unknown

/bin/arch              = x86_64
/usr/bin/arch -k       = unknown
/usr/convex/getsysinfo = unknown
/usr/bin/hostinfo      = unknown
/bin/machine           = unknown
/usr/bin/oslevel       = unknown
/bin/universe          = unknown

PATH: /usr/lib64/qt-3.3/bin
PATH: /usr/local/sbin
PATH: /usr/sbin
PATH: /sbin
PATH: /usr/local/bin
PATH: /usr/bin
PATH: /bin
PATH: /root/bin


## ----------- ##
## Core tests. ##
## ----------- ##

configure:1652: checking whether make sets $(MAKE)
configure:1673: result: yes
configure:1730: checking for gcc
configure:1746: found /usr/bin/gcc
configure:1757: result: gcc
configure:1995: checking for C compiler version
configure:2002: gcc --version >&5
gcc (GCC) 4.4.7 20120313 (Red Hat 4.4.7-4)
Copyright (C) 2010 Free Software Foundation, Inc.
This is free software; see the source for copying conditions.  There is NO
warranty; not even for MERCHANTABILITY or FITNESS FOR A PARTICULAR PURPOSE.

configure:2005: $? = 0
configure:2012: gcc -v >&5
Using built-in specs.
Target: x86_64-kylin-linux
Configured with: ../configure --prefix=/usr --mandir=/usr/share/man --infodir=/usr/share/info --with-bugurl=http://bugzilla.redhat.com/bugzilla --enable-bootstrap --enable-shared --enable-threads=posix --enable-checking=release --with-system-zlib --enable-__cxa_atexit --disable-libunwind-exceptions --enable-gnu-unique-object --enable-languages=c,c++,objc,obj-c++,java,fortran,ada --enable-java-awt=gtk --disable-dssi --with-java-home=/usr/lib/jvm/java-1.5.0-gcj-1.5.0.0/jre --enable-libgcj-multifile --enable-java-maintainer-mode --with-ecj-jar=/usr/share/java/eclipse-ecj.jar --disable-libjava-multilib --with-ppl --with-cloog --with-tune=generic --with-arch_32=i686 --build=x86_64-kylin-linux
Thread model: posix
gcc version 4.4.7 20120313 (Red Hat 4.4.7-4) (GCC) 
configure:2015: $? = 0
configure:2022: gcc -V >&5
gcc: '-V' option must have argument
configure:2025: $? = 1
configure:2048: checking for C compiler default output file name
configure:2075: gcc -g3   conftest.c  >&5
configure:2078: $? = 0
configure:2116: result: a.out
configure:2133: checking whether the C compiler works
configure:2143: ./a.out
configure:2146: $? = 0
configure:2163: result: yes
configure:2170: checking whether we are cross compiling
configure:2172: result: no
configure:2175: checking for suffix of executables
configure:2182: gcc -o conftest -g3   conftest.c  >&5
configure:2185: $? = 0
configure:2209: result: 
configure:2215: checking for suffix of object files
configure:2241: gcc -c -g3  conftest.c >&5
configure:2244: $? = 0
configure:2267: result: o
configure:2271: checking whether we are using the GNU C compiler
configure:2300: gcc -c -g3  conftest.c >&5
configure:2306: $? = 0
configure:2323: result: yes
configure:2328: checking whether gcc accepts -g
configure:2358: gcc -c -g  conftest.c >&5
configure:2364: $? = 0
configure:2463: result: yes
configure:2480: checking for gcc option to accept ISO C89
configure:2554: gcc  -c -g3  conftest.c >&5
configure:2560: $? = 0
configure:2583: result: none needed
configure:2606: checking how to run the C preprocessor
configure:2646: gcc -E  conftest.c
configure:2652: $? = 0
configure:2683: gcc -E  conftest.c
conftest.c:8:28: error: ac_nonexistent.h: No such file or directory
configure:2689: $? = 1
configure: failed program was:
| /* confdefs.h.  */
| #define PACKAGE_NAME ""
| #define PACKAGE_TARNAME ""
| #define PACKAGE_VERSION ""
| #define PACKAGE_STRING ""
| #define PACKAGE_BUGREPORT ""
| /* end confdefs.h.  */
| #include <ac_nonexistent.h>
configure:2722: result: gcc -E
configure:2751: gcc -E  conftest.c
configure:2757: $? = 0
configure:2788: gcc -E  conftest.c
conftest.c:8:28: error: ac_nonexistent.h: No such file or directory
configure:2794: $? = 1
configure: failed program was:
| /* confdefs.h.  */
| #define PACKAGE_NAME ""
| #define PACKAGE_TARNAME ""
| #define PACKAGE_VERSION ""
| #define PACKAGE_STRING ""
| #define PACKAGE_BUGREPORT ""
| /* end confdefs.h.  */
| #include <ac_nonexistent.h>
configure:2889: checking for g++
configure:2905: found /usr/bin/g++
configure:2916: result: g++
configure:2947: checking for C++ compiler version
configure:2954: g++ --version >&5
g++ (GCC) 4.4.7 20120313 (Red Hat 4.4.7-4)
Copyright (C) 2010 Free Software Foundation, Inc.
This is free software; see the source for copying conditions.  There is NO
warranty; not even for MERCHANTABILITY or FITNESS FOR A PARTICULAR PURPOSE.

configure:2957: $? = 0
configure:2964: g++ -v >&5
Using built-in specs.
Target: x86_64-kylin-linux
Configured with: ../configure --prefix=/usr --mandir=/usr/share/man --infodir=/usr/share/info --with-bugurl=http://bugzilla.redhat.com/bugzilla --enable-bootstrap --enable-shared --enable-threads=posix --enable-checking=release --with-system-zlib --enable-__cxa_atexit --disable-libunwind-exceptions --enable-gnu-unique-object --enable-languages=c,c++,objc,obj-c++,java,fortran,ada --enable-java-awt=gtk --disable-dssi --with-java-home=/usr/lib/jvm/java-1.5.0-gcj-1.5.0.0/jre --enable-libgcj-multifile --enable-java-maintainer-mode --with-ecj-jar=/usr/share/java/eclipse-ecj.jar --disable-libjava-multilib --with-ppl --with-cloog --with-tune=generic --with-arch_32=i686 --build=x86_64-kylin-linux
Thread model: posix
gcc version 4.4.7 20120313 (Red Hat 4.4.7-4) (GCC) 
configure:2967: $? = 0
configure:2974: g++ -V >&5
g++: '-V' option must have argument
configure:2977: $? = 1
configure:2980: checking whether we are using the GNU C++ compiler
configure:3009: g++ -c   conftest.cpp >&5
configure:3015: $? = 0
configure:3032: result: yes
configure:3037: checking whether g++ accepts -g
configure:3067: g++ -c -g  conftest.cpp >&5
configure:3073: $? = 0
configure:3172: result: yes
configure:3200: checking how to run the C++ preprocessor
configure:3236: g++ -E  conftest.cpp
configure:3242: $? = 0
configure:3273: g++ -E  conftest.cpp
conftest.cpp:8:28: error: ac_nonexistent.h: No such file or directory
configure:3279: $? = 1
configure: failed program was:
| /* confdefs.h.  */
| #define PACKAGE_NAME ""
| #define PACKAGE_TARNAME ""
| #define PACKAGE_VERSION ""
| #define PACKAGE_STRING ""
| #define PACKAGE_BUGREPORT ""
| /* end confdefs.h.  */
| #include <ac_nonexistent.h>
configure:3312: result: g++ -E
configure:3341: g++ -E  conftest.cpp
configure:3347: $? = 0
configure:3378: g++ -E  conftest.cpp
conftest.cpp:8:28: error: ac_nonexistent.h: No such file or directory
configure:3384: $? = 1
configure: failed program was:
| /* confdefs.h.  */
| #define PACKAGE_NAME ""
| #define PACKAGE_TARNAME ""
| #define PACKAGE_VERSION ""
| #define PACKAGE_STRING ""
| #define PACKAGE_BUGREPORT ""
| /* end confdefs.h.  */
| #include <ac_nonexistent.h>
configure:3431: checking for a BSD compatible install
configure:3473: result: /usr/bin/install -c
configure:3485: checking for stack-allocated variable-size arrays
configure:3520: g++ -c -g -O2  conftest.cpp >&5
configure:3526: $? = 0
configure:3549: result: yes
configure:3559: checking for rand in -lm
configure:3594: gcc -o conftest -g3   conftest.c -lm   >&5
configure:3600: $? = 0
configure:3618: result: yes
configure:3729: creating ./config.status

## ---------------------- ##
## Running config.status. ##
## ---------------------- ##

This file was extended by config.status, which was
generated by GNU Autoconf 2.61.  Invocation command line was

  CONFIG_FILES    = 
  CONFIG_HEADERS  = 
  CONFIG_LINKS    = 
  CONFIG_COMMANDS = 
  $ ./config.status 

on localhost.localdomain

config.status:598: creating Makefile
config.status:598: creating config.h
config.status:802: config.h is unchanged

## ---------------- ##
## Cache variables. ##
## ---------------- ##

ac_cv_c_compiler_gnu=yes
ac_cv_cxx_compiler_gnu=yes
ac_cv_env_CCC_set=
ac_cv_env_CCC_value=
ac_cv_env_CC_set=
ac_cv_env_CC_value=
ac_cv_env_CFLAGS_set=set
ac_cv_env_CFLAGS_value=-g3
ac_cv_env_CPPFLAGS_set=
ac_cv_env_CPPFLAGS_value=
ac_cv_env_CPP_set=
ac_cv_env_CPP_value=
ac_cv_env_CXXCPP_set=
ac_cv_env_CXXCPP_value=
ac_cv_env_CXXFLAGS_set=
ac_cv_env_CXXFLAGS_value=
ac_cv_env_CXX_set=
ac_cv_env_CXX_value=
ac_cv_env_LDFLAGS_set=
ac_cv_env_LDFLAGS_value=
ac_cv_env_LIBS_set=
ac_cv_env_LIBS_value=
ac_cv_env_build_alias_set=
ac_cv_env_build_alias_value=
ac_cv_env_host_alias_set=
ac_cv_env_host_alias_value=
ac_cv_env_target_alias_set=
ac_cv_env_target_alias_value=
ac_cv_lib_m_rand=yes
ac_cv_objext=o
ac_cv_prog_CPP='gcc -E'
ac_cv_prog_CXXCPP='g++ -E'
ac_cv_prog_ac_ct_CC=gcc
ac_cv_prog_ac_ct_CXX=g++
ac_cv_prog_cc_c89=
ac_cv_prog_cc_g=yes
ac_cv_prog_cxx_g=yes
ac_cv_prog_make_make_set=yes
cl_cv_path_install='/usr/bin/install -c'
gp_cv_cxx_dynamic_array=yes

## ----------------- ##
## Output variables. ##
## ----------------- ##

CC='gcc'
CFLAGS='-g3'
CPP='gcc -E'
CPPFLAGS=''
CXX='g++'
CXXCPP='g++ -E'
CXXFLAGS='-g -O2'
DEFS='-DHAVE_CONFIG_H'
ECHO_C=''
ECHO_N='-n'
ECHO_T=''
EXEEXT=''
GPERF_LIBM='-lm'
INSTALL='/usr/bin/install -c'
INSTALL_DATA='$(INSTALL) -m 644'
INSTALL_PROGRAM='$(INSTALL)'
LDFLAGS=''
LIBOBJS=''
LIBS=''
LTLIBOBJS=''
OBJEXT='o'
PACKAGE_BUGREPORT=''
PACKAGE_NAME=''
PACKAGE_STRING=''
PACKAGE_TARNAME=''
PACKAGE_VERSION=''
PATH_SEPARATOR=':'
SET_MAKE=''
SHELL='/bin/sh'
ac_ct_CC='gcc'
ac_ct_CXX='g++'
bindir='${exec_prefix}/bin'
build_alias=''
datadir='${datarootdir}'
datarootdir='${prefix}/share'
docdir='${datarootdir}/doc/${PACKAGE}'
dvidir='${docdir}'
exec_prefix='${prefix}'
host_alias=''
htmldir='${docdir}'
includedir='${prefix}/include'
infodir='${datarootdir}/info'
libdir='${exec_prefix}/lib'
libexecdir='${exec_prefix}/libexec'
localedir='${datarootdir}/locale'
localstatedir='${prefix}/var'
mandir='${datarootdir}/man'
oldincludedir='/usr/include'
pdfdir='${docdir}'
prefix='/usr/local'
program_transform_name='s,x,x,'
psdir='${docdir}'
sbindir='${exec_prefix}/sbin'
sharedstatedir='${prefix}/com'
sysconfdir='${prefix}/etc'
target_alias=''

## ----------- ##
## confdefs.h. ##
## ----------- ##

#define PACKAGE_NAME ""
#define PACKAGE_TARNAME ""
#define PACKAGE_VERSION ""
#define PACKAGE_STRING ""
#define PACKAGE_BUGREPORT ""
#define HAVE_DYNAMIC_ARRAY 1

configure: exit 0
