The system is: Linux - 2.6.32-431.1.ky3.1.x86_64 - x86_64
Compiling the CXX compiler identification source file "CMakeCXXCompilerId.cpp" succeeded.
Compiler: /usr/bin/c++ 
Build flags: 
Id flags: 

The output was:
0


Compilation of the CXX compiler identification source "CMakeCXXCompilerId.cpp" produced "a.out"

The CXX compiler identification is GNU, found in "/root/workspace/exercise/languages/C/graph/opencv/opencv-2.4.9/build/CMakeFiles/3.0.0/CompilerIdCXX/a.out"

Compiling the C compiler identification source file "CMakeCCompilerId.c" succeeded.
Compiler: /usr/bin/cc 
Build flags: 
Id flags: 

The output was:
0


Compilation of the C compiler identification source "CMakeCCompilerId.c" produced "a.out"

The C compiler identification is GNU, found in "/root/workspace/exercise/languages/C/graph/opencv/opencv-2.4.9/build/CMakeFiles/3.0.0/CompilerIdC/a.out"

Determining if the CXX compiler works passed with the following output:
Change Dir: /root/workspace/exercise/languages/C/graph/opencv/opencv-2.4.9/build/CMakeFiles/CMakeTmp

Run Build Command:"/usr/bin/gmake" "cmTryCompileExec2121000605/fast"
/usr/bin/gmake -f CMakeFiles/cmTryCompileExec2121000605.dir/build.make CMakeFiles/cmTryCompileExec2121000605.dir/build
gmake[1]: Entering directory `/root/workspace/exercise/languages/C/graph/opencv/opencv-2.4.9/build/CMakeFiles/CMakeTmp'
/usr/bin/cmake -E cmake_progress_report /root/workspace/exercise/languages/C/graph/opencv/opencv-2.4.9/build/CMakeFiles/CMakeTmp/CMakeFiles 1
Building CXX object CMakeFiles/cmTryCompileExec2121000605.dir/testCXXCompiler.cxx.o
/usr/bin/c++     -o CMakeFiles/cmTryCompileExec2121000605.dir/testCXXCompiler.cxx.o -c /root/workspace/exercise/languages/C/graph/opencv/opencv-2.4.9/build/CMakeFiles/CMakeTmp/testCXXCompiler.cxx
Linking CXX executable cmTryCompileExec2121000605
/usr/bin/cmake -E cmake_link_script CMakeFiles/cmTryCompileExec2121000605.dir/link.txt --verbose=1
/usr/bin/c++        CMakeFiles/cmTryCompileExec2121000605.dir/testCXXCompiler.cxx.o  -o cmTryCompileExec2121000605 -rdynamic 
gmake[1]: Leaving directory `/root/workspace/exercise/languages/C/graph/opencv/opencv-2.4.9/build/CMakeFiles/CMakeTmp'


Detecting CXX compiler ABI info compiled with the following output:
Change Dir: /root/workspace/exercise/languages/C/graph/opencv/opencv-2.4.9/build/CMakeFiles/CMakeTmp

Run Build Command:"/usr/bin/gmake" "cmTryCompileExec382775816/fast"
/usr/bin/gmake -f CMakeFiles/cmTryCompileExec382775816.dir/build.make CMakeFiles/cmTryCompileExec382775816.dir/build
gmake[1]: Entering directory `/root/workspace/exercise/languages/C/graph/opencv/opencv-2.4.9/build/CMakeFiles/CMakeTmp'
/usr/bin/cmake -E cmake_progress_report /root/workspace/exercise/languages/C/graph/opencv/opencv-2.4.9/build/CMakeFiles/CMakeTmp/CMakeFiles 1
Building CXX object CMakeFiles/cmTryCompileExec382775816.dir/CMakeCXXCompilerABI.cpp.o
/usr/bin/c++     -o CMakeFiles/cmTryCompileExec382775816.dir/CMakeCXXCompilerABI.cpp.o -c /usr/share/cmake/Modules/CMakeCXXCompilerABI.cpp
Linking CXX executable cmTryCompileExec382775816
/usr/bin/cmake -E cmake_link_script CMakeFiles/cmTryCompileExec382775816.dir/link.txt --verbose=1
/usr/bin/c++      -v CMakeFiles/cmTryCompileExec382775816.dir/CMakeCXXCompilerABI.cpp.o  -o cmTryCompileExec382775816 -rdynamic  
使用内建 specs。
目标：x86_64-kylin-linux
配置为：../configure --prefix=/usr --mandir=/usr/share/man --infodir=/usr/share/info --with-bugurl=http://bugzilla.redhat.com/bugzilla --enable-bootstrap --enable-shared --enable-threads=posix --enable-checking=release --with-system-zlib --enable-__cxa_atexit --disable-libunwind-exceptions --enable-gnu-unique-object --enable-languages=c,c++,objc,obj-c++,java,fortran,ada --enable-java-awt=gtk --disable-dssi --with-java-home=/usr/lib/jvm/java-1.5.0-gcj-1.5.0.0/jre --enable-libgcj-multifile --enable-java-maintainer-mode --with-ecj-jar=/usr/share/java/eclipse-ecj.jar --disable-libjava-multilib --with-ppl --with-cloog --with-tune=generic --with-arch_32=i686 --build=x86_64-kylin-linux
线程模型：posix
gcc 版本 4.4.7 20120313 (Red Hat 4.4.7-4) (GCC) 
COMPILER_PATH=/usr/libexec/gcc/x86_64-kylin-linux/4.4.7/:/usr/libexec/gcc/x86_64-kylin-linux/4.4.7/:/usr/libexec/gcc/x86_64-kylin-linux/:/usr/lib/gcc/x86_64-kylin-linux/4.4.7/:/usr/lib/gcc/x86_64-kylin-linux/:/usr/libexec/gcc/x86_64-kylin-linux/4.4.7/:/usr/libexec/gcc/x86_64-kylin-linux/:/usr/lib/gcc/x86_64-kylin-linux/4.4.7/:/usr/lib/gcc/x86_64-kylin-linux/
LIBRARY_PATH=/usr/lib/gcc/x86_64-kylin-linux/4.4.7/:/usr/lib/gcc/x86_64-kylin-linux/4.4.7/:/usr/lib/gcc/x86_64-kylin-linux/4.4.7/../../../../lib64/:/lib/../lib64/:/usr/lib/../lib64/:/usr/lib/gcc/x86_64-kylin-linux/4.4.7/../../../:/lib/:/usr/lib/
COLLECT_GCC_OPTIONS='-v' '-o' 'cmTryCompileExec382775816' '-rdynamic' '-shared-libgcc' '-mtune=generic'
 /usr/libexec/gcc/x86_64-kylin-linux/4.4.7/collect2 --eh-frame-hdr --build-id -m elf_x86_64 --hash-style=gnu -export-dynamic -dynamic-linker /lib64/ld-linux-x86-64.so.2 -o cmTryCompileExec382775816 /usr/lib/gcc/x86_64-kylin-linux/4.4.7/../../../../lib64/crt1.o /usr/lib/gcc/x86_64-kylin-linux/4.4.7/../../../../lib64/crti.o /usr/lib/gcc/x86_64-kylin-linux/4.4.7/crtbegin.o -L/usr/lib/gcc/x86_64-kylin-linux/4.4.7 -L/usr/lib/gcc/x86_64-kylin-linux/4.4.7 -L/usr/lib/gcc/x86_64-kylin-linux/4.4.7/../../../../lib64 -L/lib/../lib64 -L/usr/lib/../lib64 -L/usr/lib/gcc/x86_64-kylin-linux/4.4.7/../../.. CMakeFiles/cmTryCompileExec382775816.dir/CMakeCXXCompilerABI.cpp.o -lstdc++ -lm -lgcc_s -lgcc -lc -lgcc_s -lgcc /usr/lib/gcc/x86_64-kylin-linux/4.4.7/crtend.o /usr/lib/gcc/x86_64-kylin-linux/4.4.7/../../../../lib64/crtn.o
gmake[1]: Leaving directory `/root/workspace/exercise/languages/C/graph/opencv/opencv-2.4.9/build/CMakeFiles/CMakeTmp'


Parsed CXX implicit link information from above output:
  link line regex: [^( *|.*[/\])(ld|([^/\]+-)?ld|collect2)[^/\]*( |$)]
  ignore line: [Change Dir: /root/workspace/exercise/languages/C/graph/opencv/opencv-2.4.9/build/CMakeFiles/CMakeTmp]
  ignore line: []
  ignore line: [Run Build Command:"/usr/bin/gmake" "cmTryCompileExec382775816/fast"]
  ignore line: [/usr/bin/gmake -f CMakeFiles/cmTryCompileExec382775816.dir/build.make CMakeFiles/cmTryCompileExec382775816.dir/build]
  ignore line: [gmake[1]: Entering directory `/root/workspace/exercise/languages/C/graph/opencv/opencv-2.4.9/build/CMakeFiles/CMakeTmp']
  ignore line: [/usr/bin/cmake -E cmake_progress_report /root/workspace/exercise/languages/C/graph/opencv/opencv-2.4.9/build/CMakeFiles/CMakeTmp/CMakeFiles 1]
  ignore line: [Building CXX object CMakeFiles/cmTryCompileExec382775816.dir/CMakeCXXCompilerABI.cpp.o]
  ignore line: [/usr/bin/c++     -o CMakeFiles/cmTryCompileExec382775816.dir/CMakeCXXCompilerABI.cpp.o -c /usr/share/cmake/Modules/CMakeCXXCompilerABI.cpp]
  ignore line: [Linking CXX executable cmTryCompileExec382775816]
  ignore line: [/usr/bin/cmake -E cmake_link_script CMakeFiles/cmTryCompileExec382775816.dir/link.txt --verbose=1]
  ignore line: [/usr/bin/c++      -v CMakeFiles/cmTryCompileExec382775816.dir/CMakeCXXCompilerABI.cpp.o  -o cmTryCompileExec382775816 -rdynamic  ]
  ignore line: [使用内建 specs。]
  ignore line: [目标：x86_64-kylin-linux]
  ignore line: [配置为：../configure --prefix=/usr --mandir=/usr/share/man --infodir=/usr/share/info --with-bugurl=http://bugzilla.redhat.com/bugzilla --enable-bootstrap --enable-shared --enable-threads=posix --enable-checking=release --with-system-zlib --enable-__cxa_atexit --disable-libunwind-exceptions --enable-gnu-unique-object --enable-languages=c,c++,objc,obj-c++,java,fortran,ada --enable-java-awt=gtk --disable-dssi --with-java-home=/usr/lib/jvm/java-1.5.0-gcj-1.5.0.0/jre --enable-libgcj-multifile --enable-java-maintainer-mode --with-ecj-jar=/usr/share/java/eclipse-ecj.jar --disable-libjava-multilib --with-ppl --with-cloog --with-tune=generic --with-arch_32=i686 --build=x86_64-kylin-linux]
  ignore line: [线程模型：posix]
  ignore line: [gcc 版本 4.4.7 20120313 (Red Hat 4.4.7-4) (GCC) ]
  ignore line: [COMPILER_PATH=/usr/libexec/gcc/x86_64-kylin-linux/4.4.7/:/usr/libexec/gcc/x86_64-kylin-linux/4.4.7/:/usr/libexec/gcc/x86_64-kylin-linux/:/usr/lib/gcc/x86_64-kylin-linux/4.4.7/:/usr/lib/gcc/x86_64-kylin-linux/:/usr/libexec/gcc/x86_64-kylin-linux/4.4.7/:/usr/libexec/gcc/x86_64-kylin-linux/:/usr/lib/gcc/x86_64-kylin-linux/4.4.7/:/usr/lib/gcc/x86_64-kylin-linux/]
  ignore line: [LIBRARY_PATH=/usr/lib/gcc/x86_64-kylin-linux/4.4.7/:/usr/lib/gcc/x86_64-kylin-linux/4.4.7/:/usr/lib/gcc/x86_64-kylin-linux/4.4.7/../../../../lib64/:/lib/../lib64/:/usr/lib/../lib64/:/usr/lib/gcc/x86_64-kylin-linux/4.4.7/../../../:/lib/:/usr/lib/]
  ignore line: [COLLECT_GCC_OPTIONS='-v' '-o' 'cmTryCompileExec382775816' '-rdynamic' '-shared-libgcc' '-mtune=generic']
  link line: [ /usr/libexec/gcc/x86_64-kylin-linux/4.4.7/collect2 --eh-frame-hdr --build-id -m elf_x86_64 --hash-style=gnu -export-dynamic -dynamic-linker /lib64/ld-linux-x86-64.so.2 -o cmTryCompileExec382775816 /usr/lib/gcc/x86_64-kylin-linux/4.4.7/../../../../lib64/crt1.o /usr/lib/gcc/x86_64-kylin-linux/4.4.7/../../../../lib64/crti.o /usr/lib/gcc/x86_64-kylin-linux/4.4.7/crtbegin.o -L/usr/lib/gcc/x86_64-kylin-linux/4.4.7 -L/usr/lib/gcc/x86_64-kylin-linux/4.4.7 -L/usr/lib/gcc/x86_64-kylin-linux/4.4.7/../../../../lib64 -L/lib/../lib64 -L/usr/lib/../lib64 -L/usr/lib/gcc/x86_64-kylin-linux/4.4.7/../../.. CMakeFiles/cmTryCompileExec382775816.dir/CMakeCXXCompilerABI.cpp.o -lstdc++ -lm -lgcc_s -lgcc -lc -lgcc_s -lgcc /usr/lib/gcc/x86_64-kylin-linux/4.4.7/crtend.o /usr/lib/gcc/x86_64-kylin-linux/4.4.7/../../../../lib64/crtn.o]
    arg [/usr/libexec/gcc/x86_64-kylin-linux/4.4.7/collect2] ==> ignore
    arg [--eh-frame-hdr] ==> ignore
    arg [--build-id] ==> ignore
    arg [-m] ==> ignore
    arg [elf_x86_64] ==> ignore
    arg [--hash-style=gnu] ==> ignore
    arg [-export-dynamic] ==> ignore
    arg [-dynamic-linker] ==> ignore
    arg [/lib64/ld-linux-x86-64.so.2] ==> ignore
    arg [-o] ==> ignore
    arg [cmTryCompileExec382775816] ==> ignore
    arg [/usr/lib/gcc/x86_64-kylin-linux/4.4.7/../../../../lib64/crt1.o] ==> ignore
    arg [/usr/lib/gcc/x86_64-kylin-linux/4.4.7/../../../../lib64/crti.o] ==> ignore
    arg [/usr/lib/gcc/x86_64-kylin-linux/4.4.7/crtbegin.o] ==> ignore
    arg [-L/usr/lib/gcc/x86_64-kylin-linux/4.4.7] ==> dir [/usr/lib/gcc/x86_64-kylin-linux/4.4.7]
    arg [-L/usr/lib/gcc/x86_64-kylin-linux/4.4.7] ==> dir [/usr/lib/gcc/x86_64-kylin-linux/4.4.7]
    arg [-L/usr/lib/gcc/x86_64-kylin-linux/4.4.7/../../../../lib64] ==> dir [/usr/lib/gcc/x86_64-kylin-linux/4.4.7/../../../../lib64]
    arg [-L/lib/../lib64] ==> dir [/lib/../lib64]
    arg [-L/usr/lib/../lib64] ==> dir [/usr/lib/../lib64]
    arg [-L/usr/lib/gcc/x86_64-kylin-linux/4.4.7/../../..] ==> dir [/usr/lib/gcc/x86_64-kylin-linux/4.4.7/../../..]
    arg [CMakeFiles/cmTryCompileExec382775816.dir/CMakeCXXCompilerABI.cpp.o] ==> ignore
    arg [-lstdc++] ==> lib [stdc++]
    arg [-lm] ==> lib [m]
    arg [-lgcc_s] ==> lib [gcc_s]
    arg [-lgcc] ==> lib [gcc]
    arg [-lc] ==> lib [c]
    arg [-lgcc_s] ==> lib [gcc_s]
    arg [-lgcc] ==> lib [gcc]
    arg [/usr/lib/gcc/x86_64-kylin-linux/4.4.7/crtend.o] ==> ignore
    arg [/usr/lib/gcc/x86_64-kylin-linux/4.4.7/../../../../lib64/crtn.o] ==> ignore
  remove lib [gcc_s]
  remove lib [gcc]
  remove lib [gcc_s]
  remove lib [gcc]
  collapse library dir [/usr/lib/gcc/x86_64-kylin-linux/4.4.7] ==> [/usr/lib/gcc/x86_64-kylin-linux/4.4.7]
  collapse library dir [/usr/lib/gcc/x86_64-kylin-linux/4.4.7] ==> [/usr/lib/gcc/x86_64-kylin-linux/4.4.7]
  collapse library dir [/usr/lib/gcc/x86_64-kylin-linux/4.4.7/../../../../lib64] ==> [/usr/lib64]
  collapse library dir [/lib/../lib64] ==> [/lib64]
  collapse library dir [/usr/lib/../lib64] ==> [/usr/lib64]
  collapse library dir [/usr/lib/gcc/x86_64-kylin-linux/4.4.7/../../..] ==> [/usr/lib]
  implicit libs: [stdc++;m;c]
  implicit dirs: [/usr/lib/gcc/x86_64-kylin-linux/4.4.7;/usr/lib64;/lib64;/usr/lib]
  implicit fwks: []


Determining if the C compiler works passed with the following output:
Change Dir: /root/workspace/exercise/languages/C/graph/opencv/opencv-2.4.9/build/CMakeFiles/CMakeTmp

Run Build Command:"/usr/bin/gmake" "cmTryCompileExec1848250498/fast"
/usr/bin/gmake -f CMakeFiles/cmTryCompileExec1848250498.dir/build.make CMakeFiles/cmTryCompileExec1848250498.dir/build
gmake[1]: Entering directory `/root/workspace/exercise/languages/C/graph/opencv/opencv-2.4.9/build/CMakeFiles/CMakeTmp'
/usr/bin/cmake -E cmake_progress_report /root/workspace/exercise/languages/C/graph/opencv/opencv-2.4.9/build/CMakeFiles/CMakeTmp/CMakeFiles 1
Building C object CMakeFiles/cmTryCompileExec1848250498.dir/testCCompiler.c.o
/usr/bin/cc    -o CMakeFiles/cmTryCompileExec1848250498.dir/testCCompiler.c.o   -c /root/workspace/exercise/languages/C/graph/opencv/opencv-2.4.9/build/CMakeFiles/CMakeTmp/testCCompiler.c
Linking C executable cmTryCompileExec1848250498
/usr/bin/cmake -E cmake_link_script CMakeFiles/cmTryCompileExec1848250498.dir/link.txt --verbose=1
/usr/bin/cc       CMakeFiles/cmTryCompileExec1848250498.dir/testCCompiler.c.o  -o cmTryCompileExec1848250498 -rdynamic 
gmake[1]: Leaving directory `/root/workspace/exercise/languages/C/graph/opencv/opencv-2.4.9/build/CMakeFiles/CMakeTmp'


Detecting C compiler ABI info compiled with the following output:
Change Dir: /root/workspace/exercise/languages/C/graph/opencv/opencv-2.4.9/build/CMakeFiles/CMakeTmp

Run Build Command:"/usr/bin/gmake" "cmTryCompileExec3402049619/fast"
/usr/bin/gmake -f CMakeFiles/cmTryCompileExec3402049619.dir/build.make CMakeFiles/cmTryCompileExec3402049619.dir/build
gmake[1]: Entering directory `/root/workspace/exercise/languages/C/graph/opencv/opencv-2.4.9/build/CMakeFiles/CMakeTmp'
/usr/bin/cmake -E cmake_progress_report /root/workspace/exercise/languages/C/graph/opencv/opencv-2.4.9/build/CMakeFiles/CMakeTmp/CMakeFiles 1
Building C object CMakeFiles/cmTryCompileExec3402049619.dir/CMakeCCompilerABI.c.o
/usr/bin/cc    -o CMakeFiles/cmTryCompileExec3402049619.dir/CMakeCCompilerABI.c.o   -c /usr/share/cmake/Modules/CMakeCCompilerABI.c
Linking C executable cmTryCompileExec3402049619
/usr/bin/cmake -E cmake_link_script CMakeFiles/cmTryCompileExec3402049619.dir/link.txt --verbose=1
/usr/bin/cc     -v CMakeFiles/cmTryCompileExec3402049619.dir/CMakeCCompilerABI.c.o  -o cmTryCompileExec3402049619 -rdynamic  
使用内建 specs。
目标：x86_64-kylin-linux
配置为：../configure --prefix=/usr --mandir=/usr/share/man --infodir=/usr/share/info --with-bugurl=http://bugzilla.redhat.com/bugzilla --enable-bootstrap --enable-shared --enable-threads=posix --enable-checking=release --with-system-zlib --enable-__cxa_atexit --disable-libunwind-exceptions --enable-gnu-unique-object --enable-languages=c,c++,objc,obj-c++,java,fortran,ada --enable-java-awt=gtk --disable-dssi --with-java-home=/usr/lib/jvm/java-1.5.0-gcj-1.5.0.0/jre --enable-libgcj-multifile --enable-java-maintainer-mode --with-ecj-jar=/usr/share/java/eclipse-ecj.jar --disable-libjava-multilib --with-ppl --with-cloog --with-tune=generic --with-arch_32=i686 --build=x86_64-kylin-linux
线程模型：posix
gcc 版本 4.4.7 20120313 (Red Hat 4.4.7-4) (GCC) 
COMPILER_PATH=/usr/libexec/gcc/x86_64-kylin-linux/4.4.7/:/usr/libexec/gcc/x86_64-kylin-linux/4.4.7/:/usr/libexec/gcc/x86_64-kylin-linux/:/usr/lib/gcc/x86_64-kylin-linux/4.4.7/:/usr/lib/gcc/x86_64-kylin-linux/:/usr/libexec/gcc/x86_64-kylin-linux/4.4.7/:/usr/libexec/gcc/x86_64-kylin-linux/:/usr/lib/gcc/x86_64-kylin-linux/4.4.7/:/usr/lib/gcc/x86_64-kylin-linux/
LIBRARY_PATH=/usr/lib/gcc/x86_64-kylin-linux/4.4.7/:/usr/lib/gcc/x86_64-kylin-linux/4.4.7/:/usr/lib/gcc/x86_64-kylin-linux/4.4.7/../../../../lib64/:/lib/../lib64/:/usr/lib/../lib64/:/usr/lib/gcc/x86_64-kylin-linux/4.4.7/../../../:/lib/:/usr/lib/
COLLECT_GCC_OPTIONS='-v' '-o' 'cmTryCompileExec3402049619' '-rdynamic' '-mtune=generic'
 /usr/libexec/gcc/x86_64-kylin-linux/4.4.7/collect2 --eh-frame-hdr --build-id -m elf_x86_64 --hash-style=gnu -export-dynamic -dynamic-linker /lib64/ld-linux-x86-64.so.2 -o cmTryCompileExec3402049619 /usr/lib/gcc/x86_64-kylin-linux/4.4.7/../../../../lib64/crt1.o /usr/lib/gcc/x86_64-kylin-linux/4.4.7/../../../../lib64/crti.o /usr/lib/gcc/x86_64-kylin-linux/4.4.7/crtbegin.o -L/usr/lib/gcc/x86_64-kylin-linux/4.4.7 -L/usr/lib/gcc/x86_64-kylin-linux/4.4.7 -L/usr/lib/gcc/x86_64-kylin-linux/4.4.7/../../../../lib64 -L/lib/../lib64 -L/usr/lib/../lib64 -L/usr/lib/gcc/x86_64-kylin-linux/4.4.7/../../.. CMakeFiles/cmTryCompileExec3402049619.dir/CMakeCCompilerABI.c.o -lgcc --as-needed -lgcc_s --no-as-needed -lc -lgcc --as-needed -lgcc_s --no-as-needed /usr/lib/gcc/x86_64-kylin-linux/4.4.7/crtend.o /usr/lib/gcc/x86_64-kylin-linux/4.4.7/../../../../lib64/crtn.o
gmake[1]: Leaving directory `/root/workspace/exercise/languages/C/graph/opencv/opencv-2.4.9/build/CMakeFiles/CMakeTmp'


Parsed C implicit link information from above output:
  link line regex: [^( *|.*[/\])(ld|([^/\]+-)?ld|collect2)[^/\]*( |$)]
  ignore line: [Change Dir: /root/workspace/exercise/languages/C/graph/opencv/opencv-2.4.9/build/CMakeFiles/CMakeTmp]
  ignore line: []
  ignore line: [Run Build Command:"/usr/bin/gmake" "cmTryCompileExec3402049619/fast"]
  ignore line: [/usr/bin/gmake -f CMakeFiles/cmTryCompileExec3402049619.dir/build.make CMakeFiles/cmTryCompileExec3402049619.dir/build]
  ignore line: [gmake[1]: Entering directory `/root/workspace/exercise/languages/C/graph/opencv/opencv-2.4.9/build/CMakeFiles/CMakeTmp']
  ignore line: [/usr/bin/cmake -E cmake_progress_report /root/workspace/exercise/languages/C/graph/opencv/opencv-2.4.9/build/CMakeFiles/CMakeTmp/CMakeFiles 1]
  ignore line: [Building C object CMakeFiles/cmTryCompileExec3402049619.dir/CMakeCCompilerABI.c.o]
  ignore line: [/usr/bin/cc    -o CMakeFiles/cmTryCompileExec3402049619.dir/CMakeCCompilerABI.c.o   -c /usr/share/cmake/Modules/CMakeCCompilerABI.c]
  ignore line: [Linking C executable cmTryCompileExec3402049619]
  ignore line: [/usr/bin/cmake -E cmake_link_script CMakeFiles/cmTryCompileExec3402049619.dir/link.txt --verbose=1]
  ignore line: [/usr/bin/cc     -v CMakeFiles/cmTryCompileExec3402049619.dir/CMakeCCompilerABI.c.o  -o cmTryCompileExec3402049619 -rdynamic  ]
  ignore line: [使用内建 specs。]
  ignore line: [目标：x86_64-kylin-linux]
  ignore line: [配置为：../configure --prefix=/usr --mandir=/usr/share/man --infodir=/usr/share/info --with-bugurl=http://bugzilla.redhat.com/bugzilla --enable-bootstrap --enable-shared --enable-threads=posix --enable-checking=release --with-system-zlib --enable-__cxa_atexit --disable-libunwind-exceptions --enable-gnu-unique-object --enable-languages=c,c++,objc,obj-c++,java,fortran,ada --enable-java-awt=gtk --disable-dssi --with-java-home=/usr/lib/jvm/java-1.5.0-gcj-1.5.0.0/jre --enable-libgcj-multifile --enable-java-maintainer-mode --with-ecj-jar=/usr/share/java/eclipse-ecj.jar --disable-libjava-multilib --with-ppl --with-cloog --with-tune=generic --with-arch_32=i686 --build=x86_64-kylin-linux]
  ignore line: [线程模型：posix]
  ignore line: [gcc 版本 4.4.7 20120313 (Red Hat 4.4.7-4) (GCC) ]
  ignore line: [COMPILER_PATH=/usr/libexec/gcc/x86_64-kylin-linux/4.4.7/:/usr/libexec/gcc/x86_64-kylin-linux/4.4.7/:/usr/libexec/gcc/x86_64-kylin-linux/:/usr/lib/gcc/x86_64-kylin-linux/4.4.7/:/usr/lib/gcc/x86_64-kylin-linux/:/usr/libexec/gcc/x86_64-kylin-linux/4.4.7/:/usr/libexec/gcc/x86_64-kylin-linux/:/usr/lib/gcc/x86_64-kylin-linux/4.4.7/:/usr/lib/gcc/x86_64-kylin-linux/]
  ignore line: [LIBRARY_PATH=/usr/lib/gcc/x86_64-kylin-linux/4.4.7/:/usr/lib/gcc/x86_64-kylin-linux/4.4.7/:/usr/lib/gcc/x86_64-kylin-linux/4.4.7/../../../../lib64/:/lib/../lib64/:/usr/lib/../lib64/:/usr/lib/gcc/x86_64-kylin-linux/4.4.7/../../../:/lib/:/usr/lib/]
  ignore line: [COLLECT_GCC_OPTIONS='-v' '-o' 'cmTryCompileExec3402049619' '-rdynamic' '-mtune=generic']
  link line: [ /usr/libexec/gcc/x86_64-kylin-linux/4.4.7/collect2 --eh-frame-hdr --build-id -m elf_x86_64 --hash-style=gnu -export-dynamic -dynamic-linker /lib64/ld-linux-x86-64.so.2 -o cmTryCompileExec3402049619 /usr/lib/gcc/x86_64-kylin-linux/4.4.7/../../../../lib64/crt1.o /usr/lib/gcc/x86_64-kylin-linux/4.4.7/../../../../lib64/crti.o /usr/lib/gcc/x86_64-kylin-linux/4.4.7/crtbegin.o -L/usr/lib/gcc/x86_64-kylin-linux/4.4.7 -L/usr/lib/gcc/x86_64-kylin-linux/4.4.7 -L/usr/lib/gcc/x86_64-kylin-linux/4.4.7/../../../../lib64 -L/lib/../lib64 -L/usr/lib/../lib64 -L/usr/lib/gcc/x86_64-kylin-linux/4.4.7/../../.. CMakeFiles/cmTryCompileExec3402049619.dir/CMakeCCompilerABI.c.o -lgcc --as-needed -lgcc_s --no-as-needed -lc -lgcc --as-needed -lgcc_s --no-as-needed /usr/lib/gcc/x86_64-kylin-linux/4.4.7/crtend.o /usr/lib/gcc/x86_64-kylin-linux/4.4.7/../../../../lib64/crtn.o]
    arg [/usr/libexec/gcc/x86_64-kylin-linux/4.4.7/collect2] ==> ignore
    arg [--eh-frame-hdr] ==> ignore
    arg [--build-id] ==> ignore
    arg [-m] ==> ignore
    arg [elf_x86_64] ==> ignore
    arg [--hash-style=gnu] ==> ignore
    arg [-export-dynamic] ==> ignore
    arg [-dynamic-linker] ==> ignore
    arg [/lib64/ld-linux-x86-64.so.2] ==> ignore
    arg [-o] ==> ignore
    arg [cmTryCompileExec3402049619] ==> ignore
    arg [/usr/lib/gcc/x86_64-kylin-linux/4.4.7/../../../../lib64/crt1.o] ==> ignore
    arg [/usr/lib/gcc/x86_64-kylin-linux/4.4.7/../../../../lib64/crti.o] ==> ignore
    arg [/usr/lib/gcc/x86_64-kylin-linux/4.4.7/crtbegin.o] ==> ignore
    arg [-L/usr/lib/gcc/x86_64-kylin-linux/4.4.7] ==> dir [/usr/lib/gcc/x86_64-kylin-linux/4.4.7]
    arg [-L/usr/lib/gcc/x86_64-kylin-linux/4.4.7] ==> dir [/usr/lib/gcc/x86_64-kylin-linux/4.4.7]
    arg [-L/usr/lib/gcc/x86_64-kylin-linux/4.4.7/../../../../lib64] ==> dir [/usr/lib/gcc/x86_64-kylin-linux/4.4.7/../../../../lib64]
    arg [-L/lib/../lib64] ==> dir [/lib/../lib64]
    arg [-L/usr/lib/../lib64] ==> dir [/usr/lib/../lib64]
    arg [-L/usr/lib/gcc/x86_64-kylin-linux/4.4.7/../../..] ==> dir [/usr/lib/gcc/x86_64-kylin-linux/4.4.7/../../..]
    arg [CMakeFiles/cmTryCompileExec3402049619.dir/CMakeCCompilerABI.c.o] ==> ignore
    arg [-lgcc] ==> lib [gcc]
    arg [--as-needed] ==> ignore
    arg [-lgcc_s] ==> lib [gcc_s]
    arg [--no-as-needed] ==> ignore
    arg [-lc] ==> lib [c]
    arg [-lgcc] ==> lib [gcc]
    arg [--as-needed] ==> ignore
    arg [-lgcc_s] ==> lib [gcc_s]
    arg [--no-as-needed] ==> ignore
    arg [/usr/lib/gcc/x86_64-kylin-linux/4.4.7/crtend.o] ==> ignore
    arg [/usr/lib/gcc/x86_64-kylin-linux/4.4.7/../../../../lib64/crtn.o] ==> ignore
  remove lib [gcc]
  remove lib [gcc_s]
  remove lib [gcc]
  remove lib [gcc_s]
  collapse library dir [/usr/lib/gcc/x86_64-kylin-linux/4.4.7] ==> [/usr/lib/gcc/x86_64-kylin-linux/4.4.7]
  collapse library dir [/usr/lib/gcc/x86_64-kylin-linux/4.4.7] ==> [/usr/lib/gcc/x86_64-kylin-linux/4.4.7]
  collapse library dir [/usr/lib/gcc/x86_64-kylin-linux/4.4.7/../../../../lib64] ==> [/usr/lib64]
  collapse library dir [/lib/../lib64] ==> [/lib64]
  collapse library dir [/usr/lib/../lib64] ==> [/usr/lib64]
  collapse library dir [/usr/lib/gcc/x86_64-kylin-linux/4.4.7/../../..] ==> [/usr/lib]
  implicit libs: [c]
  implicit dirs: [/usr/lib/gcc/x86_64-kylin-linux/4.4.7;/usr/lib64;/lib64;/usr/lib]
  implicit fwks: []


Determining if the include file pthread.h exists passed with the following output:
Change Dir: /root/workspace/exercise/languages/C/graph/opencv/opencv-2.4.9/build/CMakeFiles/CMakeTmp

Run Build Command:"/usr/bin/gmake" "cmTryCompileExec1242656577/fast"
/usr/bin/gmake -f CMakeFiles/cmTryCompileExec1242656577.dir/build.make CMakeFiles/cmTryCompileExec1242656577.dir/build
gmake[1]: Entering directory `/root/workspace/exercise/languages/C/graph/opencv/opencv-2.4.9/build/CMakeFiles/CMakeTmp'
/usr/bin/cmake -E cmake_progress_report /root/workspace/exercise/languages/C/graph/opencv/opencv-2.4.9/build/CMakeFiles/CMakeTmp/CMakeFiles 1
Building C object CMakeFiles/cmTryCompileExec1242656577.dir/CheckIncludeFile.c.o
/usr/bin/cc   -fsigned-char -W -Wall -Werror=return-type -Werror=address -Werror=sequence-point -Wformat -Werror=format-security -Wmissing-declarations -Wmissing-prototypes -Wstrict-prototypes -Wundef -Winit-self -Wpointer-arith -Wshadow -Wsign-promo -Wno-narrowing -Wno-delete-non-virtual-dtor -Wno-unnamed-type-template-args -fdiagnostics-show-option -Wno-long-long -pthread -fomit-frame-pointer -msse -msse2 -msse3 -ffunction-sections  -g   -o CMakeFiles/cmTryCompileExec1242656577.dir/CheckIncludeFile.c.o   -c /root/workspace/exercise/languages/C/graph/opencv/opencv-2.4.9/build/CMakeFiles/CMakeTmp/CheckIncludeFile.c
cc1: 警告：命令行选项“-Wsign-promo”对 C++/ObjC++ 是有效的，但对 C 无效
cc1: 警告：无法识别的命令行选项“-Wno-unnamed-type-template-args”
cc1: 警告：无法识别的命令行选项“-Wno-delete-non-virtual-dtor”
cc1: 警告：无法识别的命令行选项“-Wno-narrowing”
Linking C executable cmTryCompileExec1242656577
/usr/bin/cmake -E cmake_link_script CMakeFiles/cmTryCompileExec1242656577.dir/link.txt --verbose=1
/usr/bin/cc     -fsigned-char -W -Wall -Werror=return-type -Werror=address -Werror=sequence-point -Wformat -Werror=format-security -Wmissing-declarations -Wmissing-prototypes -Wstrict-prototypes -Wundef -Winit-self -Wpointer-arith -Wshadow -Wsign-promo -Wno-narrowing -Wno-delete-non-virtual-dtor -Wno-unnamed-type-template-args -fdiagnostics-show-option -Wno-long-long -pthread -fomit-frame-pointer -msse -msse2 -msse3 -ffunction-sections  -g    CMakeFiles/cmTryCompileExec1242656577.dir/CheckIncludeFile.c.o  -o cmTryCompileExec1242656577 -rdynamic 
gmake[1]: Leaving directory `/root/workspace/exercise/languages/C/graph/opencv/opencv-2.4.9/build/CMakeFiles/CMakeTmp'


Determining if the include file sys/types.h exists passed with the following output:
Change Dir: /root/workspace/exercise/languages/C/graph/opencv/opencv-2.4.9/build/CMakeFiles/CMakeTmp

Run Build Command:"/usr/bin/gmake" "cmTryCompileExec458958182/fast"
/usr/bin/gmake -f CMakeFiles/cmTryCompileExec458958182.dir/build.make CMakeFiles/cmTryCompileExec458958182.dir/build
gmake[1]: Entering directory `/root/workspace/exercise/languages/C/graph/opencv/opencv-2.4.9/build/CMakeFiles/CMakeTmp'
/usr/bin/cmake -E cmake_progress_report /root/workspace/exercise/languages/C/graph/opencv/opencv-2.4.9/build/CMakeFiles/CMakeTmp/CMakeFiles 1
Building C object CMakeFiles/cmTryCompileExec458958182.dir/CheckIncludeFile.c.o
/usr/bin/cc   -fsigned-char -W -Wall -Werror=return-type -Werror=address -Werror=sequence-point -Wformat -Werror=format-security -Wmissing-declarations -Wmissing-prototypes -Wstrict-prototypes -Wundef -Winit-self -Wpointer-arith -Wshadow -Wsign-promo -Wno-narrowing -Wno-delete-non-virtual-dtor -Wno-unnamed-type-template-args -fdiagnostics-show-option -Wno-long-long -pthread -fomit-frame-pointer -msse -msse2 -msse3 -ffunction-sections  -g   -o CMakeFiles/cmTryCompileExec458958182.dir/CheckIncludeFile.c.o   -c /root/workspace/exercise/languages/C/graph/opencv/opencv-2.4.9/build/CMakeFiles/CMakeTmp/CheckIncludeFile.c
cc1: 警告：命令行选项“-Wsign-promo”对 C++/ObjC++ 是有效的，但对 C 无效
cc1: 警告：无法识别的命令行选项“-Wno-unnamed-type-template-args”
cc1: 警告：无法识别的命令行选项“-Wno-delete-non-virtual-dtor”
cc1: 警告：无法识别的命令行选项“-Wno-narrowing”
Linking C executable cmTryCompileExec458958182
/usr/bin/cmake -E cmake_link_script CMakeFiles/cmTryCompileExec458958182.dir/link.txt --verbose=1
/usr/bin/cc     -fsigned-char -W -Wall -Werror=return-type -Werror=address -Werror=sequence-point -Wformat -Werror=format-security -Wmissing-declarations -Wmissing-prototypes -Wstrict-prototypes -Wundef -Winit-self -Wpointer-arith -Wshadow -Wsign-promo -Wno-narrowing -Wno-delete-non-virtual-dtor -Wno-unnamed-type-template-args -fdiagnostics-show-option -Wno-long-long -pthread -fomit-frame-pointer -msse -msse2 -msse3 -ffunction-sections  -g    CMakeFiles/cmTryCompileExec458958182.dir/CheckIncludeFile.c.o  -o cmTryCompileExec458958182 -rdynamic 
gmake[1]: Leaving directory `/root/workspace/exercise/languages/C/graph/opencv/opencv-2.4.9/build/CMakeFiles/CMakeTmp'


Determining if the include file stdint.h exists passed with the following output:
Change Dir: /root/workspace/exercise/languages/C/graph/opencv/opencv-2.4.9/build/CMakeFiles/CMakeTmp

Run Build Command:"/usr/bin/gmake" "cmTryCompileExec3212265498/fast"
/usr/bin/gmake -f CMakeFiles/cmTryCompileExec3212265498.dir/build.make CMakeFiles/cmTryCompileExec3212265498.dir/build
gmake[1]: Entering directory `/root/workspace/exercise/languages/C/graph/opencv/opencv-2.4.9/build/CMakeFiles/CMakeTmp'
/usr/bin/cmake -E cmake_progress_report /root/workspace/exercise/languages/C/graph/opencv/opencv-2.4.9/build/CMakeFiles/CMakeTmp/CMakeFiles 1
Building C object CMakeFiles/cmTryCompileExec3212265498.dir/CheckIncludeFile.c.o
/usr/bin/cc   -fsigned-char -W -Wall -Werror=return-type -Werror=address -Werror=sequence-point -Wformat -Werror=format-security -Wmissing-declarations -Wmissing-prototypes -Wstrict-prototypes -Wundef -Winit-self -Wpointer-arith -Wshadow -Wsign-promo -Wno-narrowing -Wno-delete-non-virtual-dtor -Wno-unnamed-type-template-args -fdiagnostics-show-option -Wno-long-long -pthread -fomit-frame-pointer -msse -msse2 -msse3 -ffunction-sections  -g   -o CMakeFiles/cmTryCompileExec3212265498.dir/CheckIncludeFile.c.o   -c /root/workspace/exercise/languages/C/graph/opencv/opencv-2.4.9/build/CMakeFiles/CMakeTmp/CheckIncludeFile.c
cc1: 警告：命令行选项“-Wsign-promo”对 C++/ObjC++ 是有效的，但对 C 无效
cc1: 警告：无法识别的命令行选项“-Wno-unnamed-type-template-args”
cc1: 警告：无法识别的命令行选项“-Wno-delete-non-virtual-dtor”
cc1: 警告：无法识别的命令行选项“-Wno-narrowing”
Linking C executable cmTryCompileExec3212265498
/usr/bin/cmake -E cmake_link_script CMakeFiles/cmTryCompileExec3212265498.dir/link.txt --verbose=1
/usr/bin/cc     -fsigned-char -W -Wall -Werror=return-type -Werror=address -Werror=sequence-point -Wformat -Werror=format-security -Wmissing-declarations -Wmissing-prototypes -Wstrict-prototypes -Wundef -Winit-self -Wpointer-arith -Wshadow -Wsign-promo -Wno-narrowing -Wno-delete-non-virtual-dtor -Wno-unnamed-type-template-args -fdiagnostics-show-option -Wno-long-long -pthread -fomit-frame-pointer -msse -msse2 -msse3 -ffunction-sections  -g    CMakeFiles/cmTryCompileExec3212265498.dir/CheckIncludeFile.c.o  -o cmTryCompileExec3212265498 -rdynamic 
gmake[1]: Leaving directory `/root/workspace/exercise/languages/C/graph/opencv/opencv-2.4.9/build/CMakeFiles/CMakeTmp'


Determining if the include file stddef.h exists passed with the following output:
Change Dir: /root/workspace/exercise/languages/C/graph/opencv/opencv-2.4.9/build/CMakeFiles/CMakeTmp

Run Build Command:"/usr/bin/gmake" "cmTryCompileExec351998216/fast"
/usr/bin/gmake -f CMakeFiles/cmTryCompileExec351998216.dir/build.make CMakeFiles/cmTryCompileExec351998216.dir/build
gmake[1]: Entering directory `/root/workspace/exercise/languages/C/graph/opencv/opencv-2.4.9/build/CMakeFiles/CMakeTmp'
/usr/bin/cmake -E cmake_progress_report /root/workspace/exercise/languages/C/graph/opencv/opencv-2.4.9/build/CMakeFiles/CMakeTmp/CMakeFiles 1
Building C object CMakeFiles/cmTryCompileExec351998216.dir/CheckIncludeFile.c.o
/usr/bin/cc   -fsigned-char -W -Wall -Werror=return-type -Werror=address -Werror=sequence-point -Wformat -Werror=format-security -Wmissing-declarations -Wmissing-prototypes -Wstrict-prototypes -Wundef -Winit-self -Wpointer-arith -Wshadow -Wsign-promo -Wno-narrowing -Wno-delete-non-virtual-dtor -Wno-unnamed-type-template-args -fdiagnostics-show-option -Wno-long-long -pthread -fomit-frame-pointer -msse -msse2 -msse3 -ffunction-sections  -g   -o CMakeFiles/cmTryCompileExec351998216.dir/CheckIncludeFile.c.o   -c /root/workspace/exercise/languages/C/graph/opencv/opencv-2.4.9/build/CMakeFiles/CMakeTmp/CheckIncludeFile.c
cc1: 警告：命令行选项“-Wsign-promo”对 C++/ObjC++ 是有效的，但对 C 无效
cc1: 警告：无法识别的命令行选项“-Wno-unnamed-type-template-args”
cc1: 警告：无法识别的命令行选项“-Wno-delete-non-virtual-dtor”
cc1: 警告：无法识别的命令行选项“-Wno-narrowing”
Linking C executable cmTryCompileExec351998216
/usr/bin/cmake -E cmake_link_script CMakeFiles/cmTryCompileExec351998216.dir/link.txt --verbose=1
/usr/bin/cc     -fsigned-char -W -Wall -Werror=return-type -Werror=address -Werror=sequence-point -Wformat -Werror=format-security -Wmissing-declarations -Wmissing-prototypes -Wstrict-prototypes -Wundef -Winit-self -Wpointer-arith -Wshadow -Wsign-promo -Wno-narrowing -Wno-delete-non-virtual-dtor -Wno-unnamed-type-template-args -fdiagnostics-show-option -Wno-long-long -pthread -fomit-frame-pointer -msse -msse2 -msse3 -ffunction-sections  -g    CMakeFiles/cmTryCompileExec351998216.dir/CheckIncludeFile.c.o  -o cmTryCompileExec351998216 -rdynamic 
gmake[1]: Leaving directory `/root/workspace/exercise/languages/C/graph/opencv/opencv-2.4.9/build/CMakeFiles/CMakeTmp'


Determining size of unsigned short passed with the following output:
Change Dir: /root/workspace/exercise/languages/C/graph/opencv/opencv-2.4.9/build/CMakeFiles/CMakeTmp

Run Build Command:"/usr/bin/gmake" "cmTryCompileExec4286427046/fast"
/usr/bin/gmake -f CMakeFiles/cmTryCompileExec4286427046.dir/build.make CMakeFiles/cmTryCompileExec4286427046.dir/build
gmake[1]: Entering directory `/root/workspace/exercise/languages/C/graph/opencv/opencv-2.4.9/build/CMakeFiles/CMakeTmp'
/usr/bin/cmake -E cmake_progress_report /root/workspace/exercise/languages/C/graph/opencv/opencv-2.4.9/build/CMakeFiles/CMakeTmp/CMakeFiles 1
Building C object CMakeFiles/cmTryCompileExec4286427046.dir/CMAKE_SIZEOF_UNSIGNED_SHORT.c.o
/usr/bin/cc   -fsigned-char -W -Wall -Werror=return-type -Werror=address -Werror=sequence-point -Wformat -Werror=format-security -Wmissing-declarations -Wmissing-prototypes -Wstrict-prototypes -Wundef -Winit-self -Wpointer-arith -Wshadow -Wsign-promo -Wno-narrowing -Wno-delete-non-virtual-dtor -Wno-unnamed-type-template-args -fdiagnostics-show-option -Wno-long-long -pthread -fomit-frame-pointer -msse -msse2 -msse3 -ffunction-sections  -g   -o CMakeFiles/cmTryCompileExec4286427046.dir/CMAKE_SIZEOF_UNSIGNED_SHORT.c.o   -c /root/workspace/exercise/languages/C/graph/opencv/opencv-2.4.9/build/CMakeFiles/CheckTypeSize/CMAKE_SIZEOF_UNSIGNED_SHORT.c
cc1: 警告：命令行选项“-Wsign-promo”对 C++/ObjC++ 是有效的，但对 C 无效
cc1: 警告：无法识别的命令行选项“-Wno-unnamed-type-template-args”
cc1: 警告：无法识别的命令行选项“-Wno-delete-non-virtual-dtor”
cc1: 警告：无法识别的命令行选项“-Wno-narrowing”
Linking C executable cmTryCompileExec4286427046
/usr/bin/cmake -E cmake_link_script CMakeFiles/cmTryCompileExec4286427046.dir/link.txt --verbose=1
/usr/bin/cc     -fsigned-char -W -Wall -Werror=return-type -Werror=address -Werror=sequence-point -Wformat -Werror=format-security -Wmissing-declarations -Wmissing-prototypes -Wstrict-prototypes -Wundef -Winit-self -Wpointer-arith -Wshadow -Wsign-promo -Wno-narrowing -Wno-delete-non-virtual-dtor -Wno-unnamed-type-template-args -fdiagnostics-show-option -Wno-long-long -pthread -fomit-frame-pointer -msse -msse2 -msse3 -ffunction-sections  -g    CMakeFiles/cmTryCompileExec4286427046.dir/CMAKE_SIZEOF_UNSIGNED_SHORT.c.o  -o cmTryCompileExec4286427046 -rdynamic 
gmake[1]: Leaving directory `/root/workspace/exercise/languages/C/graph/opencv/opencv-2.4.9/build/CMakeFiles/CMakeTmp'


Determining if the include file assert.h exists passed with the following output:
Change Dir: /root/workspace/exercise/languages/C/graph/opencv/opencv-2.4.9/build/CMakeFiles/CMakeTmp

Run Build Command:"/usr/bin/gmake" "cmTryCompileExec3813609698/fast"
/usr/bin/gmake -f CMakeFiles/cmTryCompileExec3813609698.dir/build.make CMakeFiles/cmTryCompileExec3813609698.dir/build
gmake[1]: Entering directory `/root/workspace/exercise/languages/C/graph/opencv/opencv-2.4.9/build/CMakeFiles/CMakeTmp'
/usr/bin/cmake -E cmake_progress_report /root/workspace/exercise/languages/C/graph/opencv/opencv-2.4.9/build/CMakeFiles/CMakeTmp/CMakeFiles 1
Building C object CMakeFiles/cmTryCompileExec3813609698.dir/CheckIncludeFile.c.o
/usr/bin/cc   -fsigned-char -W -Wall -Werror=return-type -Werror=address -Werror=sequence-point -Wformat -Werror=format-security -Wmissing-declarations -Wmissing-prototypes -Wstrict-prototypes -Wundef -Winit-self -Wpointer-arith -Wshadow -Wsign-promo -Wno-narrowing -Wno-delete-non-virtual-dtor -Wno-unnamed-type-template-args -fdiagnostics-show-option -Wno-long-long -pthread -fomit-frame-pointer -msse -msse2 -msse3 -ffunction-sections  -g   -o CMakeFiles/cmTryCompileExec3813609698.dir/CheckIncludeFile.c.o   -c /root/workspace/exercise/languages/C/graph/opencv/opencv-2.4.9/build/CMakeFiles/CMakeTmp/CheckIncludeFile.c
cc1: 警告：命令行选项“-Wsign-promo”对 C++/ObjC++ 是有效的，但对 C 无效
cc1: 警告：无法识别的命令行选项“-Wno-unnamed-type-template-args”
cc1: 警告：无法识别的命令行选项“-Wno-delete-non-virtual-dtor”
cc1: 警告：无法识别的命令行选项“-Wno-narrowing”
Linking C executable cmTryCompileExec3813609698
/usr/bin/cmake -E cmake_link_script CMakeFiles/cmTryCompileExec3813609698.dir/link.txt --verbose=1
/usr/bin/cc     -fsigned-char -W -Wall -Werror=return-type -Werror=address -Werror=sequence-point -Wformat -Werror=format-security -Wmissing-declarations -Wmissing-prototypes -Wstrict-prototypes -Wundef -Winit-self -Wpointer-arith -Wshadow -Wsign-promo -Wno-narrowing -Wno-delete-non-virtual-dtor -Wno-unnamed-type-template-args -fdiagnostics-show-option -Wno-long-long -pthread -fomit-frame-pointer -msse -msse2 -msse3 -ffunction-sections  -g    CMakeFiles/cmTryCompileExec3813609698.dir/CheckIncludeFile.c.o  -o cmTryCompileExec3813609698 -rdynamic 
gmake[1]: Leaving directory `/root/workspace/exercise/languages/C/graph/opencv/opencv-2.4.9/build/CMakeFiles/CMakeTmp'


Determining if the include file fcntl.h exists passed with the following output:
Change Dir: /root/workspace/exercise/languages/C/graph/opencv/opencv-2.4.9/build/CMakeFiles/CMakeTmp

Run Build Command:"/usr/bin/gmake" "cmTryCompileExec2972459261/fast"
/usr/bin/gmake -f CMakeFiles/cmTryCompileExec2972459261.dir/build.make CMakeFiles/cmTryCompileExec2972459261.dir/build
gmake[1]: Entering directory `/root/workspace/exercise/languages/C/graph/opencv/opencv-2.4.9/build/CMakeFiles/CMakeTmp'
/usr/bin/cmake -E cmake_progress_report /root/workspace/exercise/languages/C/graph/opencv/opencv-2.4.9/build/CMakeFiles/CMakeTmp/CMakeFiles 1
Building C object CMakeFiles/cmTryCompileExec2972459261.dir/CheckIncludeFile.c.o
/usr/bin/cc   -fsigned-char -W -Wall -Werror=return-type -Werror=address -Werror=sequence-point -Wformat -Werror=format-security -Wmissing-declarations -Wmissing-prototypes -Wstrict-prototypes -Wundef -Winit-self -Wpointer-arith -Wshadow -Wsign-promo -Wno-narrowing -Wno-delete-non-virtual-dtor -Wno-unnamed-type-template-args -fdiagnostics-show-option -Wno-long-long -pthread -fomit-frame-pointer -msse -msse2 -msse3 -ffunction-sections  -g   -o CMakeFiles/cmTryCompileExec2972459261.dir/CheckIncludeFile.c.o   -c /root/workspace/exercise/languages/C/graph/opencv/opencv-2.4.9/build/CMakeFiles/CMakeTmp/CheckIncludeFile.c
cc1: 警告：命令行选项“-Wsign-promo”对 C++/ObjC++ 是有效的，但对 C 无效
cc1: 警告：无法识别的命令行选项“-Wno-unnamed-type-template-args”
cc1: 警告：无法识别的命令行选项“-Wno-delete-non-virtual-dtor”
cc1: 警告：无法识别的命令行选项“-Wno-narrowing”
Linking C executable cmTryCompileExec2972459261
/usr/bin/cmake -E cmake_link_script CMakeFiles/cmTryCompileExec2972459261.dir/link.txt --verbose=1
/usr/bin/cc     -fsigned-char -W -Wall -Werror=return-type -Werror=address -Werror=sequence-point -Wformat -Werror=format-security -Wmissing-declarations -Wmissing-prototypes -Wstrict-prototypes -Wundef -Winit-self -Wpointer-arith -Wshadow -Wsign-promo -Wno-narrowing -Wno-delete-non-virtual-dtor -Wno-unnamed-type-template-args -fdiagnostics-show-option -Wno-long-long -pthread -fomit-frame-pointer -msse -msse2 -msse3 -ffunction-sections  -g    CMakeFiles/cmTryCompileExec2972459261.dir/CheckIncludeFile.c.o  -o cmTryCompileExec2972459261 -rdynamic 
gmake[1]: Leaving directory `/root/workspace/exercise/languages/C/graph/opencv/opencv-2.4.9/build/CMakeFiles/CMakeTmp'


Determining if the function mmap exists passed with the following output:
Change Dir: /root/workspace/exercise/languages/C/graph/opencv/opencv-2.4.9/build/CMakeFiles/CMakeTmp

Run Build Command:"/usr/bin/gmake" "cmTryCompileExec3501659377/fast"
/usr/bin/gmake -f CMakeFiles/cmTryCompileExec3501659377.dir/build.make CMakeFiles/cmTryCompileExec3501659377.dir/build
gmake[1]: Entering directory `/root/workspace/exercise/languages/C/graph/opencv/opencv-2.4.9/build/CMakeFiles/CMakeTmp'
/usr/bin/cmake -E cmake_progress_report /root/workspace/exercise/languages/C/graph/opencv/opencv-2.4.9/build/CMakeFiles/CMakeTmp/CMakeFiles 1
Building C object CMakeFiles/cmTryCompileExec3501659377.dir/CheckFunctionExists.c.o
/usr/bin/cc   -fsigned-char -W -Wall -Werror=return-type -Werror=address -Werror=sequence-point -Wformat -Werror=format-security -Wmissing-declarations -Wmissing-prototypes -Wstrict-prototypes -Wundef -Winit-self -Wpointer-arith -Wshadow -Wsign-promo -Wno-narrowing -Wno-delete-non-virtual-dtor -Wno-unnamed-type-template-args -fdiagnostics-show-option -Wno-long-long -pthread -fomit-frame-pointer -msse -msse2 -msse3 -ffunction-sections -DCHECK_FUNCTION_EXISTS=mmap -g   -o CMakeFiles/cmTryCompileExec3501659377.dir/CheckFunctionExists.c.o   -c /usr/share/cmake/Modules/CheckFunctionExists.c
cc1: 警告：命令行选项“-Wsign-promo”对 C++/ObjC++ 是有效的，但对 C 无效
/usr/share/cmake/Modules/CheckFunctionExists.c:3: 警告：函数声明不是一个原型 [-Wstrict-prototypes]
cc1: 警告：无法识别的命令行选项“-Wno-unnamed-type-template-args”
cc1: 警告：无法识别的命令行选项“-Wno-delete-non-virtual-dtor”
cc1: 警告：无法识别的命令行选项“-Wno-narrowing”
Linking C executable cmTryCompileExec3501659377
/usr/bin/cmake -E cmake_link_script CMakeFiles/cmTryCompileExec3501659377.dir/link.txt --verbose=1
/usr/bin/cc     -fsigned-char -W -Wall -Werror=return-type -Werror=address -Werror=sequence-point -Wformat -Werror=format-security -Wmissing-declarations -Wmissing-prototypes -Wstrict-prototypes -Wundef -Winit-self -Wpointer-arith -Wshadow -Wsign-promo -Wno-narrowing -Wno-delete-non-virtual-dtor -Wno-unnamed-type-template-args -fdiagnostics-show-option -Wno-long-long -pthread -fomit-frame-pointer -msse -msse2 -msse3 -ffunction-sections -DCHECK_FUNCTION_EXISTS=mmap -g    CMakeFiles/cmTryCompileExec3501659377.dir/CheckFunctionExists.c.o  -o cmTryCompileExec3501659377 -rdynamic 
gmake[1]: Leaving directory `/root/workspace/exercise/languages/C/graph/opencv/opencv-2.4.9/build/CMakeFiles/CMakeTmp'


Determining if the include file search.h exists passed with the following output:
Change Dir: /root/workspace/exercise/languages/C/graph/opencv/opencv-2.4.9/build/CMakeFiles/CMakeTmp

Run Build Command:"/usr/bin/gmake" "cmTryCompileExec123700387/fast"
/usr/bin/gmake -f CMakeFiles/cmTryCompileExec123700387.dir/build.make CMakeFiles/cmTryCompileExec123700387.dir/build
gmake[1]: Entering directory `/root/workspace/exercise/languages/C/graph/opencv/opencv-2.4.9/build/CMakeFiles/CMakeTmp'
/usr/bin/cmake -E cmake_progress_report /root/workspace/exercise/languages/C/graph/opencv/opencv-2.4.9/build/CMakeFiles/CMakeTmp/CMakeFiles 1
Building C object CMakeFiles/cmTryCompileExec123700387.dir/CheckIncludeFile.c.o
/usr/bin/cc   -fsigned-char -W -Wall -Werror=return-type -Werror=address -Werror=sequence-point -Wformat -Werror=format-security -Wmissing-declarations -Wmissing-prototypes -Wstrict-prototypes -Wundef -Winit-self -Wpointer-arith -Wshadow -Wsign-promo -Wno-narrowing -Wno-delete-non-virtual-dtor -Wno-unnamed-type-template-args -fdiagnostics-show-option -Wno-long-long -pthread -fomit-frame-pointer -msse -msse2 -msse3 -ffunction-sections  -g   -o CMakeFiles/cmTryCompileExec123700387.dir/CheckIncludeFile.c.o   -c /root/workspace/exercise/languages/C/graph/opencv/opencv-2.4.9/build/CMakeFiles/CMakeTmp/CheckIncludeFile.c
cc1: 警告：命令行选项“-Wsign-promo”对 C++/ObjC++ 是有效的，但对 C 无效
cc1: 警告：无法识别的命令行选项“-Wno-unnamed-type-template-args”
cc1: 警告：无法识别的命令行选项“-Wno-delete-non-virtual-dtor”
cc1: 警告：无法识别的命令行选项“-Wno-narrowing”
Linking C executable cmTryCompileExec123700387
/usr/bin/cmake -E cmake_link_script CMakeFiles/cmTryCompileExec123700387.dir/link.txt --verbose=1
/usr/bin/cc     -fsigned-char -W -Wall -Werror=return-type -Werror=address -Werror=sequence-point -Wformat -Werror=format-security -Wmissing-declarations -Wmissing-prototypes -Wstrict-prototypes -Wundef -Winit-self -Wpointer-arith -Wshadow -Wsign-promo -Wno-narrowing -Wno-delete-non-virtual-dtor -Wno-unnamed-type-template-args -fdiagnostics-show-option -Wno-long-long -pthread -fomit-frame-pointer -msse -msse2 -msse3 -ffunction-sections  -g    CMakeFiles/cmTryCompileExec123700387.dir/CheckIncludeFile.c.o  -o cmTryCompileExec123700387 -rdynamic 
gmake[1]: Leaving directory `/root/workspace/exercise/languages/C/graph/opencv/opencv-2.4.9/build/CMakeFiles/CMakeTmp'


Determining if the include file string.h exists passed with the following output:
Change Dir: /root/workspace/exercise/languages/C/graph/opencv/opencv-2.4.9/build/CMakeFiles/CMakeTmp

Run Build Command:"/usr/bin/gmake" "cmTryCompileExec1435240110/fast"
/usr/bin/gmake -f CMakeFiles/cmTryCompileExec1435240110.dir/build.make CMakeFiles/cmTryCompileExec1435240110.dir/build
gmake[1]: Entering directory `/root/workspace/exercise/languages/C/graph/opencv/opencv-2.4.9/build/CMakeFiles/CMakeTmp'
/usr/bin/cmake -E cmake_progress_report /root/workspace/exercise/languages/C/graph/opencv/opencv-2.4.9/build/CMakeFiles/CMakeTmp/CMakeFiles 1
Building C object CMakeFiles/cmTryCompileExec1435240110.dir/CheckIncludeFile.c.o
/usr/bin/cc   -fsigned-char -W -Wall -Werror=return-type -Werror=address -Werror=sequence-point -Wformat -Werror=format-security -Wmissing-declarations -Wmissing-prototypes -Wstrict-prototypes -Wundef -Winit-self -Wpointer-arith -Wshadow -Wsign-promo -Wno-narrowing -Wno-delete-non-virtual-dtor -Wno-unnamed-type-template-args -fdiagnostics-show-option -Wno-long-long -pthread -fomit-frame-pointer -msse -msse2 -msse3 -ffunction-sections  -g   -o CMakeFiles/cmTryCompileExec1435240110.dir/CheckIncludeFile.c.o   -c /root/workspace/exercise/languages/C/graph/opencv/opencv-2.4.9/build/CMakeFiles/CMakeTmp/CheckIncludeFile.c
cc1: 警告：命令行选项“-Wsign-promo”对 C++/ObjC++ 是有效的，但对 C 无效
cc1: 警告：无法识别的命令行选项“-Wno-unnamed-type-template-args”
cc1: 警告：无法识别的命令行选项“-Wno-delete-non-virtual-dtor”
cc1: 警告：无法识别的命令行选项“-Wno-narrowing”
Linking C executable cmTryCompileExec1435240110
/usr/bin/cmake -E cmake_link_script CMakeFiles/cmTryCompileExec1435240110.dir/link.txt --verbose=1
/usr/bin/cc     -fsigned-char -W -Wall -Werror=return-type -Werror=address -Werror=sequence-point -Wformat -Werror=format-security -Wmissing-declarations -Wmissing-prototypes -Wstrict-prototypes -Wundef -Winit-self -Wpointer-arith -Wshadow -Wsign-promo -Wno-narrowing -Wno-delete-non-virtual-dtor -Wno-unnamed-type-template-args -fdiagnostics-show-option -Wno-long-long -pthread -fomit-frame-pointer -msse -msse2 -msse3 -ffunction-sections  -g    CMakeFiles/cmTryCompileExec1435240110.dir/CheckIncludeFile.c.o  -o cmTryCompileExec1435240110 -rdynamic 
gmake[1]: Leaving directory `/root/workspace/exercise/languages/C/graph/opencv/opencv-2.4.9/build/CMakeFiles/CMakeTmp'


Determining if the include file unistd.h exists passed with the following output:
Change Dir: /root/workspace/exercise/languages/C/graph/opencv/opencv-2.4.9/build/CMakeFiles/CMakeTmp

Run Build Command:"/usr/bin/gmake" "cmTryCompileExec1376386140/fast"
/usr/bin/gmake -f CMakeFiles/cmTryCompileExec1376386140.dir/build.make CMakeFiles/cmTryCompileExec1376386140.dir/build
gmake[1]: Entering directory `/root/workspace/exercise/languages/C/graph/opencv/opencv-2.4.9/build/CMakeFiles/CMakeTmp'
/usr/bin/cmake -E cmake_progress_report /root/workspace/exercise/languages/C/graph/opencv/opencv-2.4.9/build/CMakeFiles/CMakeTmp/CMakeFiles 1
Building C object CMakeFiles/cmTryCompileExec1376386140.dir/CheckIncludeFile.c.o
/usr/bin/cc   -fsigned-char -W -Wall -Werror=return-type -Werror=address -Werror=sequence-point -Wformat -Werror=format-security -Wmissing-declarations -Wmissing-prototypes -Wstrict-prototypes -Wundef -Winit-self -Wpointer-arith -Wshadow -Wsign-promo -Wno-narrowing -Wno-delete-non-virtual-dtor -Wno-unnamed-type-template-args -fdiagnostics-show-option -Wno-long-long -pthread -fomit-frame-pointer -msse -msse2 -msse3 -ffunction-sections  -g   -o CMakeFiles/cmTryCompileExec1376386140.dir/CheckIncludeFile.c.o   -c /root/workspace/exercise/languages/C/graph/opencv/opencv-2.4.9/build/CMakeFiles/CMakeTmp/CheckIncludeFile.c
cc1: 警告：命令行选项“-Wsign-promo”对 C++/ObjC++ 是有效的，但对 C 无效
cc1: 警告：无法识别的命令行选项“-Wno-unnamed-type-template-args”
cc1: 警告：无法识别的命令行选项“-Wno-delete-non-virtual-dtor”
cc1: 警告：无法识别的命令行选项“-Wno-narrowing”
Linking C executable cmTryCompileExec1376386140
/usr/bin/cmake -E cmake_link_script CMakeFiles/cmTryCompileExec1376386140.dir/link.txt --verbose=1
/usr/bin/cc     -fsigned-char -W -Wall -Werror=return-type -Werror=address -Werror=sequence-point -Wformat -Werror=format-security -Wmissing-declarations -Wmissing-prototypes -Wstrict-prototypes -Wundef -Winit-self -Wpointer-arith -Wshadow -Wsign-promo -Wno-narrowing -Wno-delete-non-virtual-dtor -Wno-unnamed-type-template-args -fdiagnostics-show-option -Wno-long-long -pthread -fomit-frame-pointer -msse -msse2 -msse3 -ffunction-sections  -g    CMakeFiles/cmTryCompileExec1376386140.dir/CheckIncludeFile.c.o  -o cmTryCompileExec1376386140 -rdynamic 
gmake[1]: Leaving directory `/root/workspace/exercise/languages/C/graph/opencv/opencv-2.4.9/build/CMakeFiles/CMakeTmp'


Determining if the include file semaphore.h exists passed with the following output:
Change Dir: /root/workspace/exercise/languages/C/graph/opencv/opencv-2.4.9/build/CMakeFiles/CMakeTmp

Run Build Command:"/usr/bin/gmake" "cmTryCompileExec1102298894/fast"
/usr/bin/gmake -f CMakeFiles/cmTryCompileExec1102298894.dir/build.make CMakeFiles/cmTryCompileExec1102298894.dir/build
gmake[1]: Entering directory `/root/workspace/exercise/languages/C/graph/opencv/opencv-2.4.9/build/CMakeFiles/CMakeTmp'
/usr/bin/cmake -E cmake_progress_report /root/workspace/exercise/languages/C/graph/opencv/opencv-2.4.9/build/CMakeFiles/CMakeTmp/CMakeFiles 1
Building C object CMakeFiles/cmTryCompileExec1102298894.dir/CheckIncludeFile.c.o
/usr/bin/cc   -fsigned-char -W -Wall -Werror=return-type -Werror=address -Werror=sequence-point -Wformat -Werror=format-security -Wmissing-declarations -Wmissing-prototypes -Wstrict-prototypes -Wundef -Winit-self -Wpointer-arith -Wshadow -Wsign-promo -Wno-narrowing -Wno-delete-non-virtual-dtor -Wno-unnamed-type-template-args -fdiagnostics-show-option -Wno-long-long -pthread -fomit-frame-pointer -msse -msse2 -msse3 -ffunction-sections  -g   -o CMakeFiles/cmTryCompileExec1102298894.dir/CheckIncludeFile.c.o   -c /root/workspace/exercise/languages/C/graph/opencv/opencv-2.4.9/build/CMakeFiles/CMakeTmp/CheckIncludeFile.c
cc1: 警告：命令行选项“-Wsign-promo”对 C++/ObjC++ 是有效的，但对 C 无效
cc1: 警告：无法识别的命令行选项“-Wno-unnamed-type-template-args”
cc1: 警告：无法识别的命令行选项“-Wno-delete-non-virtual-dtor”
cc1: 警告：无法识别的命令行选项“-Wno-narrowing”
Linking C executable cmTryCompileExec1102298894
/usr/bin/cmake -E cmake_link_script CMakeFiles/cmTryCompileExec1102298894.dir/link.txt --verbose=1
/usr/bin/cc     -fsigned-char -W -Wall -Werror=return-type -Werror=address -Werror=sequence-point -Wformat -Werror=format-security -Wmissing-declarations -Wmissing-prototypes -Wstrict-prototypes -Wundef -Winit-self -Wpointer-arith -Wshadow -Wsign-promo -Wno-narrowing -Wno-delete-non-virtual-dtor -Wno-unnamed-type-template-args -fdiagnostics-show-option -Wno-long-long -pthread -fomit-frame-pointer -msse -msse2 -msse3 -ffunction-sections  -g    CMakeFiles/cmTryCompileExec1102298894.dir/CheckIncludeFile.c.o  -o cmTryCompileExec1102298894 -rdynamic 
gmake[1]: Leaving directory `/root/workspace/exercise/languages/C/graph/opencv/opencv-2.4.9/build/CMakeFiles/CMakeTmp'


Determining if the include file linux/videodev.h exists passed with the following output:
Change Dir: /root/workspace/exercise/languages/C/graph/opencv/opencv-2.4.9/build/CMakeFiles/CMakeTmp

Run Build Command:"/usr/bin/gmake" "cmTryCompileExec3332146779/fast"
/usr/bin/gmake -f CMakeFiles/cmTryCompileExec3332146779.dir/build.make CMakeFiles/cmTryCompileExec3332146779.dir/build
gmake[1]: Entering directory `/root/workspace/exercise/languages/C/graph/opencv/opencv-2.4.9/build/CMakeFiles/CMakeTmp'
/usr/bin/cmake -E cmake_progress_report /root/workspace/exercise/languages/C/graph/opencv/opencv-2.4.9/build/CMakeFiles/CMakeTmp/CMakeFiles 1
Building C object CMakeFiles/cmTryCompileExec3332146779.dir/CheckIncludeFile.c.o
/usr/bin/cc   -fsigned-char -W -Wall -Werror=return-type -Werror=address -Werror=sequence-point -Wformat -Werror=format-security -Wmissing-declarations -Wmissing-prototypes -Wstrict-prototypes -Wundef -Winit-self -Wpointer-arith -Wshadow -Wsign-promo -Wno-narrowing -Wno-delete-non-virtual-dtor -Wno-unnamed-type-template-args -fdiagnostics-show-option -Wno-long-long -pthread -fomit-frame-pointer -msse -msse2 -msse3 -ffunction-sections  -g   -o CMakeFiles/cmTryCompileExec3332146779.dir/CheckIncludeFile.c.o   -c /root/workspace/exercise/languages/C/graph/opencv/opencv-2.4.9/build/CMakeFiles/CMakeTmp/CheckIncludeFile.c
cc1: 警告：命令行选项“-Wsign-promo”对 C++/ObjC++ 是有效的，但对 C 无效
cc1: 警告：无法识别的命令行选项“-Wno-unnamed-type-template-args”
cc1: 警告：无法识别的命令行选项“-Wno-delete-non-virtual-dtor”
cc1: 警告：无法识别的命令行选项“-Wno-narrowing”
Linking C executable cmTryCompileExec3332146779
/usr/bin/cmake -E cmake_link_script CMakeFiles/cmTryCompileExec3332146779.dir/link.txt --verbose=1
/usr/bin/cc     -fsigned-char -W -Wall -Werror=return-type -Werror=address -Werror=sequence-point -Wformat -Werror=format-security -Wmissing-declarations -Wmissing-prototypes -Wstrict-prototypes -Wundef -Winit-self -Wpointer-arith -Wshadow -Wsign-promo -Wno-narrowing -Wno-delete-non-virtual-dtor -Wno-unnamed-type-template-args -fdiagnostics-show-option -Wno-long-long -pthread -fomit-frame-pointer -msse -msse2 -msse3 -ffunction-sections  -g    CMakeFiles/cmTryCompileExec3332146779.dir/CheckIncludeFile.c.o  -o cmTryCompileExec3332146779 -rdynamic 
gmake[1]: Leaving directory `/root/workspace/exercise/languages/C/graph/opencv/opencv-2.4.9/build/CMakeFiles/CMakeTmp'


Determining if the include file linux/videodev2.h exists passed with the following output:
Change Dir: /root/workspace/exercise/languages/C/graph/opencv/opencv-2.4.9/build/CMakeFiles/CMakeTmp

Run Build Command:"/usr/bin/gmake" "cmTryCompileExec3694274698/fast"
/usr/bin/gmake -f CMakeFiles/cmTryCompileExec3694274698.dir/build.make CMakeFiles/cmTryCompileExec3694274698.dir/build
gmake[1]: Entering directory `/root/workspace/exercise/languages/C/graph/opencv/opencv-2.4.9/build/CMakeFiles/CMakeTmp'
/usr/bin/cmake -E cmake_progress_report /root/workspace/exercise/languages/C/graph/opencv/opencv-2.4.9/build/CMakeFiles/CMakeTmp/CMakeFiles 1
Building C object CMakeFiles/cmTryCompileExec3694274698.dir/CheckIncludeFile.c.o
/usr/bin/cc   -fsigned-char -W -Wall -Werror=return-type -Werror=address -Werror=sequence-point -Wformat -Werror=format-security -Wmissing-declarations -Wmissing-prototypes -Wstrict-prototypes -Wundef -Winit-self -Wpointer-arith -Wshadow -Wsign-promo -Wno-narrowing -Wno-delete-non-virtual-dtor -Wno-unnamed-type-template-args -fdiagnostics-show-option -Wno-long-long -pthread -fomit-frame-pointer -msse -msse2 -msse3 -ffunction-sections  -g   -o CMakeFiles/cmTryCompileExec3694274698.dir/CheckIncludeFile.c.o   -c /root/workspace/exercise/languages/C/graph/opencv/opencv-2.4.9/build/CMakeFiles/CMakeTmp/CheckIncludeFile.c
cc1: 警告：命令行选项“-Wsign-promo”对 C++/ObjC++ 是有效的，但对 C 无效
cc1: 警告：无法识别的命令行选项“-Wno-unnamed-type-template-args”
cc1: 警告：无法识别的命令行选项“-Wno-delete-non-virtual-dtor”
cc1: 警告：无法识别的命令行选项“-Wno-narrowing”
Linking C executable cmTryCompileExec3694274698
/usr/bin/cmake -E cmake_link_script CMakeFiles/cmTryCompileExec3694274698.dir/link.txt --verbose=1
/usr/bin/cc     -fsigned-char -W -Wall -Werror=return-type -Werror=address -Werror=sequence-point -Wformat -Werror=format-security -Wmissing-declarations -Wmissing-prototypes -Wstrict-prototypes -Wundef -Winit-self -Wpointer-arith -Wshadow -Wsign-promo -Wno-narrowing -Wno-delete-non-virtual-dtor -Wno-unnamed-type-template-args -fdiagnostics-show-option -Wno-long-long -pthread -fomit-frame-pointer -msse -msse2 -msse3 -ffunction-sections  -g    CMakeFiles/cmTryCompileExec3694274698.dir/CheckIncludeFile.c.o  -o cmTryCompileExec3694274698 -rdynamic 
gmake[1]: Leaving directory `/root/workspace/exercise/languages/C/graph/opencv/opencv-2.4.9/build/CMakeFiles/CMakeTmp'


Determining if the include file linux/videodev.h exists passed with the following output:
Change Dir: /root/workspace/exercise/languages/C/graph/opencv/opencv-2.4.9/build/CMakeFiles/CMakeTmp

Run Build Command:"/usr/bin/gmake" "cmTryCompileExec723130963/fast"
/usr/bin/gmake -f CMakeFiles/cmTryCompileExec723130963.dir/build.make CMakeFiles/cmTryCompileExec723130963.dir/build
gmake[1]: Entering directory `/root/workspace/exercise/languages/C/graph/opencv/opencv-2.4.9/build/CMakeFiles/CMakeTmp'
/usr/bin/cmake -E cmake_progress_report /root/workspace/exercise/languages/C/graph/opencv/opencv-2.4.9/build/CMakeFiles/CMakeTmp/CMakeFiles 1
Building C object CMakeFiles/cmTryCompileExec723130963.dir/CheckIncludeFile.c.o
/usr/bin/cc   -fsigned-char -W -Wall -Werror=return-type -Werror=address -Werror=sequence-point -Wformat -Werror=format-security -Wmissing-declarations -Wmissing-prototypes -Wstrict-prototypes -Wundef -Winit-self -Wpointer-arith -Wshadow -Wsign-promo -Wno-narrowing -Wno-delete-non-virtual-dtor -Wno-unnamed-type-template-args -fdiagnostics-show-option -Wno-long-long -pthread -fomit-frame-pointer -msse -msse2 -msse3 -ffunction-sections  -g   -o CMakeFiles/cmTryCompileExec723130963.dir/CheckIncludeFile.c.o   -c /root/workspace/exercise/languages/C/graph/opencv/opencv-2.4.9/build/CMakeFiles/CMakeTmp/CheckIncludeFile.c
cc1: 警告：命令行选项“-Wsign-promo”对 C++/ObjC++ 是有效的，但对 C 无效
cc1: 警告：无法识别的命令行选项“-Wno-unnamed-type-template-args”
cc1: 警告：无法识别的命令行选项“-Wno-delete-non-virtual-dtor”
cc1: 警告：无法识别的命令行选项“-Wno-narrowing”
Linking C executable cmTryCompileExec723130963
/usr/bin/cmake -E cmake_link_script CMakeFiles/cmTryCompileExec723130963.dir/link.txt --verbose=1
/usr/bin/cc     -fsigned-char -W -Wall -Werror=return-type -Werror=address -Werror=sequence-point -Wformat -Werror=format-security -Wmissing-declarations -Wmissing-prototypes -Wstrict-prototypes -Wundef -Winit-self -Wpointer-arith -Wshadow -Wsign-promo -Wno-narrowing -Wno-delete-non-virtual-dtor -Wno-unnamed-type-template-args -fdiagnostics-show-option -Wno-long-long -pthread -fomit-frame-pointer -msse -msse2 -msse3 -ffunction-sections  -g    CMakeFiles/cmTryCompileExec723130963.dir/CheckIncludeFile.c.o  -o cmTryCompileExec723130963 -rdynamic 
gmake[1]: Leaving directory `/root/workspace/exercise/languages/C/graph/opencv/opencv-2.4.9/build/CMakeFiles/CMakeTmp'


Determining if the include file linux/videodev2.h exists passed with the following output:
Change Dir: /root/workspace/exercise/languages/C/graph/opencv/opencv-2.4.9/build/CMakeFiles/CMakeTmp

Run Build Command:"/usr/bin/gmake" "cmTryCompileExec763391761/fast"
/usr/bin/gmake -f CMakeFiles/cmTryCompileExec763391761.dir/build.make CMakeFiles/cmTryCompileExec763391761.dir/build
gmake[1]: Entering directory `/root/workspace/exercise/languages/C/graph/opencv/opencv-2.4.9/build/CMakeFiles/CMakeTmp'
/usr/bin/cmake -E cmake_progress_report /root/workspace/exercise/languages/C/graph/opencv/opencv-2.4.9/build/CMakeFiles/CMakeTmp/CMakeFiles 1
Building C object CMakeFiles/cmTryCompileExec763391761.dir/CheckIncludeFile.c.o
/usr/bin/cc   -fsigned-char -W -Wall -Werror=return-type -Werror=address -Werror=sequence-point -Wformat -Werror=format-security -Wmissing-declarations -Wmissing-prototypes -Wstrict-prototypes -Wundef -Winit-self -Wpointer-arith -Wshadow -Wsign-promo -Wno-narrowing -Wno-delete-non-virtual-dtor -Wno-unnamed-type-template-args -fdiagnostics-show-option -Wno-long-long -pthread -fomit-frame-pointer -msse -msse2 -msse3 -ffunction-sections  -g   -o CMakeFiles/cmTryCompileExec763391761.dir/CheckIncludeFile.c.o   -c /root/workspace/exercise/languages/C/graph/opencv/opencv-2.4.9/build/CMakeFiles/CMakeTmp/CheckIncludeFile.c
cc1: 警告：命令行选项“-Wsign-promo”对 C++/ObjC++ 是有效的，但对 C 无效
cc1: 警告：无法识别的命令行选项“-Wno-unnamed-type-template-args”
cc1: 警告：无法识别的命令行选项“-Wno-delete-non-virtual-dtor”
cc1: 警告：无法识别的命令行选项“-Wno-narrowing”
Linking C executable cmTryCompileExec763391761
/usr/bin/cmake -E cmake_link_script CMakeFiles/cmTryCompileExec763391761.dir/link.txt --verbose=1
/usr/bin/cc     -fsigned-char -W -Wall -Werror=return-type -Werror=address -Werror=sequence-point -Wformat -Werror=format-security -Wmissing-declarations -Wmissing-prototypes -Wstrict-prototypes -Wundef -Winit-self -Wpointer-arith -Wshadow -Wsign-promo -Wno-narrowing -Wno-delete-non-virtual-dtor -Wno-unnamed-type-template-args -fdiagnostics-show-option -Wno-long-long -pthread -fomit-frame-pointer -msse -msse2 -msse3 -ffunction-sections  -g    CMakeFiles/cmTryCompileExec763391761.dir/CheckIncludeFile.c.o  -o cmTryCompileExec763391761 -rdynamic 
gmake[1]: Leaving directory `/root/workspace/exercise/languages/C/graph/opencv/opencv-2.4.9/build/CMakeFiles/CMakeTmp'


